[2021-04-13 15:06:11] app.INFO: Protect vendor folder in module contactform [] []
[2021-04-13 15:06:11] app.INFO: Module contactform has no vendor folder [] []
[2021-04-13 15:06:11] app.INFO: Protect vendor folder in module dashactivity [] []
[2021-04-13 15:06:11] app.INFO: Module dashactivity has no vendor folder [] []
[2021-04-13 15:06:12] app.INFO: Protect vendor folder in module dashgoals [] []
[2021-04-13 15:06:12] app.INFO: Module dashgoals has no vendor folder [] []
[2021-04-13 15:06:12] app.INFO: Protect vendor folder in module dashproducts [] []
[2021-04-13 15:06:12] app.INFO: Module dashproducts has no vendor folder [] []
[2021-04-13 15:06:12] app.INFO: Protect vendor folder in module dashtrends [] []
[2021-04-13 15:06:12] app.INFO: Module dashtrends has no vendor folder [] []
[2021-04-13 15:06:12] app.INFO: Protect vendor folder in module graphnvd3 [] []
[2021-04-13 15:06:12] app.INFO: Module graphnvd3 has no vendor folder [] []
[2021-04-13 15:06:12] app.INFO: Protect vendor folder in module gridhtml [] []
[2021-04-13 15:06:12] app.INFO: Module gridhtml has no vendor folder [] []
[2021-04-13 15:06:12] app.INFO: Protect vendor folder in module gsitemap [] []
[2021-04-13 15:06:12] app.INFO: Module gsitemap has no vendor folder [] []
[2021-04-13 15:06:12] app.INFO: Protect vendor folder in module pagesnotfound [] []
[2021-04-13 15:06:12] app.INFO: Module pagesnotfound has no vendor folder [] []
[2021-04-13 15:06:12] app.INFO: Protect vendor folder in module productcomments [] []
[2021-04-13 15:06:12] app.INFO: Module productcomments has no vendor folder [] []
[2021-04-13 15:06:12] app.INFO: Protect vendor folder in module ps_banner [] []
[2021-04-13 15:06:12] app.INFO: Module ps_banner has no vendor folder [] []
[2021-04-13 15:06:12] app.INFO: Protect vendor folder in module ps_categorytree [] []
[2021-04-13 15:06:12] app.INFO: Module ps_categorytree has no vendor folder [] []
[2021-04-13 15:06:12] app.INFO: Protect vendor folder in module ps_checkpayment [] []
[2021-04-13 15:06:12] app.INFO: Module ps_checkpayment has no vendor folder [] []
[2021-04-13 15:06:12] app.INFO: Protect vendor folder in module ps_contactinfo [] []
[2021-04-13 15:06:12] app.INFO: Module ps_contactinfo has no vendor folder [] []
[2021-04-13 15:06:12] app.INFO: Protect vendor folder in module ps_crossselling [] []
[2021-04-13 15:06:12] app.INFO: Module ps_crossselling has no vendor folder [] []
[2021-04-13 15:06:12] app.INFO: Protect vendor folder in module ps_currencyselector [] []
[2021-04-13 15:06:12] app.INFO: Module ps_currencyselector has no vendor folder [] []
[2021-04-13 15:06:12] app.INFO: Protect vendor folder in module ps_customeraccountlinks [] []
[2021-04-13 15:06:12] app.INFO: Module ps_customeraccountlinks has no vendor folder [] []
[2021-04-13 15:06:12] app.INFO: Protect vendor folder in module ps_customersignin [] []
[2021-04-13 15:06:12] app.INFO: Module ps_customersignin has no vendor folder [] []
[2021-04-13 15:06:12] app.INFO: Protect vendor folder in module ps_customtext [] []
[2021-04-13 15:06:12] app.INFO: Module ps_customtext has no vendor folder [] []
[2021-04-13 15:06:13] app.INFO: Protect vendor folder in module ps_dataprivacy [] []
[2021-04-13 15:06:13] app.INFO: Module ps_dataprivacy has no vendor folder [] []
[2021-04-13 15:06:13] app.INFO: Protect vendor folder in module ps_emailsubscription [] []
[2021-04-13 15:06:13] app.INFO: Module ps_emailsubscription has no vendor folder [] []
[2021-04-13 15:06:13] app.INFO: Protect vendor folder in module ps_facetedsearch [] []
[2021-04-13 15:06:13] app.INFO: Module ps_facetedsearch has no vendor folder [] []
[2021-04-13 15:06:13] app.INFO: Protect vendor folder in module ps_faviconnotificationbo [] []
[2021-04-13 15:06:13] app.INFO: Module ps_faviconnotificationbo has no vendor folder [] []
[2021-04-13 15:06:13] app.INFO: Protect vendor folder in module ps_featuredproducts [] []
[2021-04-13 15:06:13] app.INFO: Module ps_featuredproducts has no vendor folder [] []
[2021-04-13 15:06:13] app.INFO: Protect vendor folder in module ps_imageslider [] []
[2021-04-13 15:06:13] app.INFO: Module ps_imageslider has no vendor folder [] []
[2021-04-13 15:06:13] app.INFO: Protect vendor folder in module ps_languageselector [] []
[2021-04-13 15:06:13] app.INFO: Module ps_languageselector has no vendor folder [] []
[2021-04-13 15:06:14] app.INFO: Protect vendor folder in module ps_linklist [] []
[2021-04-13 15:06:14] app.INFO: Module ps_linklist has no vendor folder [] []
[2021-04-13 15:06:14] app.ERROR: Cannot register tab "AdminLinkWidget" because it already exists [] []
[2021-04-13 15:06:14] app.INFO: Protect vendor folder in module ps_mainmenu [] []
[2021-04-13 15:06:14] app.INFO: Module ps_mainmenu has no vendor folder [] []
[2021-04-13 15:06:14] app.INFO: Protect vendor folder in module ps_searchbar [] []
[2021-04-13 15:06:14] app.INFO: Module ps_searchbar has no vendor folder [] []
[2021-04-13 15:06:14] app.INFO: Protect vendor folder in module ps_sharebuttons [] []
[2021-04-13 15:06:14] app.INFO: Module ps_sharebuttons has no vendor folder [] []
[2021-04-13 15:06:14] app.INFO: Protect vendor folder in module ps_shoppingcart [] []
[2021-04-13 15:06:14] app.INFO: Module ps_shoppingcart has no vendor folder [] []
[2021-04-13 15:06:14] app.INFO: Protect vendor folder in module ps_socialfollow [] []
[2021-04-13 15:06:14] app.INFO: Module ps_socialfollow has no vendor folder [] []
[2021-04-13 15:06:14] app.INFO: Protect vendor folder in module ps_themecusto [] []
[2021-04-13 15:06:14] app.INFO: Module ps_themecusto has no vendor folder [] []
[2021-04-13 15:06:14] app.INFO: Protect vendor folder in module ps_wirepayment [] []
[2021-04-13 15:06:14] app.INFO: Module ps_wirepayment has no vendor folder [] []
[2021-04-13 15:06:14] app.INFO: Protect vendor folder in module sekeywords [] []
[2021-04-13 15:06:14] app.INFO: Module sekeywords has no vendor folder [] []
[2021-04-13 15:06:14] app.INFO: Protect vendor folder in module statsbestcategories [] []
[2021-04-13 15:06:14] app.INFO: Module statsbestcategories has no vendor folder [] []
[2021-04-13 15:06:15] app.INFO: Protect vendor folder in module statsbestcustomers [] []
[2021-04-13 15:06:15] app.INFO: Module statsbestcustomers has no vendor folder [] []
[2021-04-13 15:06:15] app.INFO: Protect vendor folder in module statsbestproducts [] []
[2021-04-13 15:06:15] app.INFO: Module statsbestproducts has no vendor folder [] []
[2021-04-13 15:06:15] app.INFO: Protect vendor folder in module statsbestsuppliers [] []
[2021-04-13 15:06:15] app.INFO: Module statsbestsuppliers has no vendor folder [] []
[2021-04-13 15:06:15] app.INFO: Protect vendor folder in module statsbestvouchers [] []
[2021-04-13 15:06:15] app.INFO: Module statsbestvouchers has no vendor folder [] []
[2021-04-13 15:06:15] app.INFO: Protect vendor folder in module statscarrier [] []
[2021-04-13 15:06:15] app.INFO: Module statscarrier has no vendor folder [] []
[2021-04-13 15:06:15] app.INFO: Protect vendor folder in module statscatalog [] []
[2021-04-13 15:06:15] app.INFO: Module statscatalog has no vendor folder [] []
[2021-04-13 15:06:15] app.INFO: Protect vendor folder in module statscheckup [] []
[2021-04-13 15:06:15] app.INFO: Module statscheckup has no vendor folder [] []
[2021-04-13 15:06:15] app.INFO: Protect vendor folder in module statsdata [] []
[2021-04-13 15:06:15] app.INFO: Module statsdata has no vendor folder [] []
[2021-04-13 15:06:15] app.INFO: Protect vendor folder in module statsequipment [] []
[2021-04-13 15:06:15] app.INFO: Module statsequipment has no vendor folder [] []
[2021-04-13 15:06:15] app.INFO: Protect vendor folder in module statsforecast [] []
[2021-04-13 15:06:15] app.INFO: Module statsforecast has no vendor folder [] []
[2021-04-13 15:06:15] app.INFO: Protect vendor folder in module statslive [] []
[2021-04-13 15:06:15] app.INFO: Module statslive has no vendor folder [] []
[2021-04-13 15:06:15] app.INFO: Protect vendor folder in module statsnewsletter [] []
[2021-04-13 15:06:15] app.INFO: Module statsnewsletter has no vendor folder [] []
[2021-04-13 15:06:15] app.INFO: Protect vendor folder in module statsorigin [] []
[2021-04-13 15:06:15] app.INFO: Module statsorigin has no vendor folder [] []
[2021-04-13 15:06:15] app.INFO: Protect vendor folder in module statspersonalinfos [] []
[2021-04-13 15:06:15] app.INFO: Module statspersonalinfos has no vendor folder [] []
[2021-04-13 15:06:15] app.INFO: Protect vendor folder in module statsproduct [] []
[2021-04-13 15:06:15] app.INFO: Module statsproduct has no vendor folder [] []
[2021-04-13 15:06:15] app.INFO: Protect vendor folder in module statsregistrations [] []
[2021-04-13 15:06:15] app.INFO: Module statsregistrations has no vendor folder [] []
[2021-04-13 15:06:15] app.INFO: Protect vendor folder in module statssales [] []
[2021-04-13 15:06:15] app.INFO: Module statssales has no vendor folder [] []
[2021-04-13 15:06:15] app.INFO: Protect vendor folder in module statssearch [] []
[2021-04-13 15:06:15] app.INFO: Module statssearch has no vendor folder [] []
[2021-04-13 15:06:15] app.INFO: Protect vendor folder in module statsstock [] []
[2021-04-13 15:06:15] app.INFO: Module statsstock has no vendor folder [] []
[2021-04-13 15:06:16] app.INFO: Protect vendor folder in module statsvisits [] []
[2021-04-13 15:06:16] app.INFO: Module statsvisits has no vendor folder [] []
[2021-04-13 15:06:16] app.INFO: Protect vendor folder in module welcome [] []
[2021-04-13 15:06:16] app.INFO: Module welcome has no vendor folder [] []
[2021-04-13 15:06:16] app.INFO: Exporting mail with theme modern for language Français (French) [] []
[2021-04-13 15:06:16] app.INFO: Core output folder: /data/serveur/site/frenchfiller-beauty.com/www/prod/racine/mails [] []
[2021-04-13 15:06:16] app.INFO: Modules output folder: /data/serveur/site/frenchfiller-beauty.com/www/prod/racine/modules/ [] []
[2021-04-13 15:11:48] request.INFO: Matched route "admin_module_manage_action". {"route":"admin_module_manage_action","route_parameters":{"_controller":"PrestaShopBundle\\Controller\\Admin\\Improve\\ModuleController::moduleAction","action":"install","module_name":"dhlexpress","_route":"admin_module_manage_action"},"request_uri":"http://www.frenchfiller-beauty.com/admin984s0lgwu/index.php/improve/modules/manage/action/install/dhlexpress?_token=TY86KE8MYvWn4-rk0Lt1ODOaMaN9E0SNkcgGA1uB0NU","method":"POST"} []
[2021-04-13 15:11:48] security.DEBUG: Read existing security token from the session. {"key":"_security_main","token_class":"Symfony\\Component\\Security\\Core\\Authentication\\Token\\UsernamePasswordToken"} []
[2021-04-13 15:11:48] security.DEBUG: User was reloaded from a user provider. {"provider":"PrestaShopBundle\\Security\\Admin\\EmployeeProvider","username":"contact@web-rd-info.fr"} []
[2021-04-13 15:11:52] app.INFO: Protect vendor folder in module dhlexpress [] []
[2021-04-13 15:11:52] app.INFO: Module dhlexpress has no vendor folder [] []
[2021-04-13 15:11:52] app.ERROR: Class "AdminDhlOrdersController" not found in controllers/admin nor routing file [] []
[2021-04-13 15:11:52] app.ERROR: Class "AdminDhlLabelController" not found in controllers/admin nor routing file [] []
[2021-04-13 15:11:52] app.ERROR: Class "AdminDhlBulkLabelController" not found in controllers/admin nor routing file [] []
[2021-04-13 15:11:52] app.ERROR: Class "AdminDhlPickupController" not found in controllers/admin nor routing file [] []
[2021-04-13 15:11:52] app.ERROR: Class "AdminDhlManifestController" not found in controllers/admin nor routing file [] []
[2021-04-13 15:11:52] app.ERROR: Class "AdminDhlCommercialInvoiceController" not found in controllers/admin nor routing file [] []
[2021-04-13 15:11:53] security.DEBUG: Stored the security token in the session. {"key":"_security_main"} []
[2021-04-13 15:41:51] request.INFO: Matched route "admin_themes_enable". {"route":"admin_themes_enable","route_parameters":{"_controller":"PrestaShopBundle\\Controller\\Admin\\Improve\\Design\\ThemeController::enableAction","_legacy_controller":"AdminThemes","_legacy_link":"AdminThemes:enableTheme","_legacy_parameters":{"theme_name":"themeName"},"themeName":"leo_beautique","_route":"admin_themes_enable"},"request_uri":"http://www.frenchfiller-beauty.com/admin984s0lgwu/index.php/improve/design/themes/leo_beautique/enable?_token=TY86KE8MYvWn4-rk0Lt1ODOaMaN9E0SNkcgGA1uB0NU","method":"POST"} []
[2021-04-13 15:41:51] security.DEBUG: Read existing security token from the session. {"key":"_security_main","token_class":"Symfony\\Component\\Security\\Core\\Authentication\\Token\\UsernamePasswordToken"} []
[2021-04-13 15:41:51] security.DEBUG: User was reloaded from a user provider. {"provider":"PrestaShopBundle\\Security\\Admin\\EmployeeProvider","username":"contact@web-rd-info.fr"} []
[2021-04-13 15:41:53] app.INFO: Protect vendor folder in module appagebuilder [] []
[2021-04-13 15:41:53] app.INFO: Module appagebuilder has no vendor folder [] []
[2021-04-13 15:41:54] app.INFO: Protect vendor folder in module leoblog [] []
[2021-04-13 15:41:54] app.INFO: Module leoblog has no vendor folder [] []
[2021-04-13 15:41:54] app.INFO: Protect vendor folder in module ps_featuredproducts [] []
[2021-04-13 15:41:54] app.INFO: Module ps_featuredproducts has no vendor folder [] []
[2021-04-13 15:41:54] app.INFO: Protect vendor folder in module leobootstrapmenu [] []
[2021-04-13 15:41:54] app.INFO: Module leobootstrapmenu has no vendor folder [] []
[2021-04-13 15:41:55] app.INFO: Protect vendor folder in module leoslideshow [] []
[2021-04-13 15:41:55] app.INFO: Module leoslideshow has no vendor folder [] []
[2021-04-13 15:41:55] request.CRITICAL: Uncaught PHP Exception PrestaShopException: "La propriété ProductReviewCriterion->name est vide." at /data/serveur/site/frenchfiller-beauty.com/www/prod/racine/classes/ObjectModel.php line 1093 {"exception":"[object] (PrestaShopException(code: 0): La propriété ProductReviewCriterion->name est vide. at /data/serveur/site/frenchfiller-beauty.com/www/prod/racine/classes/ObjectModel.php:1093)"} []
[2021-04-13 15:41:55] security.DEBUG: Stored the security token in the session. {"key":"_security_main"} []
[2021-04-14 18:13:10] request.ERROR: Uncaught PHP Exception Symfony\Component\HttpKernel\Exception\MethodNotAllowedHttpException: "No route found for "OPTIONS /common/notifications": Method Not Allowed (Allow: POST)" at /data/serveur/site/frenchfiller-beauty.com/www/prod/racine/vendor/symfony/symfony/src/Symfony/Component/HttpKernel/EventListener/RouterListener.php line 141 {"exception":"[object] (Symfony\\Component\\HttpKernel\\Exception\\MethodNotAllowedHttpException(code: 0): No route found for \"OPTIONS /common/notifications\": Method Not Allowed (Allow: POST) at /data/serveur/site/frenchfiller-beauty.com/www/prod/racine/vendor/symfony/symfony/src/Symfony/Component/HttpKernel/EventListener/RouterListener.php:141, Symfony\\Component\\Routing\\Exception\\MethodNotAllowedException(code: 0):  at /data/serveur/site/frenchfiller-beauty.com/www/prod/racine/var/cache/prod/appProdProjectContainerUrlMatcher.php:6538)"} []
[2021-04-14 18:13:12] request.ERROR: Uncaught PHP Exception Symfony\Component\HttpKernel\Exception\MethodNotAllowedHttpException: "No route found for "OPTIONS /common/notifications": Method Not Allowed (Allow: POST)" at /data/serveur/site/frenchfiller-beauty.com/www/prod/racine/vendor/symfony/symfony/src/Symfony/Component/HttpKernel/EventListener/RouterListener.php line 141 {"exception":"[object] (Symfony\\Component\\HttpKernel\\Exception\\MethodNotAllowedHttpException(code: 0): No route found for \"OPTIONS /common/notifications\": Method Not Allowed (Allow: POST) at /data/serveur/site/frenchfiller-beauty.com/www/prod/racine/vendor/symfony/symfony/src/Symfony/Component/HttpKernel/EventListener/RouterListener.php:141, Symfony\\Component\\Routing\\Exception\\MethodNotAllowedException(code: 0):  at /data/serveur/site/frenchfiller-beauty.com/www/prod/racine/var/cache/prod/appProdProjectContainerUrlMatcher.php:6538)"} []
[2021-06-14 16:50:31] request.INFO: Matched route "admin_product_image_form". {"route":"admin_product_image_form","route_parameters":{"_controller":"PrestaShopBundle\\Controller\\Admin\\ProductImageController::formAction","idImage":"170","_route":"admin_product_image_form"},"request_uri":"https://www.frenchfiller-beauty.com/admin984s0lgwu/index.php/sell/catalog/products/image/form/170?_token=rh9yftUzdFisav_Lob2faSF9C7E3_2MF9brEhENb_pg","method":"POST"} []
[2021-06-14 16:50:31] security.DEBUG: Read existing security token from the session. {"key":"_security_main","token_class":"Symfony\\Component\\Security\\Core\\Authentication\\Token\\UsernamePasswordToken"} []
[2021-06-14 16:50:31] security.DEBUG: User was reloaded from a user provider. {"provider":"PrestaShopBundle\\Security\\Admin\\EmployeeProvider","username":"pharmaciedutrocadero@gmail.com"} []
[2021-06-14 16:50:32] request.CRITICAL: Uncaught PHP Exception PrestaShopException: "La longueur du champ Image->legend est actuellement 146 caractères. Il doit être entre 0 et 128 caractères." at /data/serveur/site/frenchfiller-beauty.com/www/prod/racine/classes/ObjectModel.php line 1093 {"exception":"[object] (PrestaShopException(code: 0): La longueur du champ Image->legend est actuellement 146 caractères. Il doit être entre 0 et 128 caractères. at /data/serveur/site/frenchfiller-beauty.com/www/prod/racine/classes/ObjectModel.php:1093)"} []
[2021-06-14 16:50:32] security.DEBUG: Stored the security token in the session. {"key":"_security_main"} []
[2021-06-14 16:50:35] request.INFO: Matched route "admin_product_image_form". {"route":"admin_product_image_form","route_parameters":{"_controller":"PrestaShopBundle\\Controller\\Admin\\ProductImageController::formAction","idImage":"67","_route":"admin_product_image_form"},"request_uri":"https://www.frenchfiller-beauty.com/admin984s0lgwu/index.php/sell/catalog/products/image/form/67?_token=rh9yftUzdFisav_Lob2faSF9C7E3_2MF9brEhENb_pg","method":"POST"} []
[2021-06-14 16:50:35] security.DEBUG: Read existing security token from the session. {"key":"_security_main","token_class":"Symfony\\Component\\Security\\Core\\Authentication\\Token\\UsernamePasswordToken"} []
[2021-06-14 16:50:35] security.DEBUG: User was reloaded from a user provider. {"provider":"PrestaShopBundle\\Security\\Admin\\EmployeeProvider","username":"pharmaciedutrocadero@gmail.com"} []
[2021-06-14 16:50:35] request.CRITICAL: Uncaught PHP Exception PrestaShopException: "La longueur du champ Image->legend est actuellement 146 caractères. Il doit être entre 0 et 128 caractères." at /data/serveur/site/frenchfiller-beauty.com/www/prod/racine/classes/ObjectModel.php line 1093 {"exception":"[object] (PrestaShopException(code: 0): La longueur du champ Image->legend est actuellement 146 caractères. Il doit être entre 0 et 128 caractères. at /data/serveur/site/frenchfiller-beauty.com/www/prod/racine/classes/ObjectModel.php:1093)"} []
[2021-06-14 16:50:35] security.DEBUG: Stored the security token in the session. {"key":"_security_main"} []
[2021-06-14 16:50:39] request.INFO: Matched route "admin_product_image_form". {"route":"admin_product_image_form","route_parameters":{"_controller":"PrestaShopBundle\\Controller\\Admin\\ProductImageController::formAction","idImage":"176","_route":"admin_product_image_form"},"request_uri":"https://www.frenchfiller-beauty.com/admin984s0lgwu/index.php/sell/catalog/products/image/form/176?_token=rh9yftUzdFisav_Lob2faSF9C7E3_2MF9brEhENb_pg","method":"POST"} []
[2021-06-14 16:50:39] security.DEBUG: Read existing security token from the session. {"key":"_security_main","token_class":"Symfony\\Component\\Security\\Core\\Authentication\\Token\\UsernamePasswordToken"} []
[2021-06-14 16:50:39] security.DEBUG: User was reloaded from a user provider. {"provider":"PrestaShopBundle\\Security\\Admin\\EmployeeProvider","username":"pharmaciedutrocadero@gmail.com"} []
[2021-06-14 16:50:40] request.CRITICAL: Uncaught PHP Exception PrestaShopException: "La longueur du champ Image->legend est actuellement 146 caractères. Il doit être entre 0 et 128 caractères." at /data/serveur/site/frenchfiller-beauty.com/www/prod/racine/classes/ObjectModel.php line 1093 {"exception":"[object] (PrestaShopException(code: 0): La longueur du champ Image->legend est actuellement 146 caractères. Il doit être entre 0 et 128 caractères. at /data/serveur/site/frenchfiller-beauty.com/www/prod/racine/classes/ObjectModel.php:1093)"} []
[2021-06-14 16:50:40] security.DEBUG: Stored the security token in the session. {"key":"_security_main"} []
[2021-06-14 16:50:51] request.INFO: Matched route "admin_product_image_form". {"route":"admin_product_image_form","route_parameters":{"_controller":"PrestaShopBundle\\Controller\\Admin\\ProductImageController::formAction","idImage":"66","_route":"admin_product_image_form"},"request_uri":"https://www.frenchfiller-beauty.com/admin984s0lgwu/index.php/sell/catalog/products/image/form/66?_token=rh9yftUzdFisav_Lob2faSF9C7E3_2MF9brEhENb_pg","method":"POST"} []
[2021-06-14 16:50:51] security.DEBUG: Read existing security token from the session. {"key":"_security_main","token_class":"Symfony\\Component\\Security\\Core\\Authentication\\Token\\UsernamePasswordToken"} []
[2021-06-14 16:50:51] security.DEBUG: User was reloaded from a user provider. {"provider":"PrestaShopBundle\\Security\\Admin\\EmployeeProvider","username":"pharmaciedutrocadero@gmail.com"} []
[2021-06-14 16:50:51] request.CRITICAL: Uncaught PHP Exception PrestaShopException: "La longueur du champ Image->legend est actuellement 146 caractères. Il doit être entre 0 et 128 caractères." at /data/serveur/site/frenchfiller-beauty.com/www/prod/racine/classes/ObjectModel.php line 1093 {"exception":"[object] (PrestaShopException(code: 0): La longueur du champ Image->legend est actuellement 146 caractères. Il doit être entre 0 et 128 caractères. at /data/serveur/site/frenchfiller-beauty.com/www/prod/racine/classes/ObjectModel.php:1093)"} []
[2021-06-14 16:50:51] security.DEBUG: Stored the security token in the session. {"key":"_security_main"} []
[2021-06-14 16:50:56] request.INFO: Matched route "admin_product_image_form". {"route":"admin_product_image_form","route_parameters":{"_controller":"PrestaShopBundle\\Controller\\Admin\\ProductImageController::formAction","idImage":"169","_route":"admin_product_image_form"},"request_uri":"https://www.frenchfiller-beauty.com/admin984s0lgwu/index.php/sell/catalog/products/image/form/169?_token=rh9yftUzdFisav_Lob2faSF9C7E3_2MF9brEhENb_pg","method":"POST"} []
[2021-06-14 16:50:56] security.DEBUG: Read existing security token from the session. {"key":"_security_main","token_class":"Symfony\\Component\\Security\\Core\\Authentication\\Token\\UsernamePasswordToken"} []
[2021-06-14 16:50:56] security.DEBUG: User was reloaded from a user provider. {"provider":"PrestaShopBundle\\Security\\Admin\\EmployeeProvider","username":"pharmaciedutrocadero@gmail.com"} []
[2021-06-14 16:50:56] request.CRITICAL: Uncaught PHP Exception PrestaShopException: "La longueur du champ Image->legend est actuellement 146 caractères. Il doit être entre 0 et 128 caractères." at /data/serveur/site/frenchfiller-beauty.com/www/prod/racine/classes/ObjectModel.php line 1093 {"exception":"[object] (PrestaShopException(code: 0): La longueur du champ Image->legend est actuellement 146 caractères. Il doit être entre 0 et 128 caractères. at /data/serveur/site/frenchfiller-beauty.com/www/prod/racine/classes/ObjectModel.php:1093)"} []
[2021-06-14 16:50:56] security.DEBUG: Stored the security token in the session. {"key":"_security_main"} []
[2021-06-14 16:50:59] request.INFO: Matched route "admin_product_image_form". {"route":"admin_product_image_form","route_parameters":{"_controller":"PrestaShopBundle\\Controller\\Admin\\ProductImageController::formAction","idImage":"167","_route":"admin_product_image_form"},"request_uri":"https://www.frenchfiller-beauty.com/admin984s0lgwu/index.php/sell/catalog/products/image/form/167?_token=rh9yftUzdFisav_Lob2faSF9C7E3_2MF9brEhENb_pg","method":"POST"} []
[2021-06-14 16:50:59] security.DEBUG: Read existing security token from the session. {"key":"_security_main","token_class":"Symfony\\Component\\Security\\Core\\Authentication\\Token\\UsernamePasswordToken"} []
[2021-06-14 16:50:59] security.DEBUG: User was reloaded from a user provider. {"provider":"PrestaShopBundle\\Security\\Admin\\EmployeeProvider","username":"pharmaciedutrocadero@gmail.com"} []
[2021-06-14 16:50:59] request.CRITICAL: Uncaught PHP Exception PrestaShopException: "La longueur du champ Image->legend est actuellement 146 caractères. Il doit être entre 0 et 128 caractères." at /data/serveur/site/frenchfiller-beauty.com/www/prod/racine/classes/ObjectModel.php line 1093 {"exception":"[object] (PrestaShopException(code: 0): La longueur du champ Image->legend est actuellement 146 caractères. Il doit être entre 0 et 128 caractères. at /data/serveur/site/frenchfiller-beauty.com/www/prod/racine/classes/ObjectModel.php:1093)"} []
[2021-06-14 16:50:59] security.DEBUG: Stored the security token in the session. {"key":"_security_main"} []
[2021-06-14 16:51:02] request.INFO: Matched route "admin_product_image_form". {"route":"admin_product_image_form","route_parameters":{"_controller":"PrestaShopBundle\\Controller\\Admin\\ProductImageController::formAction","idImage":"168","_route":"admin_product_image_form"},"request_uri":"https://www.frenchfiller-beauty.com/admin984s0lgwu/index.php/sell/catalog/products/image/form/168?_token=rh9yftUzdFisav_Lob2faSF9C7E3_2MF9brEhENb_pg","method":"POST"} []
[2021-06-14 16:51:02] security.DEBUG: Read existing security token from the session. {"key":"_security_main","token_class":"Symfony\\Component\\Security\\Core\\Authentication\\Token\\UsernamePasswordToken"} []
[2021-06-14 16:51:02] security.DEBUG: User was reloaded from a user provider. {"provider":"PrestaShopBundle\\Security\\Admin\\EmployeeProvider","username":"pharmaciedutrocadero@gmail.com"} []
[2021-06-14 16:51:02] request.CRITICAL: Uncaught PHP Exception PrestaShopException: "La longueur du champ Image->legend est actuellement 146 caractères. Il doit être entre 0 et 128 caractères." at /data/serveur/site/frenchfiller-beauty.com/www/prod/racine/classes/ObjectModel.php line 1093 {"exception":"[object] (PrestaShopException(code: 0): La longueur du champ Image->legend est actuellement 146 caractères. Il doit être entre 0 et 128 caractères. at /data/serveur/site/frenchfiller-beauty.com/www/prod/racine/classes/ObjectModel.php:1093)"} []
[2021-06-14 16:51:02] security.DEBUG: Stored the security token in the session. {"key":"_security_main"} []
[2021-06-14 16:51:29] request.INFO: Matched route "admin_product_image_form". {"route":"admin_product_image_form","route_parameters":{"_controller":"PrestaShopBundle\\Controller\\Admin\\ProductImageController::formAction","idImage":"173","_route":"admin_product_image_form"},"request_uri":"https://www.frenchfiller-beauty.com/admin984s0lgwu/index.php/sell/catalog/products/image/form/173?_token=rh9yftUzdFisav_Lob2faSF9C7E3_2MF9brEhENb_pg","method":"POST"} []
[2021-06-14 16:51:29] security.DEBUG: Read existing security token from the session. {"key":"_security_main","token_class":"Symfony\\Component\\Security\\Core\\Authentication\\Token\\UsernamePasswordToken"} []
[2021-06-14 16:51:29] security.DEBUG: User was reloaded from a user provider. {"provider":"PrestaShopBundle\\Security\\Admin\\EmployeeProvider","username":"pharmaciedutrocadero@gmail.com"} []
[2021-06-14 16:51:29] request.CRITICAL: Uncaught PHP Exception PrestaShopException: "La longueur du champ Image->legend est actuellement 185 caractères. Il doit être entre 0 et 128 caractères." at /data/serveur/site/frenchfiller-beauty.com/www/prod/racine/classes/ObjectModel.php line 1093 {"exception":"[object] (PrestaShopException(code: 0): La longueur du champ Image->legend est actuellement 185 caractères. Il doit être entre 0 et 128 caractères. at /data/serveur/site/frenchfiller-beauty.com/www/prod/racine/classes/ObjectModel.php:1093)"} []
[2021-06-14 16:51:29] security.DEBUG: Stored the security token in the session. {"key":"_security_main"} []
[2021-06-14 16:51:34] request.INFO: Matched route "admin_product_image_form". {"route":"admin_product_image_form","route_parameters":{"_controller":"PrestaShopBundle\\Controller\\Admin\\ProductImageController::formAction","idImage":"68","_route":"admin_product_image_form"},"request_uri":"https://www.frenchfiller-beauty.com/admin984s0lgwu/index.php/sell/catalog/products/image/form/68?_token=rh9yftUzdFisav_Lob2faSF9C7E3_2MF9brEhENb_pg","method":"POST"} []
[2021-06-14 16:51:34] security.DEBUG: Read existing security token from the session. {"key":"_security_main","token_class":"Symfony\\Component\\Security\\Core\\Authentication\\Token\\UsernamePasswordToken"} []
[2021-06-14 16:51:34] security.DEBUG: User was reloaded from a user provider. {"provider":"PrestaShopBundle\\Security\\Admin\\EmployeeProvider","username":"pharmaciedutrocadero@gmail.com"} []
[2021-06-14 16:51:34] request.CRITICAL: Uncaught PHP Exception PrestaShopException: "La longueur du champ Image->legend est actuellement 185 caractères. Il doit être entre 0 et 128 caractères." at /data/serveur/site/frenchfiller-beauty.com/www/prod/racine/classes/ObjectModel.php line 1093 {"exception":"[object] (PrestaShopException(code: 0): La longueur du champ Image->legend est actuellement 185 caractères. Il doit être entre 0 et 128 caractères. at /data/serveur/site/frenchfiller-beauty.com/www/prod/racine/classes/ObjectModel.php:1093)"} []
[2021-06-14 16:51:34] security.DEBUG: Stored the security token in the session. {"key":"_security_main"} []
[2021-06-14 16:51:39] request.INFO: Matched route "admin_product_image_form". {"route":"admin_product_image_form","route_parameters":{"_controller":"PrestaShopBundle\\Controller\\Admin\\ProductImageController::formAction","idImage":"173","_route":"admin_product_image_form"},"request_uri":"https://www.frenchfiller-beauty.com/admin984s0lgwu/index.php/sell/catalog/products/image/form/173?_token=rh9yftUzdFisav_Lob2faSF9C7E3_2MF9brEhENb_pg","method":"POST"} []
[2021-06-14 16:51:39] security.DEBUG: Read existing security token from the session. {"key":"_security_main","token_class":"Symfony\\Component\\Security\\Core\\Authentication\\Token\\UsernamePasswordToken"} []
[2021-06-14 16:51:39] security.DEBUG: User was reloaded from a user provider. {"provider":"PrestaShopBundle\\Security\\Admin\\EmployeeProvider","username":"pharmaciedutrocadero@gmail.com"} []
[2021-06-14 16:51:39] request.CRITICAL: Uncaught PHP Exception PrestaShopException: "La longueur du champ Image->legend est actuellement 185 caractères. Il doit être entre 0 et 128 caractères." at /data/serveur/site/frenchfiller-beauty.com/www/prod/racine/classes/ObjectModel.php line 1093 {"exception":"[object] (PrestaShopException(code: 0): La longueur du champ Image->legend est actuellement 185 caractères. Il doit être entre 0 et 128 caractères. at /data/serveur/site/frenchfiller-beauty.com/www/prod/racine/classes/ObjectModel.php:1093)"} []
[2021-06-14 16:51:39] security.DEBUG: Stored the security token in the session. {"key":"_security_main"} []
[2021-06-17 11:02:39] request.INFO: Matched route "admin_product_image_form". {"route":"admin_product_image_form","route_parameters":{"_controller":"PrestaShopBundle\\Controller\\Admin\\ProductImageController::formAction","idImage":"207","_route":"admin_product_image_form"},"request_uri":"https://www.frenchfiller-beauty.com/admin984s0lgwu/index.php/sell/catalog/products/image/form/207?_token=c2xxtgGmIcKhdLs5YbLz22wPiBCx1IwBs98VlBlhQxs","method":"POST"} []
[2021-06-17 11:02:39] security.DEBUG: Read existing security token from the session. {"key":"_security_main","token_class":"Symfony\\Component\\Security\\Core\\Authentication\\Token\\UsernamePasswordToken"} []
[2021-06-17 11:02:39] security.DEBUG: User was reloaded from a user provider. {"provider":"PrestaShopBundle\\Security\\Admin\\EmployeeProvider","username":"pharmaciedutrocadero@gmail.com"} []
[2021-06-17 11:02:39] request.CRITICAL: Uncaught PHP Exception PrestaShopException: "La longueur du champ Image->legend est actuellement 135 caractères. Il doit être entre 0 et 128 caractères." at /data/serveur/site/frenchfiller-beauty.com/www/prod/racine/classes/ObjectModel.php line 1093 {"exception":"[object] (PrestaShopException(code: 0): La longueur du champ Image->legend est actuellement 135 caractères. Il doit être entre 0 et 128 caractères. at /data/serveur/site/frenchfiller-beauty.com/www/prod/racine/classes/ObjectModel.php:1093)"} []
[2021-06-17 11:02:39] security.DEBUG: Stored the security token in the session. {"key":"_security_main"} []
[2021-06-17 11:15:47] request.INFO: Matched route "admin_product_image_form". {"route":"admin_product_image_form","route_parameters":{"_controller":"PrestaShopBundle\\Controller\\Admin\\ProductImageController::formAction","idImage":"215","_route":"admin_product_image_form"},"request_uri":"https://www.frenchfiller-beauty.com/admin984s0lgwu/index.php/sell/catalog/products/image/form/215?_token=c2xxtgGmIcKhdLs5YbLz22wPiBCx1IwBs98VlBlhQxs","method":"POST"} []
[2021-06-17 11:15:47] security.DEBUG: Read existing security token from the session. {"key":"_security_main","token_class":"Symfony\\Component\\Security\\Core\\Authentication\\Token\\UsernamePasswordToken"} []
[2021-06-17 11:15:47] security.DEBUG: User was reloaded from a user provider. {"provider":"PrestaShopBundle\\Security\\Admin\\EmployeeProvider","username":"pharmaciedutrocadero@gmail.com"} []
[2021-06-17 11:15:47] request.CRITICAL: Uncaught PHP Exception PrestaShopException: "La longueur du champ Image->legend est actuellement 133 caractères. Il doit être entre 0 et 128 caractères." at /data/serveur/site/frenchfiller-beauty.com/www/prod/racine/classes/ObjectModel.php line 1093 {"exception":"[object] (PrestaShopException(code: 0): La longueur du champ Image->legend est actuellement 133 caractères. Il doit être entre 0 et 128 caractères. at /data/serveur/site/frenchfiller-beauty.com/www/prod/racine/classes/ObjectModel.php:1093)"} []
[2021-06-17 11:15:47] security.DEBUG: Stored the security token in the session. {"key":"_security_main"} []
[2021-06-17 11:15:59] request.INFO: Matched route "admin_product_image_form". {"route":"admin_product_image_form","route_parameters":{"_controller":"PrestaShopBundle\\Controller\\Admin\\ProductImageController::formAction","idImage":"200","_route":"admin_product_image_form"},"request_uri":"https://www.frenchfiller-beauty.com/admin984s0lgwu/index.php/sell/catalog/products/image/form/200?_token=c2xxtgGmIcKhdLs5YbLz22wPiBCx1IwBs98VlBlhQxs","method":"POST"} []
[2021-06-17 11:15:59] security.DEBUG: Read existing security token from the session. {"key":"_security_main","token_class":"Symfony\\Component\\Security\\Core\\Authentication\\Token\\UsernamePasswordToken"} []
[2021-06-17 11:15:59] security.DEBUG: User was reloaded from a user provider. {"provider":"PrestaShopBundle\\Security\\Admin\\EmployeeProvider","username":"pharmaciedutrocadero@gmail.com"} []
[2021-06-17 11:15:59] request.CRITICAL: Uncaught PHP Exception PrestaShopException: "La longueur du champ Image->legend est actuellement 133 caractères. Il doit être entre 0 et 128 caractères." at /data/serveur/site/frenchfiller-beauty.com/www/prod/racine/classes/ObjectModel.php line 1093 {"exception":"[object] (PrestaShopException(code: 0): La longueur du champ Image->legend est actuellement 133 caractères. Il doit être entre 0 et 128 caractères. at /data/serveur/site/frenchfiller-beauty.com/www/prod/racine/classes/ObjectModel.php:1093)"} []
[2021-06-17 11:15:59] security.DEBUG: Stored the security token in the session. {"key":"_security_main"} []
[2021-11-30 15:21:23] request.INFO: Matched route "admin_module_manage". {"route":"admin_module_manage","route_parameters":{"category":null,"keyword":null,"_controller":"PrestaShopBundle\\Controller\\Admin\\Improve\\ModuleController::manageAction","_legacy_controller":"AdminModulesManage","_legacy_link":["AdminModulesManage","AdminModulesSf"],"_route":"admin_module_manage"},"request_uri":"https://www.frenchfiller-beauty.com/admin984s0lgwu/index.php/improve/modules/manage?_token=gP9MmLUWn4zMLZoukfBLcML1TZnKnUwzZWAyyh1U-DA","method":"GET"} []
[2021-11-30 15:21:23] security.DEBUG: Read existing security token from the session. {"key":"_security_main","token_class":"Symfony\\Component\\Security\\Core\\Authentication\\Token\\UsernamePasswordToken"} []
[2021-11-30 15:21:23] security.DEBUG: User was reloaded from a user provider. {"provider":"PrestaShopBundle\\Security\\Admin\\EmployeeProvider","username":"adwords@shin-agency.com"} []
[2021-11-30 15:21:24] app.ERROR: Data from PrestaShop Addons is invalid, and cannot fallback on cache.  {"exception":"Client error response [url] https://api-addons.prestashop.com?format=json&iso_lang=fr&iso_code=FR&version=1.7.7.3&shop_url=http%3A%2F%2Fwww.frenchfiller-beauty.com&method=listing&action=customer&username=adwords%40shin-agency.com&password=yann2021 [status code] 400 [reason phrase] Bad Request"} []
[2021-11-30 15:21:24] security.DEBUG: Stored the security token in the session. {"key":"_security_main"} []
[2021-11-30 15:21:25] request.INFO: Matched route "admin_module_notification_count". {"route":"admin_module_notification_count","route_parameters":{"_controller":"PrestaShopBundle\\Controller\\Admin\\Improve\\Modules\\AlertsController::notificationsCountAction","_legacy_controller":"AdminModulesNotifications","_legacy_link":"AdminModulesNotifications:count","_route":"admin_module_notification_count"},"request_uri":"https://www.frenchfiller-beauty.com/admin984s0lgwu/index.php/improve/modules/alerts/count?_token=gP9MmLUWn4zMLZoukfBLcML1TZnKnUwzZWAyyh1U-DA","method":"GET"} []
[2021-11-30 15:21:25] security.DEBUG: Read existing security token from the session. {"key":"_security_main","token_class":"Symfony\\Component\\Security\\Core\\Authentication\\Token\\UsernamePasswordToken"} []
[2021-11-30 15:21:25] security.DEBUG: User was reloaded from a user provider. {"provider":"PrestaShopBundle\\Security\\Admin\\EmployeeProvider","username":"adwords@shin-agency.com"} []
[2021-11-30 15:21:25] app.ERROR: Data from PrestaShop Addons is invalid, and cannot fallback on cache.  {"exception":"Client error response [url] https://api-addons.prestashop.com?format=json&iso_lang=fr&iso_code=FR&version=1.7.7.3&shop_url=http%3A%2F%2Fwww.frenchfiller-beauty.com&method=listing&action=customer&username=adwords%40shin-agency.com&password=yann2021 [status code] 400 [reason phrase] Bad Request"} []
[2021-11-30 15:21:25] security.DEBUG: Stored the security token in the session. {"key":"_security_main"} []
[2021-11-30 15:22:31] request.INFO: Matched route "admin_module_notification". {"route":"admin_module_notification","route_parameters":{"_controller":"PrestaShopBundle\\Controller\\Admin\\Improve\\Modules\\AlertsController::indexAction","_legacy_controller":"AdminModulesNotifications","_legacy_link":"AdminModulesNotifications","_route":"admin_module_notification"},"request_uri":"https://www.frenchfiller-beauty.com/admin984s0lgwu/index.php/improve/modules/alerts?_token=gP9MmLUWn4zMLZoukfBLcML1TZnKnUwzZWAyyh1U-DA","method":"GET"} []
[2021-11-30 15:22:31] security.DEBUG: Read existing security token from the session. {"key":"_security_main","token_class":"Symfony\\Component\\Security\\Core\\Authentication\\Token\\UsernamePasswordToken"} []
[2021-11-30 15:22:31] security.DEBUG: User was reloaded from a user provider. {"provider":"PrestaShopBundle\\Security\\Admin\\EmployeeProvider","username":"adwords@shin-agency.com"} []
[2021-11-30 15:22:31] app.ERROR: Data from PrestaShop Addons is invalid, and cannot fallback on cache.  {"exception":"Client error response [url] https://api-addons.prestashop.com?format=json&iso_lang=fr&iso_code=FR&version=1.7.7.3&shop_url=http%3A%2F%2Fwww.frenchfiller-beauty.com&method=listing&action=customer&username=adwords%40shin-agency.com&password=yann2021 [status code] 400 [reason phrase] Bad Request"} []
[2021-11-30 15:22:31] security.DEBUG: Stored the security token in the session. {"key":"_security_main"} []
[2021-11-30 15:22:31] request.INFO: Matched route "admin_module_notification_count". {"route":"admin_module_notification_count","route_parameters":{"_controller":"PrestaShopBundle\\Controller\\Admin\\Improve\\Modules\\AlertsController::notificationsCountAction","_legacy_controller":"AdminModulesNotifications","_legacy_link":"AdminModulesNotifications:count","_route":"admin_module_notification_count"},"request_uri":"https://www.frenchfiller-beauty.com/admin984s0lgwu/index.php/improve/modules/alerts/count?_token=gP9MmLUWn4zMLZoukfBLcML1TZnKnUwzZWAyyh1U-DA","method":"GET"} []
[2021-11-30 15:22:31] security.DEBUG: Read existing security token from the session. {"key":"_security_main","token_class":"Symfony\\Component\\Security\\Core\\Authentication\\Token\\UsernamePasswordToken"} []
[2021-11-30 15:22:31] security.DEBUG: User was reloaded from a user provider. {"provider":"PrestaShopBundle\\Security\\Admin\\EmployeeProvider","username":"adwords@shin-agency.com"} []
[2021-11-30 15:22:32] app.ERROR: Data from PrestaShop Addons is invalid, and cannot fallback on cache.  {"exception":"Client error response [url] https://api-addons.prestashop.com?format=json&iso_lang=fr&iso_code=FR&version=1.7.7.3&shop_url=http%3A%2F%2Fwww.frenchfiller-beauty.com&method=listing&action=customer&username=adwords%40shin-agency.com&password=yann2021 [status code] 400 [reason phrase] Bad Request"} []
[2021-11-30 15:22:32] security.DEBUG: Stored the security token in the session. {"key":"_security_main"} []
[2021-11-30 15:22:32] request.INFO: Matched route "admin_module_manage". {"route":"admin_module_manage","route_parameters":{"category":null,"keyword":null,"_controller":"PrestaShopBundle\\Controller\\Admin\\Improve\\ModuleController::manageAction","_legacy_controller":"AdminModulesManage","_legacy_link":["AdminModulesManage","AdminModulesSf"],"_route":"admin_module_manage"},"request_uri":"https://www.frenchfiller-beauty.com/admin984s0lgwu/index.php/improve/modules/manage?_token=gP9MmLUWn4zMLZoukfBLcML1TZnKnUwzZWAyyh1U-DA","method":"GET"} []
[2021-11-30 15:22:32] security.DEBUG: Read existing security token from the session. {"key":"_security_main","token_class":"Symfony\\Component\\Security\\Core\\Authentication\\Token\\UsernamePasswordToken"} []
[2021-11-30 15:22:32] security.DEBUG: User was reloaded from a user provider. {"provider":"PrestaShopBundle\\Security\\Admin\\EmployeeProvider","username":"adwords@shin-agency.com"} []
[2021-11-30 15:22:32] app.ERROR: Data from PrestaShop Addons is invalid, and cannot fallback on cache.  {"exception":"Client error response [url] https://api-addons.prestashop.com?format=json&iso_lang=fr&iso_code=FR&version=1.7.7.3&shop_url=http%3A%2F%2Fwww.frenchfiller-beauty.com&method=listing&action=customer&username=adwords%40shin-agency.com&password=yann2021 [status code] 400 [reason phrase] Bad Request"} []
[2021-11-30 15:22:32] security.DEBUG: Stored the security token in the session. {"key":"_security_main"} []
[2021-11-30 15:22:33] request.INFO: Matched route "admin_module_notification_count". {"route":"admin_module_notification_count","route_parameters":{"_controller":"PrestaShopBundle\\Controller\\Admin\\Improve\\Modules\\AlertsController::notificationsCountAction","_legacy_controller":"AdminModulesNotifications","_legacy_link":"AdminModulesNotifications:count","_route":"admin_module_notification_count"},"request_uri":"https://www.frenchfiller-beauty.com/admin984s0lgwu/index.php/improve/modules/alerts/count?_token=gP9MmLUWn4zMLZoukfBLcML1TZnKnUwzZWAyyh1U-DA","method":"GET"} []
[2021-11-30 15:22:33] security.DEBUG: Read existing security token from the session. {"key":"_security_main","token_class":"Symfony\\Component\\Security\\Core\\Authentication\\Token\\UsernamePasswordToken"} []
[2021-11-30 15:22:33] security.DEBUG: User was reloaded from a user provider. {"provider":"PrestaShopBundle\\Security\\Admin\\EmployeeProvider","username":"adwords@shin-agency.com"} []
[2021-11-30 15:22:33] app.ERROR: Data from PrestaShop Addons is invalid, and cannot fallback on cache.  {"exception":"Client error response [url] https://api-addons.prestashop.com?format=json&iso_lang=fr&iso_code=FR&version=1.7.7.3&shop_url=http%3A%2F%2Fwww.frenchfiller-beauty.com&method=listing&action=customer&username=adwords%40shin-agency.com&password=yann2021 [status code] 400 [reason phrase] Bad Request"} []
[2021-11-30 15:22:34] security.DEBUG: Stored the security token in the session. {"key":"_security_main"} []
[2021-11-30 15:23:05] request.INFO: Matched route "admin_module_catalog_refresh". {"route":"admin_module_catalog_refresh","route_parameters":{"category":null,"keyword":null,"_controller":"PrestaShopBundle\\Controller\\Admin\\Improve\\ModuleController::refreshCatalogAction","_legacy_controller":"AdminModulesCatalog","_legacy_link":"AdminModulesCatalog:refresh","_route":"admin_module_catalog_refresh"},"request_uri":"https://www.frenchfiller-beauty.com/admin984s0lgwu/index.php/improve/modules/catalog/refresh?_token=gP9MmLUWn4zMLZoukfBLcML1TZnKnUwzZWAyyh1U-DA","method":"GET"} []
[2021-11-30 15:23:05] security.DEBUG: Read existing security token from the session. {"key":"_security_main","token_class":"Symfony\\Component\\Security\\Core\\Authentication\\Token\\UsernamePasswordToken"} []
[2021-11-30 15:23:05] security.DEBUG: User was reloaded from a user provider. {"provider":"PrestaShopBundle\\Security\\Admin\\EmployeeProvider","username":"adwords@shin-agency.com"} []
[2021-11-30 15:23:05] app.ERROR: Data from PrestaShop Addons is invalid, and cannot fallback on cache.  {"exception":"Client error response [url] https://api-addons.prestashop.com?format=json&iso_lang=fr&iso_code=FR&version=1.7.7.3&shop_url=http%3A%2F%2Fwww.frenchfiller-beauty.com&method=listing&action=customer&username=adwords%40shin-agency.com&password=yann2021 [status code] 400 [reason phrase] Bad Request"} []
[2021-11-30 15:23:05] security.DEBUG: Stored the security token in the session. {"key":"_security_main"} []
[2021-11-30 15:23:05] request.INFO: Matched route "admin_module_notification_count". {"route":"admin_module_notification_count","route_parameters":{"_controller":"PrestaShopBundle\\Controller\\Admin\\Improve\\Modules\\AlertsController::notificationsCountAction","_legacy_controller":"AdminModulesNotifications","_legacy_link":"AdminModulesNotifications:count","_route":"admin_module_notification_count"},"request_uri":"https://www.frenchfiller-beauty.com/admin984s0lgwu/index.php/improve/modules/alerts/count?_token=gP9MmLUWn4zMLZoukfBLcML1TZnKnUwzZWAyyh1U-DA","method":"GET"} []
[2021-11-30 15:23:05] security.DEBUG: Read existing security token from the session. {"key":"_security_main","token_class":"Symfony\\Component\\Security\\Core\\Authentication\\Token\\UsernamePasswordToken"} []
[2021-11-30 15:23:05] security.DEBUG: User was reloaded from a user provider. {"provider":"PrestaShopBundle\\Security\\Admin\\EmployeeProvider","username":"adwords@shin-agency.com"} []
[2021-11-30 15:23:05] app.ERROR: Data from PrestaShop Addons is invalid, and cannot fallback on cache.  {"exception":"Client error response [url] https://api-addons.prestashop.com?format=json&iso_lang=fr&iso_code=FR&version=1.7.7.3&shop_url=http%3A%2F%2Fwww.frenchfiller-beauty.com&method=listing&action=customer&username=adwords%40shin-agency.com&password=yann2021 [status code] 400 [reason phrase] Bad Request"} []
[2021-11-30 15:23:06] security.DEBUG: Stored the security token in the session. {"key":"_security_main"} []
[2021-12-02 15:39:22] request.INFO: Matched route "admin_module_manage". {"route":"admin_module_manage","route_parameters":{"category":null,"keyword":null,"_controller":"PrestaShopBundle\\Controller\\Admin\\Improve\\ModuleController::manageAction","_legacy_controller":"AdminModulesManage","_legacy_link":["AdminModulesManage","AdminModulesSf"],"_route":"admin_module_manage"},"request_uri":"https://www.frenchfiller-beauty.com/admin984s0lgwu/index.php/improve/modules/manage?_token=pRQG8cnSM7uwC49UNhvU8cUAwk655y1rcRq2Us3M1-M","method":"GET"} []
[2021-12-02 15:39:22] security.DEBUG: Read existing security token from the session. {"key":"_security_main","token_class":"Symfony\\Component\\Security\\Core\\Authentication\\Token\\UsernamePasswordToken"} []
[2021-12-02 15:39:22] security.DEBUG: User was reloaded from a user provider. {"provider":"PrestaShopBundle\\Security\\Admin\\EmployeeProvider","username":"adwords@shin-agency.com"} []
[2021-12-02 15:39:23] app.ERROR: Data from PrestaShop Addons is invalid, and cannot fallback on cache.  {"exception":"Client error response [url] https://api-addons.prestashop.com?format=json&iso_lang=fr&iso_code=FR&version=1.7.7.3&shop_url=http%3A%2F%2Fwww.frenchfiller-beauty.com&method=listing&action=customer&username=adwords%40shin-agency.com&password=yann2021 [status code] 400 [reason phrase] Bad Request"} []
[2021-12-02 15:39:24] security.DEBUG: Stored the security token in the session. {"key":"_security_main"} []
[2021-12-02 15:39:24] request.INFO: Matched route "admin_module_notification_count". {"route":"admin_module_notification_count","route_parameters":{"_controller":"PrestaShopBundle\\Controller\\Admin\\Improve\\Modules\\AlertsController::notificationsCountAction","_legacy_controller":"AdminModulesNotifications","_legacy_link":"AdminModulesNotifications:count","_route":"admin_module_notification_count"},"request_uri":"https://www.frenchfiller-beauty.com/admin984s0lgwu/index.php/improve/modules/alerts/count?_token=pRQG8cnSM7uwC49UNhvU8cUAwk655y1rcRq2Us3M1-M","method":"GET"} []
[2021-12-02 15:39:24] security.DEBUG: Read existing security token from the session. {"key":"_security_main","token_class":"Symfony\\Component\\Security\\Core\\Authentication\\Token\\UsernamePasswordToken"} []
[2021-12-02 15:39:24] security.DEBUG: User was reloaded from a user provider. {"provider":"PrestaShopBundle\\Security\\Admin\\EmployeeProvider","username":"adwords@shin-agency.com"} []
[2021-12-02 15:39:24] app.ERROR: Data from PrestaShop Addons is invalid, and cannot fallback on cache.  {"exception":"Client error response [url] https://api-addons.prestashop.com?format=json&iso_lang=fr&iso_code=FR&version=1.7.7.3&shop_url=http%3A%2F%2Fwww.frenchfiller-beauty.com&method=listing&action=customer&username=adwords%40shin-agency.com&password=yann2021 [status code] 400 [reason phrase] Bad Request"} []
[2021-12-02 15:39:25] security.DEBUG: Stored the security token in the session. {"key":"_security_main"} []
[2021-12-02 15:39:26] request.INFO: Matched route "admin_module_configure_action". {"route":"admin_module_configure_action","route_parameters":{"_controller":"PrestaShopBundle\\Controller\\Admin\\Improve\\ModuleController::configureModuleAction","_legacy_controller":"AdminModules","module_name":"xmlfeeds","_route":"admin_module_configure_action"},"request_uri":"https://www.frenchfiller-beauty.com/admin984s0lgwu/index.php/improve/modules/manage/action/configure/xmlfeeds?_token=pRQG8cnSM7uwC49UNhvU8cUAwk655y1rcRq2Us3M1-M","method":"GET"} []
[2021-12-02 15:39:26] security.DEBUG: Read existing security token from the session. {"key":"_security_main","token_class":"Symfony\\Component\\Security\\Core\\Authentication\\Token\\UsernamePasswordToken"} []
[2021-12-02 15:39:26] security.DEBUG: User was reloaded from a user provider. {"provider":"PrestaShopBundle\\Security\\Admin\\EmployeeProvider","username":"adwords@shin-agency.com"} []
[2021-12-02 15:39:26] app.ERROR: Data from PrestaShop Addons is invalid, and cannot fallback on cache.  {"exception":"Client error response [url] https://api-addons.prestashop.com?format=json&iso_lang=fr&iso_code=FR&version=1.7.7.3&shop_url=http%3A%2F%2Fwww.frenchfiller-beauty.com&method=listing&action=customer&username=adwords%40shin-agency.com&password=yann2021 [status code] 400 [reason phrase] Bad Request"} []
[2021-12-02 15:39:26] security.DEBUG: Stored the security token in the session. {"key":"_security_main"} []
[2021-12-06 10:15:00] request.INFO: Matched route "admin_module_manage". {"route":"admin_module_manage","route_parameters":{"category":null,"keyword":null,"_controller":"PrestaShopBundle\\Controller\\Admin\\Improve\\ModuleController::manageAction","_legacy_controller":"AdminModulesManage","_legacy_link":["AdminModulesManage","AdminModulesSf"],"_route":"admin_module_manage"},"request_uri":"https://www.frenchfiller-beauty.com/admin984s0lgwu/index.php/improve/modules/manage?_token=Py6tcbKcuHfm82NiHZFvxtGJ5Ln1TwaQzJVdgJzujFY","method":"GET"} []
[2021-12-06 10:15:00] security.DEBUG: Read existing security token from the session. {"key":"_security_main","token_class":"Symfony\\Component\\Security\\Core\\Authentication\\Token\\UsernamePasswordToken"} []
[2021-12-06 10:15:00] security.DEBUG: User was reloaded from a user provider. {"provider":"PrestaShopBundle\\Security\\Admin\\EmployeeProvider","username":"adwords@shin-agency.com"} []
[2021-12-06 10:15:01] app.ERROR: Data from PrestaShop Addons is invalid, and cannot fallback on cache.  {"exception":"Client error response [url] https://api-addons.prestashop.com?format=json&iso_lang=fr&iso_code=FR&version=1.7.7.3&shop_url=http%3A%2F%2Fwww.frenchfiller-beauty.com&method=listing&action=customer&username=adwords%40shin-agency.com&password=yann2021 [status code] 400 [reason phrase] Bad Request"} []
[2021-12-06 10:15:02] security.DEBUG: Stored the security token in the session. {"key":"_security_main"} []
[2021-12-06 10:15:03] request.INFO: Matched route "admin_module_notification_count". {"route":"admin_module_notification_count","route_parameters":{"_controller":"PrestaShopBundle\\Controller\\Admin\\Improve\\Modules\\AlertsController::notificationsCountAction","_legacy_controller":"AdminModulesNotifications","_legacy_link":"AdminModulesNotifications:count","_route":"admin_module_notification_count"},"request_uri":"https://www.frenchfiller-beauty.com/admin984s0lgwu/index.php/improve/modules/alerts/count?_token=Py6tcbKcuHfm82NiHZFvxtGJ5Ln1TwaQzJVdgJzujFY","method":"GET"} []
[2021-12-06 10:15:03] security.DEBUG: Read existing security token from the session. {"key":"_security_main","token_class":"Symfony\\Component\\Security\\Core\\Authentication\\Token\\UsernamePasswordToken"} []
[2021-12-06 10:15:03] security.DEBUG: User was reloaded from a user provider. {"provider":"PrestaShopBundle\\Security\\Admin\\EmployeeProvider","username":"adwords@shin-agency.com"} []
[2021-12-06 10:15:03] app.ERROR: Data from PrestaShop Addons is invalid, and cannot fallback on cache.  {"exception":"Client error response [url] https://api-addons.prestashop.com?format=json&iso_lang=fr&iso_code=FR&version=1.7.7.3&shop_url=http%3A%2F%2Fwww.frenchfiller-beauty.com&method=listing&action=customer&username=adwords%40shin-agency.com&password=yann2021 [status code] 400 [reason phrase] Bad Request"} []
[2021-12-06 10:15:04] security.DEBUG: Stored the security token in the session. {"key":"_security_main"} []
[2021-12-06 10:15:05] request.INFO: Matched route "admin_module_configure_action". {"route":"admin_module_configure_action","route_parameters":{"_controller":"PrestaShopBundle\\Controller\\Admin\\Improve\\ModuleController::configureModuleAction","_legacy_controller":"AdminModules","module_name":"xmlfeeds","_route":"admin_module_configure_action"},"request_uri":"https://www.frenchfiller-beauty.com/admin984s0lgwu/index.php/improve/modules/manage/action/configure/xmlfeeds?_token=Py6tcbKcuHfm82NiHZFvxtGJ5Ln1TwaQzJVdgJzujFY","method":"GET"} []
[2021-12-06 10:15:05] security.DEBUG: Read existing security token from the session. {"key":"_security_main","token_class":"Symfony\\Component\\Security\\Core\\Authentication\\Token\\UsernamePasswordToken"} []
[2021-12-06 10:15:05] security.DEBUG: User was reloaded from a user provider. {"provider":"PrestaShopBundle\\Security\\Admin\\EmployeeProvider","username":"adwords@shin-agency.com"} []
[2021-12-06 10:15:05] app.ERROR: Data from PrestaShop Addons is invalid, and cannot fallback on cache.  {"exception":"Client error response [url] https://api-addons.prestashop.com?format=json&iso_lang=fr&iso_code=FR&version=1.7.7.3&shop_url=http%3A%2F%2Fwww.frenchfiller-beauty.com&method=listing&action=customer&username=adwords%40shin-agency.com&password=yann2021 [status code] 400 [reason phrase] Bad Request"} []
[2021-12-06 10:15:06] security.DEBUG: Stored the security token in the session. {"key":"_security_main"} []
[2021-12-06 10:18:38] request.INFO: Matched route "admin_module_notification_count". {"route":"admin_module_notification_count","route_parameters":{"_controller":"PrestaShopBundle\\Controller\\Admin\\Improve\\Modules\\AlertsController::notificationsCountAction","_legacy_controller":"AdminModulesNotifications","_legacy_link":"AdminModulesNotifications:count","_route":"admin_module_notification_count"},"request_uri":"https://www.frenchfiller-beauty.com/admin984s0lgwu/index.php/improve/modules/alerts/count?_token=Py6tcbKcuHfm82NiHZFvxtGJ5Ln1TwaQzJVdgJzujFY","method":"GET"} []
[2021-12-06 10:18:38] security.DEBUG: Read existing security token from the session. {"key":"_security_main","token_class":"Symfony\\Component\\Security\\Core\\Authentication\\Token\\UsernamePasswordToken"} []
[2021-12-06 10:18:38] security.DEBUG: User was reloaded from a user provider. {"provider":"PrestaShopBundle\\Security\\Admin\\EmployeeProvider","username":"adwords@shin-agency.com"} []
[2021-12-06 10:18:38] app.ERROR: Data from PrestaShop Addons is invalid, and cannot fallback on cache.  {"exception":"Client error response [url] https://api-addons.prestashop.com?format=json&iso_lang=fr&iso_code=FR&version=1.7.7.3&shop_url=http%3A%2F%2Fwww.frenchfiller-beauty.com&method=listing&action=customer&username=adwords%40shin-agency.com&password=yann2021 [status code] 400 [reason phrase] Bad Request"} []
[2021-12-06 10:18:38] security.DEBUG: Stored the security token in the session. {"key":"_security_main"} []
[2021-12-06 10:18:38] request.INFO: Matched route "admin_module_catalog_refresh". {"route":"admin_module_catalog_refresh","route_parameters":{"category":null,"keyword":null,"_controller":"PrestaShopBundle\\Controller\\Admin\\Improve\\ModuleController::refreshCatalogAction","_legacy_controller":"AdminModulesCatalog","_legacy_link":"AdminModulesCatalog:refresh","_route":"admin_module_catalog_refresh"},"request_uri":"https://www.frenchfiller-beauty.com/admin984s0lgwu/index.php/improve/modules/catalog/refresh?_token=Py6tcbKcuHfm82NiHZFvxtGJ5Ln1TwaQzJVdgJzujFY","method":"GET"} []
[2021-12-06 10:18:38] security.DEBUG: Read existing security token from the session. {"key":"_security_main","token_class":"Symfony\\Component\\Security\\Core\\Authentication\\Token\\UsernamePasswordToken"} []
[2021-12-06 10:18:38] security.DEBUG: User was reloaded from a user provider. {"provider":"PrestaShopBundle\\Security\\Admin\\EmployeeProvider","username":"adwords@shin-agency.com"} []
[2021-12-06 10:18:38] app.ERROR: Data from PrestaShop Addons is invalid, and cannot fallback on cache.  {"exception":"Client error response [url] https://api-addons.prestashop.com?format=json&iso_lang=fr&iso_code=FR&version=1.7.7.3&shop_url=http%3A%2F%2Fwww.frenchfiller-beauty.com&method=listing&action=customer&username=adwords%40shin-agency.com&password=yann2021 [status code] 400 [reason phrase] Bad Request"} []
[2021-12-06 10:18:39] security.DEBUG: Stored the security token in the session. {"key":"_security_main"} []
[2021-12-06 10:25:06] request.INFO: Matched route "admin_module_manage". {"route":"admin_module_manage","route_parameters":{"category":null,"keyword":null,"_controller":"PrestaShopBundle\\Controller\\Admin\\Improve\\ModuleController::manageAction","_legacy_controller":"AdminModulesManage","_legacy_link":["AdminModulesManage","AdminModulesSf"],"_route":"admin_module_manage"},"request_uri":"https://www.frenchfiller-beauty.com/admin984s0lgwu/index.php/improve/modules/manage?_token=Py6tcbKcuHfm82NiHZFvxtGJ5Ln1TwaQzJVdgJzujFY","method":"GET"} []
[2021-12-06 10:25:06] security.DEBUG: Read existing security token from the session. {"key":"_security_main","token_class":"Symfony\\Component\\Security\\Core\\Authentication\\Token\\UsernamePasswordToken"} []
[2021-12-06 10:25:06] security.DEBUG: User was reloaded from a user provider. {"provider":"PrestaShopBundle\\Security\\Admin\\EmployeeProvider","username":"adwords@shin-agency.com"} []
[2021-12-06 10:25:06] app.ERROR: Data from PrestaShop Addons is invalid, and cannot fallback on cache.  {"exception":"Client error response [url] https://api-addons.prestashop.com?format=json&iso_lang=fr&iso_code=FR&version=1.7.7.3&shop_url=http%3A%2F%2Fwww.frenchfiller-beauty.com&method=listing&action=customer&username=adwords%40shin-agency.com&password=yann2021 [status code] 400 [reason phrase] Bad Request"} []
[2021-12-06 10:25:06] security.DEBUG: Stored the security token in the session. {"key":"_security_main"} []
[2021-12-06 10:25:07] request.INFO: Matched route "admin_module_notification_count". {"route":"admin_module_notification_count","route_parameters":{"_controller":"PrestaShopBundle\\Controller\\Admin\\Improve\\Modules\\AlertsController::notificationsCountAction","_legacy_controller":"AdminModulesNotifications","_legacy_link":"AdminModulesNotifications:count","_route":"admin_module_notification_count"},"request_uri":"https://www.frenchfiller-beauty.com/admin984s0lgwu/index.php/improve/modules/alerts/count?_token=Py6tcbKcuHfm82NiHZFvxtGJ5Ln1TwaQzJVdgJzujFY","method":"GET"} []
[2021-12-06 10:25:07] security.DEBUG: Read existing security token from the session. {"key":"_security_main","token_class":"Symfony\\Component\\Security\\Core\\Authentication\\Token\\UsernamePasswordToken"} []
[2021-12-06 10:25:07] security.DEBUG: User was reloaded from a user provider. {"provider":"PrestaShopBundle\\Security\\Admin\\EmployeeProvider","username":"adwords@shin-agency.com"} []
[2021-12-06 10:25:07] app.ERROR: Data from PrestaShop Addons is invalid, and cannot fallback on cache.  {"exception":"Client error response [url] https://api-addons.prestashop.com?format=json&iso_lang=fr&iso_code=FR&version=1.7.7.3&shop_url=http%3A%2F%2Fwww.frenchfiller-beauty.com&method=listing&action=customer&username=adwords%40shin-agency.com&password=yann2021 [status code] 400 [reason phrase] Bad Request"} []
[2021-12-06 10:25:07] security.DEBUG: Stored the security token in the session. {"key":"_security_main"} []
[2021-12-06 10:25:09] request.INFO: Matched route "admin_module_configure_action". {"route":"admin_module_configure_action","route_parameters":{"_controller":"PrestaShopBundle\\Controller\\Admin\\Improve\\ModuleController::configureModuleAction","_legacy_controller":"AdminModules","module_name":"xmlfeeds","_route":"admin_module_configure_action"},"request_uri":"https://www.frenchfiller-beauty.com/admin984s0lgwu/index.php/improve/modules/manage/action/configure/xmlfeeds?_token=Py6tcbKcuHfm82NiHZFvxtGJ5Ln1TwaQzJVdgJzujFY","method":"GET"} []
[2021-12-06 10:25:09] security.DEBUG: Read existing security token from the session. {"key":"_security_main","token_class":"Symfony\\Component\\Security\\Core\\Authentication\\Token\\UsernamePasswordToken"} []
[2021-12-06 10:25:09] security.DEBUG: User was reloaded from a user provider. {"provider":"PrestaShopBundle\\Security\\Admin\\EmployeeProvider","username":"adwords@shin-agency.com"} []
[2021-12-06 10:25:09] app.ERROR: Data from PrestaShop Addons is invalid, and cannot fallback on cache.  {"exception":"Client error response [url] https://api-addons.prestashop.com?format=json&iso_lang=fr&iso_code=FR&version=1.7.7.3&shop_url=http%3A%2F%2Fwww.frenchfiller-beauty.com&method=listing&action=customer&username=adwords%40shin-agency.com&password=yann2021 [status code] 400 [reason phrase] Bad Request"} []
[2021-12-06 10:25:09] security.DEBUG: Stored the security token in the session. {"key":"_security_main"} []
[2021-12-06 11:52:06] request.INFO: Matched route "admin_product_form". {"route":"admin_product_form","route_parameters":{"_controller":"PrestaShopBundle\\Controller\\Admin\\ProductController::formAction","_legacy_controller":"AdminProducts","_legacy_param_mapper_class":"PrestaShop\\PrestaShop\\Adapter\\Product\\AdminProductDataProvider","_legacy_param_mapper_method":"mapLegacyParametersProductForm","id":"8","_route":"admin_product_form"},"request_uri":"https://www.frenchfiller-beauty.com/admin984s0lgwu/index.php/sell/catalog/products/8?_token=Py6tcbKcuHfm82NiHZFvxtGJ5Ln1TwaQzJVdgJzujFY","method":"GET"} []
[2021-12-06 11:52:06] security.DEBUG: Read existing security token from the session. {"key":"_security_main","token_class":"Symfony\\Component\\Security\\Core\\Authentication\\Token\\UsernamePasswordToken"} []
[2021-12-06 11:52:06] security.DEBUG: User was reloaded from a user provider. {"provider":"PrestaShopBundle\\Security\\Admin\\EmployeeProvider","username":"adwords@shin-agency.com"} []
[2021-12-06 11:52:07] app.ERROR: Data from PrestaShop Addons is invalid, and cannot fallback on cache.  {"exception":"Client error response [url] https://api-addons.prestashop.com?format=json&iso_lang=fr&iso_code=FR&version=1.7.7.3&shop_url=http%3A%2F%2Fwww.frenchfiller-beauty.com&method=listing&action=customer&username=adwords%40shin-agency.com&password=yann2021 [status code] 400 [reason phrase] Bad Request"} []
[2021-12-06 11:52:07] security.DEBUG: Stored the security token in the session. {"key":"_security_main"} []
[2021-12-06 11:55:10] request.INFO: Matched route "admin_module_manage". {"route":"admin_module_manage","route_parameters":{"category":null,"keyword":null,"_controller":"PrestaShopBundle\\Controller\\Admin\\Improve\\ModuleController::manageAction","_legacy_controller":"AdminModulesManage","_legacy_link":["AdminModulesManage","AdminModulesSf"],"_route":"admin_module_manage"},"request_uri":"https://www.frenchfiller-beauty.com/admin984s0lgwu/index.php/improve/modules/manage?_token=Py6tcbKcuHfm82NiHZFvxtGJ5Ln1TwaQzJVdgJzujFY","method":"GET"} []
[2021-12-06 11:55:10] security.DEBUG: Read existing security token from the session. {"key":"_security_main","token_class":"Symfony\\Component\\Security\\Core\\Authentication\\Token\\UsernamePasswordToken"} []
[2021-12-06 11:55:10] security.DEBUG: User was reloaded from a user provider. {"provider":"PrestaShopBundle\\Security\\Admin\\EmployeeProvider","username":"adwords@shin-agency.com"} []
[2021-12-06 11:55:10] app.ERROR: Data from PrestaShop Addons is invalid, and cannot fallback on cache.  {"exception":"Client error response [url] https://api-addons.prestashop.com?format=json&iso_lang=fr&iso_code=FR&version=1.7.7.3&shop_url=http%3A%2F%2Fwww.frenchfiller-beauty.com&method=listing&action=customer&username=adwords%40shin-agency.com&password=yann2021 [status code] 400 [reason phrase] Bad Request"} []
[2021-12-06 11:55:10] security.DEBUG: Stored the security token in the session. {"key":"_security_main"} []
[2021-12-06 11:55:10] request.INFO: Matched route "admin_module_notification_count". {"route":"admin_module_notification_count","route_parameters":{"_controller":"PrestaShopBundle\\Controller\\Admin\\Improve\\Modules\\AlertsController::notificationsCountAction","_legacy_controller":"AdminModulesNotifications","_legacy_link":"AdminModulesNotifications:count","_route":"admin_module_notification_count"},"request_uri":"https://www.frenchfiller-beauty.com/admin984s0lgwu/index.php/improve/modules/alerts/count?_token=Py6tcbKcuHfm82NiHZFvxtGJ5Ln1TwaQzJVdgJzujFY","method":"GET"} []
[2021-12-06 11:55:10] security.DEBUG: Read existing security token from the session. {"key":"_security_main","token_class":"Symfony\\Component\\Security\\Core\\Authentication\\Token\\UsernamePasswordToken"} []
[2021-12-06 11:55:10] security.DEBUG: User was reloaded from a user provider. {"provider":"PrestaShopBundle\\Security\\Admin\\EmployeeProvider","username":"adwords@shin-agency.com"} []
[2021-12-06 11:55:10] app.ERROR: Data from PrestaShop Addons is invalid, and cannot fallback on cache.  {"exception":"Client error response [url] https://api-addons.prestashop.com?format=json&iso_lang=fr&iso_code=FR&version=1.7.7.3&shop_url=http%3A%2F%2Fwww.frenchfiller-beauty.com&method=listing&action=customer&username=adwords%40shin-agency.com&password=yann2021 [status code] 400 [reason phrase] Bad Request"} []
[2021-12-06 11:55:11] security.DEBUG: Stored the security token in the session. {"key":"_security_main"} []
[2021-12-06 11:55:12] request.INFO: Matched route "admin_module_configure_action". {"route":"admin_module_configure_action","route_parameters":{"_controller":"PrestaShopBundle\\Controller\\Admin\\Improve\\ModuleController::configureModuleAction","_legacy_controller":"AdminModules","module_name":"xmlfeeds","_route":"admin_module_configure_action"},"request_uri":"https://www.frenchfiller-beauty.com/admin984s0lgwu/index.php/improve/modules/manage/action/configure/xmlfeeds?_token=Py6tcbKcuHfm82NiHZFvxtGJ5Ln1TwaQzJVdgJzujFY","method":"GET"} []
[2021-12-06 11:55:12] security.DEBUG: Read existing security token from the session. {"key":"_security_main","token_class":"Symfony\\Component\\Security\\Core\\Authentication\\Token\\UsernamePasswordToken"} []
[2021-12-06 11:55:12] security.DEBUG: User was reloaded from a user provider. {"provider":"PrestaShopBundle\\Security\\Admin\\EmployeeProvider","username":"adwords@shin-agency.com"} []
[2021-12-06 11:55:12] app.ERROR: Data from PrestaShop Addons is invalid, and cannot fallback on cache.  {"exception":"Client error response [url] https://api-addons.prestashop.com?format=json&iso_lang=fr&iso_code=FR&version=1.7.7.3&shop_url=http%3A%2F%2Fwww.frenchfiller-beauty.com&method=listing&action=customer&username=adwords%40shin-agency.com&password=yann2021 [status code] 400 [reason phrase] Bad Request"} []
[2021-12-06 11:55:12] security.DEBUG: Stored the security token in the session. {"key":"_security_main"} []
[2021-12-06 12:31:09] request.INFO: Matched route "admin_product_form". {"route":"admin_product_form","route_parameters":{"_controller":"PrestaShopBundle\\Controller\\Admin\\ProductController::formAction","_legacy_controller":"AdminProducts","_legacy_param_mapper_class":"PrestaShop\\PrestaShop\\Adapter\\Product\\AdminProductDataProvider","_legacy_param_mapper_method":"mapLegacyParametersProductForm","id":"8","_route":"admin_product_form"},"request_uri":"https://www.frenchfiller-beauty.com/admin984s0lgwu/index.php/sell/catalog/products/8?_token=Py6tcbKcuHfm82NiHZFvxtGJ5Ln1TwaQzJVdgJzujFY","method":"GET"} []
[2021-12-06 12:31:09] security.DEBUG: Read existing security token from the session. {"key":"_security_main","token_class":"Symfony\\Component\\Security\\Core\\Authentication\\Token\\UsernamePasswordToken"} []
[2021-12-06 12:31:09] security.DEBUG: User was reloaded from a user provider. {"provider":"PrestaShopBundle\\Security\\Admin\\EmployeeProvider","username":"adwords@shin-agency.com"} []
[2021-12-06 12:31:10] app.ERROR: Data from PrestaShop Addons is invalid, and cannot fallback on cache.  {"exception":"Client error response [url] https://api-addons.prestashop.com?format=json&iso_lang=fr&iso_code=FR&version=1.7.7.3&shop_url=http%3A%2F%2Fwww.frenchfiller-beauty.com&method=listing&action=customer&username=adwords%40shin-agency.com&password=yann2021 [status code] 400 [reason phrase] Bad Request"} []
[2021-12-06 12:31:10] security.DEBUG: Stored the security token in the session. {"key":"_security_main"} []
[2021-12-06 14:46:16] request.INFO: Matched route "admin_product_form". {"route":"admin_product_form","route_parameters":{"_controller":"PrestaShopBundle\\Controller\\Admin\\ProductController::formAction","_legacy_controller":"AdminProducts","_legacy_param_mapper_class":"PrestaShop\\PrestaShop\\Adapter\\Product\\AdminProductDataProvider","_legacy_param_mapper_method":"mapLegacyParametersProductForm","id":"8","_route":"admin_product_form"},"request_uri":"https://www.frenchfiller-beauty.com/admin984s0lgwu/index.php/sell/catalog/products/8?_token=Py6tcbKcuHfm82NiHZFvxtGJ5Ln1TwaQzJVdgJzujFY","method":"GET"} []
[2021-12-06 14:46:16] security.DEBUG: Read existing security token from the session. {"key":"_security_main","token_class":"Symfony\\Component\\Security\\Core\\Authentication\\Token\\UsernamePasswordToken"} []
[2021-12-06 14:46:16] security.DEBUG: User was reloaded from a user provider. {"provider":"PrestaShopBundle\\Security\\Admin\\EmployeeProvider","username":"adwords@shin-agency.com"} []
[2021-12-06 14:46:17] app.ERROR: Data from PrestaShop Addons is invalid, and cannot fallback on cache.  {"exception":"Client error response [url] https://api-addons.prestashop.com?format=json&iso_lang=fr&iso_code=FR&version=1.7.7.3&shop_url=http%3A%2F%2Fwww.frenchfiller-beauty.com&method=listing&action=customer&username=adwords%40shin-agency.com&password=yann2021 [status code] 400 [reason phrase] Bad Request"} []
[2021-12-06 14:46:17] security.DEBUG: Stored the security token in the session. {"key":"_security_main"} []
[2021-12-06 15:03:34] request.INFO: Matched route "admin_module_manage". {"route":"admin_module_manage","route_parameters":{"category":null,"keyword":null,"_controller":"PrestaShopBundle\\Controller\\Admin\\Improve\\ModuleController::manageAction","_legacy_controller":"AdminModulesManage","_legacy_link":["AdminModulesManage","AdminModulesSf"],"_route":"admin_module_manage"},"request_uri":"https://www.frenchfiller-beauty.com/admin984s0lgwu/index.php/improve/modules/manage?_token=Py6tcbKcuHfm82NiHZFvxtGJ5Ln1TwaQzJVdgJzujFY","method":"GET"} []
[2021-12-06 15:03:34] security.DEBUG: Read existing security token from the session. {"key":"_security_main","token_class":"Symfony\\Component\\Security\\Core\\Authentication\\Token\\UsernamePasswordToken"} []
[2021-12-06 15:03:34] security.DEBUG: User was reloaded from a user provider. {"provider":"PrestaShopBundle\\Security\\Admin\\EmployeeProvider","username":"adwords@shin-agency.com"} []
[2021-12-06 15:03:34] app.ERROR: Data from PrestaShop Addons is invalid, and cannot fallback on cache.  {"exception":"Client error response [url] https://api-addons.prestashop.com?format=json&iso_lang=fr&iso_code=FR&version=1.7.7.3&shop_url=http%3A%2F%2Fwww.frenchfiller-beauty.com&method=listing&action=customer&username=adwords%40shin-agency.com&password=yann2021 [status code] 400 [reason phrase] Bad Request"} []
[2021-12-06 15:03:35] security.DEBUG: Stored the security token in the session. {"key":"_security_main"} []
[2021-12-06 15:03:35] request.INFO: Matched route "admin_module_notification_count". {"route":"admin_module_notification_count","route_parameters":{"_controller":"PrestaShopBundle\\Controller\\Admin\\Improve\\Modules\\AlertsController::notificationsCountAction","_legacy_controller":"AdminModulesNotifications","_legacy_link":"AdminModulesNotifications:count","_route":"admin_module_notification_count"},"request_uri":"https://www.frenchfiller-beauty.com/admin984s0lgwu/index.php/improve/modules/alerts/count?_token=Py6tcbKcuHfm82NiHZFvxtGJ5Ln1TwaQzJVdgJzujFY","method":"GET"} []
[2021-12-06 15:03:35] security.DEBUG: Read existing security token from the session. {"key":"_security_main","token_class":"Symfony\\Component\\Security\\Core\\Authentication\\Token\\UsernamePasswordToken"} []
[2021-12-06 15:03:35] security.DEBUG: User was reloaded from a user provider. {"provider":"PrestaShopBundle\\Security\\Admin\\EmployeeProvider","username":"adwords@shin-agency.com"} []
[2021-12-06 15:03:35] app.ERROR: Data from PrestaShop Addons is invalid, and cannot fallback on cache.  {"exception":"Client error response [url] https://api-addons.prestashop.com?format=json&iso_lang=fr&iso_code=FR&version=1.7.7.3&shop_url=http%3A%2F%2Fwww.frenchfiller-beauty.com&method=listing&action=customer&username=adwords%40shin-agency.com&password=yann2021 [status code] 400 [reason phrase] Bad Request"} []
[2021-12-06 15:03:35] security.DEBUG: Stored the security token in the session. {"key":"_security_main"} []
[2021-12-06 15:55:47] request.INFO: Matched route "admin_module_manage". {"route":"admin_module_manage","route_parameters":{"category":null,"keyword":null,"_controller":"PrestaShopBundle\\Controller\\Admin\\Improve\\ModuleController::manageAction","_legacy_controller":"AdminModulesManage","_legacy_link":["AdminModulesManage","AdminModulesSf"],"_route":"admin_module_manage"},"request_uri":"https://www.frenchfiller-beauty.com/admin984s0lgwu/index.php/improve/modules/manage?_token=Py6tcbKcuHfm82NiHZFvxtGJ5Ln1TwaQzJVdgJzujFY","method":"GET"} []
[2021-12-06 15:55:47] security.DEBUG: Read existing security token from the session. {"key":"_security_main","token_class":"Symfony\\Component\\Security\\Core\\Authentication\\Token\\UsernamePasswordToken"} []
[2021-12-06 15:55:47] security.DEBUG: User was reloaded from a user provider. {"provider":"PrestaShopBundle\\Security\\Admin\\EmployeeProvider","username":"adwords@shin-agency.com"} []
[2021-12-06 15:55:48] app.ERROR: Data from PrestaShop Addons is invalid, and cannot fallback on cache.  {"exception":"Client error response [url] https://api-addons.prestashop.com?format=json&iso_lang=fr&iso_code=FR&version=1.7.7.3&shop_url=http%3A%2F%2Fwww.frenchfiller-beauty.com&method=listing&action=customer&username=adwords%40shin-agency.com&password=yann2021 [status code] 400 [reason phrase] Bad Request"} []
[2021-12-06 15:55:48] security.DEBUG: Stored the security token in the session. {"key":"_security_main"} []
[2021-12-06 15:55:48] request.INFO: Matched route "admin_module_notification_count". {"route":"admin_module_notification_count","route_parameters":{"_controller":"PrestaShopBundle\\Controller\\Admin\\Improve\\Modules\\AlertsController::notificationsCountAction","_legacy_controller":"AdminModulesNotifications","_legacy_link":"AdminModulesNotifications:count","_route":"admin_module_notification_count"},"request_uri":"https://www.frenchfiller-beauty.com/admin984s0lgwu/index.php/improve/modules/alerts/count?_token=Py6tcbKcuHfm82NiHZFvxtGJ5Ln1TwaQzJVdgJzujFY","method":"GET"} []
[2021-12-06 15:55:48] security.DEBUG: Read existing security token from the session. {"key":"_security_main","token_class":"Symfony\\Component\\Security\\Core\\Authentication\\Token\\UsernamePasswordToken"} []
[2021-12-06 15:55:48] security.DEBUG: User was reloaded from a user provider. {"provider":"PrestaShopBundle\\Security\\Admin\\EmployeeProvider","username":"adwords@shin-agency.com"} []
[2021-12-06 15:55:48] app.ERROR: Data from PrestaShop Addons is invalid, and cannot fallback on cache.  {"exception":"Client error response [url] https://api-addons.prestashop.com?format=json&iso_lang=fr&iso_code=FR&version=1.7.7.3&shop_url=http%3A%2F%2Fwww.frenchfiller-beauty.com&method=listing&action=customer&username=adwords%40shin-agency.com&password=yann2021 [status code] 400 [reason phrase] Bad Request"} []
[2021-12-06 15:55:49] security.DEBUG: Stored the security token in the session. {"key":"_security_main"} []
[2021-12-06 15:55:51] request.INFO: Matched route "admin_module_configure_action". {"route":"admin_module_configure_action","route_parameters":{"_controller":"PrestaShopBundle\\Controller\\Admin\\Improve\\ModuleController::configureModuleAction","_legacy_controller":"AdminModules","module_name":"xmlfeeds","_route":"admin_module_configure_action"},"request_uri":"https://www.frenchfiller-beauty.com/admin984s0lgwu/index.php/improve/modules/manage/action/configure/xmlfeeds?_token=Py6tcbKcuHfm82NiHZFvxtGJ5Ln1TwaQzJVdgJzujFY","method":"GET"} []
[2021-12-06 15:55:51] security.DEBUG: Read existing security token from the session. {"key":"_security_main","token_class":"Symfony\\Component\\Security\\Core\\Authentication\\Token\\UsernamePasswordToken"} []
[2021-12-06 15:55:51] security.DEBUG: User was reloaded from a user provider. {"provider":"PrestaShopBundle\\Security\\Admin\\EmployeeProvider","username":"adwords@shin-agency.com"} []
[2021-12-06 15:55:51] app.ERROR: Data from PrestaShop Addons is invalid, and cannot fallback on cache.  {"exception":"Client error response [url] https://api-addons.prestashop.com?format=json&iso_lang=fr&iso_code=FR&version=1.7.7.3&shop_url=http%3A%2F%2Fwww.frenchfiller-beauty.com&method=listing&action=customer&username=adwords%40shin-agency.com&password=yann2021 [status code] 400 [reason phrase] Bad Request"} []
[2021-12-06 15:55:51] security.DEBUG: Stored the security token in the session. {"key":"_security_main"} []
[2021-12-06 17:56:08] request.INFO: Matched route "admin_product_form". {"route":"admin_product_form","route_parameters":{"_controller":"PrestaShopBundle\\Controller\\Admin\\ProductController::formAction","_legacy_controller":"AdminProducts","_legacy_param_mapper_class":"PrestaShop\\PrestaShop\\Adapter\\Product\\AdminProductDataProvider","_legacy_param_mapper_method":"mapLegacyParametersProductForm","id":"8","_route":"admin_product_form"},"request_uri":"https://www.frenchfiller-beauty.com/admin984s0lgwu/index.php/sell/catalog/products/8?_token=Py6tcbKcuHfm82NiHZFvxtGJ5Ln1TwaQzJVdgJzujFY","method":"GET"} []
[2021-12-06 17:56:08] security.DEBUG: Read existing security token from the session. {"key":"_security_main","token_class":"Symfony\\Component\\Security\\Core\\Authentication\\Token\\UsernamePasswordToken"} []
[2021-12-06 17:56:08] security.DEBUG: User was reloaded from a user provider. {"provider":"PrestaShopBundle\\Security\\Admin\\EmployeeProvider","username":"adwords@shin-agency.com"} []
[2021-12-06 17:56:09] app.ERROR: Data from PrestaShop Addons is invalid, and cannot fallback on cache.  {"exception":"Client error response [url] https://api-addons.prestashop.com?format=json&iso_lang=fr&iso_code=FR&version=1.7.7.3&shop_url=http%3A%2F%2Fwww.frenchfiller-beauty.com&method=listing&action=customer&username=adwords%40shin-agency.com&password=yann2021 [status code] 400 [reason phrase] Bad Request"} []
[2021-12-06 17:56:09] security.DEBUG: Stored the security token in the session. {"key":"_security_main"} []
[2022-01-31 14:18:35] request.INFO: Matched route "admin_product_image_form". {"route":"admin_product_image_form","route_parameters":{"_controller":"PrestaShopBundle\\Controller\\Admin\\ProductImageController::formAction","idImage":"232","_route":"admin_product_image_form"},"request_uri":"https://www.frenchfiller-beauty.com/admin984s0lgwu/index.php/sell/catalog/products/image/form/232?_token=kRhuF1EW18739kKDofon8eFfPZtUbv74-6Ck97mUDpY","method":"POST"} []
[2022-01-31 14:18:35] security.DEBUG: Read existing security token from the session. {"key":"_security_main","token_class":"Symfony\\Component\\Security\\Core\\Authentication\\Token\\UsernamePasswordToken"} []
[2022-01-31 14:18:35] security.DEBUG: User was reloaded from a user provider. {"provider":"PrestaShopBundle\\Security\\Admin\\EmployeeProvider","username":"pharmaciedutrocadero@gmail.com"} []
[2022-01-31 14:18:35] request.CRITICAL: Uncaught PHP Exception PrestaShopException: "La longueur du champ Image->legend est actuellement 172 caractères. Il doit être entre 0 et 128 caractères." at /data/serveur/site/frenchfiller-beauty.com/www/prod/racine/classes/ObjectModel.php line 1093 {"exception":"[object] (PrestaShopException(code: 0): La longueur du champ Image->legend est actuellement 172 caractères. Il doit être entre 0 et 128 caractères. at /data/serveur/site/frenchfiller-beauty.com/www/prod/racine/classes/ObjectModel.php:1093)"} []
[2022-01-31 14:18:42] security.DEBUG: Stored the security token in the session. {"key":"_security_main"} []
[2022-01-31 14:18:48] request.INFO: Matched route "admin_product_image_form". {"route":"admin_product_image_form","route_parameters":{"_controller":"PrestaShopBundle\\Controller\\Admin\\ProductImageController::formAction","idImage":"235","_route":"admin_product_image_form"},"request_uri":"https://www.frenchfiller-beauty.com/admin984s0lgwu/index.php/sell/catalog/products/image/form/235?_token=kRhuF1EW18739kKDofon8eFfPZtUbv74-6Ck97mUDpY","method":"POST"} []
[2022-01-31 14:18:48] security.DEBUG: Read existing security token from the session. {"key":"_security_main","token_class":"Symfony\\Component\\Security\\Core\\Authentication\\Token\\UsernamePasswordToken"} []
[2022-01-31 14:18:48] security.DEBUG: User was reloaded from a user provider. {"provider":"PrestaShopBundle\\Security\\Admin\\EmployeeProvider","username":"pharmaciedutrocadero@gmail.com"} []
[2022-01-31 14:18:48] request.CRITICAL: Uncaught PHP Exception PrestaShopException: "La longueur du champ Image->legend est actuellement 172 caractères. Il doit être entre 0 et 128 caractères." at /data/serveur/site/frenchfiller-beauty.com/www/prod/racine/classes/ObjectModel.php line 1093 {"exception":"[object] (PrestaShopException(code: 0): La longueur du champ Image->legend est actuellement 172 caractères. Il doit être entre 0 et 128 caractères. at /data/serveur/site/frenchfiller-beauty.com/www/prod/racine/classes/ObjectModel.php:1093)"} []
[2022-01-31 14:18:48] security.DEBUG: Stored the security token in the session. {"key":"_security_main"} []
[2022-01-31 14:18:57] request.INFO: Matched route "admin_product_image_form". {"route":"admin_product_image_form","route_parameters":{"_controller":"PrestaShopBundle\\Controller\\Admin\\ProductImageController::formAction","idImage":"232","_route":"admin_product_image_form"},"request_uri":"https://www.frenchfiller-beauty.com/admin984s0lgwu/index.php/sell/catalog/products/image/form/232?_token=kRhuF1EW18739kKDofon8eFfPZtUbv74-6Ck97mUDpY","method":"POST"} []
[2022-01-31 14:18:57] security.DEBUG: Read existing security token from the session. {"key":"_security_main","token_class":"Symfony\\Component\\Security\\Core\\Authentication\\Token\\UsernamePasswordToken"} []
[2022-01-31 14:18:57] security.DEBUG: User was reloaded from a user provider. {"provider":"PrestaShopBundle\\Security\\Admin\\EmployeeProvider","username":"pharmaciedutrocadero@gmail.com"} []
[2022-01-31 14:18:57] request.CRITICAL: Uncaught PHP Exception PrestaShopException: "La longueur du champ Image->legend est actuellement 172 caractères. Il doit être entre 0 et 128 caractères." at /data/serveur/site/frenchfiller-beauty.com/www/prod/racine/classes/ObjectModel.php line 1093 {"exception":"[object] (PrestaShopException(code: 0): La longueur du champ Image->legend est actuellement 172 caractères. Il doit être entre 0 et 128 caractères. at /data/serveur/site/frenchfiller-beauty.com/www/prod/racine/classes/ObjectModel.php:1093)"} []
[2022-01-31 14:18:58] security.DEBUG: Stored the security token in the session. {"key":"_security_main"} []
[2022-02-06 18:24:51] request.ERROR: Uncaught PHP Exception Symfony\Component\HttpKernel\Exception\MethodNotAllowedHttpException: "No route found for "GET /sell/orders/place": Method Not Allowed (Allow: POST)" at /data/serveur/site/frenchfiller-beauty.com/www/prod/racine/vendor/symfony/symfony/src/Symfony/Component/HttpKernel/EventListener/RouterListener.php line 141 {"exception":"[object] (Symfony\\Component\\HttpKernel\\Exception\\MethodNotAllowedHttpException(code: 0): No route found for \"GET /sell/orders/place\": Method Not Allowed (Allow: POST) at /data/serveur/site/frenchfiller-beauty.com/www/prod/racine/vendor/symfony/symfony/src/Symfony/Component/HttpKernel/EventListener/RouterListener.php:141, Symfony\\Component\\Routing\\Exception\\MethodNotAllowedException(code: 0):  at /data/serveur/site/frenchfiller-beauty.com/www/prod/racine/var/cache/prod/appProdProjectContainerUrlMatcher.php:6538)"} []
