[2021-11-02 14:26:32] Colissimo_1_4_1_Affranchissement.INFO: Order #19 (QFJVFCXKI) - Generate label [] []
[2021-11-02 14:26:32] Colissimo_1_4_1_Affranchissement.INFO: Order #19 (QFJVFCXKI) - Shipping type: HOME DELIVERY [] []
[2021-11-02 14:26:32] Colissimo_1_4_1_Affranchissement.INFO: Order #19 (QFJVFCXKI) - Include customs declarations ["data",{"includeCustomsDeclarations":1,"contents":{"article":[{"description":"Microneedling Biorevitalizing PLUS","quantity":"1","weight":0.6,"value":77.466667,"hsCode":"33049900","originCountry":"FR","currency":"EUR","artref":"Biorevitalisant-plus","originalIdent":"A"}],"category":{"value":3}}}] []
[2021-11-02 14:26:32] Colissimo_1_4_1_Affranchissement.INFO: Order #19 (QFJVFCXKI) - Request {"request":{"contractNumber":"*****","password":"*****","outputFormat":{"x":0,"y":0,"outputPrintingType":"PDF_A4_300dpi"},"letter":{"service":{"productCode":"DOS","depositDate":"2021-11-02","transportationAmount":1889,"totalAmount":1889,"returnTypeChoice":3,"orderNumber":"QFJVFCXKI"},"parcel":{"weight":"0.6"},"customsDeclarations":{"includeCustomsDeclarations":1,"contents":{"article":[{"description":"Microneedling Biorevitalizing PLUS","quantity":"1","weight":0.6,"value":77.466667,"hsCode":"33049900","originCountry":"FR","currency":"EUR","artref":"Biorevitalisant-plus","originalIdent":"A"}],"category":{"value":3}}},"sender":{"senderParcelRef":"QFJVFCXKI","address":{"companyName":"SAS French Filler","lastName":"LEVY","firstName":"LEVY","line0":"","line1":"","line2":"106 Avenue Kleber","line3":"PHARMACIE DU TROCADERO","countryCode":"FR","city":"PARIS","zipCode":"75116","phoneNumber":"+33622898454","email":"contact@frenchfiller.com"}},"addressee":{"addresseeParcelRef":"QFJVFCXKI","codeBarForReference":true,"address":{"companyName":"","lastName":"Ahlem ","firstName":"Schroeder","line2":"Chemin du bois de seyme 8","line3":"","countryCode":"CH","city":"Vandoeuvres ","zipCode":"1253","phoneNumber":"","mobileNumber":"","email":"ahlem.lamkarfed@gmail.com"}}},"fields":{"customField":[{"key":"CUSER_INFO_TEXT","value":"PS1.7.7.3;1.4.1"},{"key":"EORI","value":""}]}}} []
[2021-11-02 14:26:33] Colissimo_1_4_1_Affranchissement.INFO: Order #19 (QFJVFCXKI) - Response {"response":{"messages":[{"id":"0","type":"INFOS","messageContent":"La requ\u00eate a \u00e9t\u00e9 trait\u00e9e avec succ\u00e8s","replacementValues":[]}],"labelXmlV2Reponse":null,"labelV2Response":{"parcelNumber":"CB601989622FR","parcelNumberPartner":"996010984460198962","pdfUrl":null,"fields":{"field":[{"key":"NETWORK_NAME","value":"EPG"},{"key":"PARTNER_NAME","value":"Swiss Post"},{"key":"PARTNER_CAB","value":"996010984460198962"},{"key":"CN23_THERMIQUE","value":"N"}],"customField":[{"key":"NETWORK_NAME","value":"EPG"},{"key":"PARTNER_NAME","value":"Swiss Post"},{"key":"PARTNER_CAB","value":"996010984460198962"},{"key":"CN23_THERMIQUE","value":"N"}]}}}} []
[2021-11-02 14:26:33] Colissimo_1_4_1_Affranchissement.INFO: Order #19 (QFJVFCXKI) - CN23 generated [] []
[2021-11-02 14:26:34] Colissimo_1_4_1_Affranchissement.INFO: Send tracking mail for shipment CB601989622FR [] []
[2021-11-07 11:57:40] Colissimo_1_4_1_Dashboard.INFO: Update tracking up to 15 days ago. [] []
[2021-11-07 11:57:40] Colissimo_1_4_1_HookAdminOrder.INFO: Update tracking for order #19 [] []
[2021-11-07 11:57:41] Colissimo_1_4_1_HookAdminOrder.INFO: Log XML request {"xml":[{"accountNumber":"****","password":"****","skybillNumber":"CB601989622FR"}]} []
[2021-11-07 11:57:41] Colissimo_1_4_1_HookAdminOrder.INFO: Update tracking. [] []
[2021-11-07 11:57:41] Colissimo_1_4_1_HookAdminOrder.INFO: Update order status to "Delivered" [] []
[2021-11-09 17:42:48] Colissimo_1_4_1_HookNewOrder.INFO: Hook newOrder called [] []
[2021-11-09 17:42:48] Colissimo_1_4_1_HookNewOrder.INFO: Order #20 - Carrier details {"id_carrier":"106","id_reference":"3"} []
[2021-11-09 17:42:48] Colissimo_1_4_1_HookNewOrder.INFO: Order #20 - Order Carrier details [{"id_order_carrier":"20","id_order":"20","id_carrier":"106","id_order_invoice":"0","weight":"1.200000","shipping_cost_tax_excl":"5.000000","shipping_cost_tax_incl":"5.000000","tracking_number":"","date_add":"2021-11-09 17:42:47"}] []
[2021-11-09 17:42:48] Colissimo_1_4_1_HookNewOrder.INFO: Order #20 - Carrier type : DOMICILE [] []
[2021-11-09 17:42:48] Colissimo_1_4_1_HookNewOrder.INFO: Order #20 - Colissimo Order created {"obj":{"id_colissimo_order":null,"id_order":20,"id_colissimo_service":5,"id_colissimo_pickup_point":0,"migration":0,"hidden":0,"id":"9","id_shop_list":[],"force_id":false}} []
[2021-11-10 09:44:05] Colissimo_1_4_1_HookNewOrder.INFO: Hook newOrder called [] []
[2021-11-10 09:44:05] Colissimo_1_4_1_HookNewOrder.INFO: Order #21 - Carrier details {"id_carrier":"110","id_reference":"95"} []
[2021-11-10 09:44:05] Colissimo_1_4_1_HookNewOrder.INFO: Order #21 - Order Carrier details [{"id_order_carrier":"21","id_order":"21","id_carrier":"110","id_order_invoice":"0","weight":"0.500000","shipping_cost_tax_excl":"10.900000","shipping_cost_tax_incl":"10.900000","tracking_number":"","date_add":"2021-11-10 09:44:05"}] []
[2021-11-10 09:44:05] Colissimo_1_4_1_HookNewOrder.INFO: Order #21 - Not a Colissimo Carrier. {"id":95} []
[2021-11-10 09:46:14] Colissimo_1_4_1_HookNewOrder.INFO: Hook newOrder called [] []
[2021-11-10 09:46:14] Colissimo_1_4_1_HookNewOrder.INFO: Order #22 - Carrier details {"id_carrier":"106","id_reference":"3"} []
[2021-11-10 09:46:14] Colissimo_1_4_1_HookNewOrder.INFO: Order #22 - Order Carrier details [{"id_order_carrier":"22","id_order":"22","id_carrier":"106","id_order_invoice":"0","weight":"1.200000","shipping_cost_tax_excl":"5.000000","shipping_cost_tax_incl":"5.000000","tracking_number":"","date_add":"2021-11-10 09:46:14"}] []
[2021-11-10 09:46:14] Colissimo_1_4_1_HookNewOrder.INFO: Order #22 - Carrier type : DOMICILE [] []
[2021-11-10 09:46:14] Colissimo_1_4_1_HookNewOrder.INFO: Order #22 - Colissimo Order created {"obj":{"id_colissimo_order":null,"id_order":22,"id_colissimo_service":5,"id_colissimo_pickup_point":0,"migration":0,"hidden":0,"id":"10","id_shop_list":[],"force_id":false}} []
[2021-11-10 10:51:49] Colissimo_1_4_1_Affranchissement.INFO: Order #22 (DSARWRGKB) - Generate label [] []
[2021-11-10 10:51:49] Colissimo_1_4_1_Affranchissement.INFO: Order #22 (DSARWRGKB) - Shipping type: HOME DELIVERY [] []
[2021-11-10 10:51:49] Colissimo_1_4_1_Affranchissement.INFO: Order #22 (DSARWRGKB) - Request {"request":{"contractNumber":"*****","password":"*****","outputFormat":{"x":0,"y":0,"outputPrintingType":"PDF_A4_300dpi"},"letter":{"service":{"productCode":"DOS","depositDate":"2021-11-10","transportationAmount":500,"orderNumber":"DSARWRGKB"},"parcel":{"weight":"1.2"},"sender":{"senderParcelRef":"DSARWRGKB","address":{"companyName":"SAS French Filler","lastName":"LEVY","firstName":"LEVY","line0":"","line1":"","line2":"106 Avenue Kleber","line3":"PHARMACIE DU TROCADERO","countryCode":"FR","city":"PARIS","zipCode":"75116","phoneNumber":"+33622898454","email":"contact@frenchfiller.com"}},"addressee":{"addresseeParcelRef":"DSARWRGKB","codeBarForReference":true,"address":{"companyName":"","lastName":"Eladier taieb","firstName":"Aurelie","line2":"59 av Victor hugo","line3":"","countryCode":"FR","city":"Paris","zipCode":"75016","phoneNumber":"0629576269","mobileNumber":"","email":"aurelietaieb26@gmail.com"}}},"fields":{"customField":[{"key":"CUSER_INFO_TEXT","value":"PS1.7.7.3;1.4.1"},{"key":"EORI","value":""}]}}} []
[2021-11-10 10:51:50] Colissimo_1_4_1_Affranchissement.INFO: Order #22 (DSARWRGKB) - Response {"response":{"messages":[{"id":"0","type":"INFOS","messageContent":"La requ\u00eate a \u00e9t\u00e9 trait\u00e9e avec succ\u00e8s","replacementValues":[]}],"labelXmlV2Reponse":null,"labelV2Response":{"parcelNumber":"6C14926902720","parcelNumberPartner":"0075016116C1492690272802250X","pdfUrl":null,"fields":null}}} []
[2021-11-10 10:51:50] Colissimo_1_4_1_Affranchissement.INFO: Send tracking mail for shipment 6C14926902720 [] []
[2021-11-23 16:46:23] Colissimo_1_4_1_HookNewOrder.INFO: Hook newOrder called [] []
[2021-11-23 16:46:23] Colissimo_1_4_1_HookNewOrder.INFO: Order #23 - Carrier details {"id_carrier":"106","id_reference":"3"} []
[2021-11-23 16:46:23] Colissimo_1_4_1_HookNewOrder.INFO: Order #23 - Order Carrier details [{"id_order_carrier":"23","id_order":"23","id_carrier":"106","id_order_invoice":"0","weight":"7.400000","shipping_cost_tax_excl":"9.900000","shipping_cost_tax_incl":"9.900000","tracking_number":"","date_add":"2021-11-23 16:46:23"}] []
[2021-11-23 16:46:23] Colissimo_1_4_1_HookNewOrder.INFO: Order #23 - Carrier type : DOMICILE [] []
[2021-11-23 16:46:24] Colissimo_1_4_1_HookNewOrder.INFO: Order #23 - Colissimo Order created {"obj":{"id_colissimo_order":null,"id_order":23,"id_colissimo_service":5,"id_colissimo_pickup_point":0,"migration":0,"hidden":0,"id":"11","id_shop_list":[],"force_id":false}} []
[2021-11-23 17:03:05] Colissimo_1_4_1_Affranchissement.INFO: Order #23 (CPRPGGWLC) - Generate label [] []
[2021-11-23 17:03:05] Colissimo_1_4_1_Affranchissement.INFO: Order #23 (CPRPGGWLC) - Shipping type: HOME DELIVERY [] []
[2021-11-23 17:03:05] Colissimo_1_4_1_Affranchissement.INFO: Order #23 (CPRPGGWLC) - Request {"request":{"contractNumber":"*****","password":"*****","outputFormat":{"x":0,"y":0,"outputPrintingType":"PDF_A4_300dpi"},"letter":{"service":{"productCode":"DOS","depositDate":"2021-11-23","transportationAmount":990,"orderNumber":"CPRPGGWLC"},"parcel":{"weight":"7.4"},"sender":{"senderParcelRef":"CPRPGGWLC","address":{"companyName":"SAS French Filler","lastName":"LEVY","firstName":"LEVY","line0":"","line1":"","line2":"106 Avenue Kleber","line3":"PHARMACIE DU TROCADERO","countryCode":"FR","city":"PARIS","zipCode":"75116","phoneNumber":"+33622898454","email":"contact@frenchfiller.com"}},"addressee":{"addresseeParcelRef":"CPRPGGWLC","codeBarForReference":true,"address":{"companyName":"","lastName":"Demoulin","firstName":"Na","line2":"40 route de la Colline","line3":"","countryCode":"FR","city":"Vetraz-monthoux","zipCode":"74100","phoneNumber":"","mobileNumber":"","email":"vassilievaelena@mail.ru"}}},"fields":{"customField":[{"key":"CUSER_INFO_TEXT","value":"PS1.7.7.3;1.4.1"},{"key":"EORI","value":""}]}}} []
[2021-11-23 17:03:05] Colissimo_1_4_1_Affranchissement.INFO: Order #23 (CPRPGGWLC) - Response {"response":{"messages":[{"id":"0","type":"INFOS","messageContent":"La requ\u00eate a \u00e9t\u00e9 trait\u00e9e avec succ\u00e8s","replacementValues":[]}],"labelXmlV2Reponse":null,"labelV2Response":{"parcelNumber":"6C14936211546","parcelNumberPartner":"0074100116C1493621154802250V","pdfUrl":null,"fields":null}}} []
[2021-11-23 17:03:10] Colissimo_1_4_1_Affranchissement.INFO: Send tracking mail for shipment 6C14936211546 [] []
[2021-11-23 22:51:47] Colissimo_1_4_1_Dashboard.INFO: Update tracking up to 15 days ago. [] []
[2021-11-23 22:51:47] Colissimo_1_4_1_HookAdminOrder.INFO: Update tracking for order #22 [] []
[2021-11-23 22:51:47] Colissimo_1_4_1_HookAdminOrder.INFO: Log XML request {"xml":[{"accountNumber":"****","password":"****","skybillNumber":"6C14926902720"}]} []
[2021-11-23 22:51:47] Colissimo_1_4_1_HookAdminOrder.INFO: Update tracking. [] []
[2021-11-23 22:51:47] Colissimo_1_4_1_HookAdminOrder.INFO: Update order status to "Delivered" [] []
[2021-11-26 11:56:18] Colissimo_1_4_1_HookNewOrder.INFO: Hook newOrder called [] []
[2021-11-26 11:56:18] Colissimo_1_4_1_HookNewOrder.INFO: Order #24 - Carrier details {"id_carrier":"106","id_reference":"3"} []
[2021-11-26 11:56:18] Colissimo_1_4_1_HookNewOrder.INFO: Order #24 - Order Carrier details [{"id_order_carrier":"24","id_order":"24","id_carrier":"106","id_order_invoice":"0","weight":"0.500000","shipping_cost_tax_excl":"5.000000","shipping_cost_tax_incl":"5.000000","tracking_number":"","date_add":"2021-11-26 11:56:17"}] []
[2021-11-26 11:56:18] Colissimo_1_4_1_HookNewOrder.INFO: Order #24 - Carrier type : DOMICILE [] []
[2021-11-26 11:56:18] Colissimo_1_4_1_HookNewOrder.INFO: Order #24 - Colissimo Order created {"obj":{"id_colissimo_order":null,"id_order":24,"id_colissimo_service":5,"id_colissimo_pickup_point":0,"migration":0,"hidden":0,"id":"12","id_shop_list":[],"force_id":false}} []
[2021-11-26 14:07:31] Colissimo_1_4_1_HookNewOrder.INFO: Hook newOrder called [] []
[2021-11-26 14:07:31] Colissimo_1_4_1_HookNewOrder.INFO: Order #25 - Carrier details {"id_carrier":"106","id_reference":"3"} []
[2021-11-26 14:07:31] Colissimo_1_4_1_HookNewOrder.INFO: Order #25 - Order Carrier details [{"id_order_carrier":"25","id_order":"25","id_carrier":"106","id_order_invoice":"0","weight":"0.200000","shipping_cost_tax_excl":"5.000000","shipping_cost_tax_incl":"5.000000","tracking_number":"","date_add":"2021-11-26 14:07:31"}] []
[2021-11-26 14:07:31] Colissimo_1_4_1_HookNewOrder.INFO: Order #25 - Carrier type : DOMICILE [] []
[2021-11-26 14:07:31] Colissimo_1_4_1_HookNewOrder.INFO: Order #25 - Colissimo Order created {"obj":{"id_colissimo_order":null,"id_order":25,"id_colissimo_service":5,"id_colissimo_pickup_point":0,"migration":0,"hidden":0,"id":"13","id_shop_list":[],"force_id":false}} []
[2021-11-26 14:29:11] Colissimo_1_4_1_Dashboard.INFO: Update tracking up to 15 days ago. [] []
[2021-11-26 14:29:12] Colissimo_1_4_1_HookAdminOrder.INFO: Update tracking for order #23 [] []
[2021-11-26 14:29:12] Colissimo_1_4_1_HookAdminOrder.INFO: Log XML request {"xml":[{"accountNumber":"****","password":"****","skybillNumber":"6C14936211546"}]} []
[2021-11-26 14:29:12] Colissimo_1_4_1_HookAdminOrder.INFO: Update tracking. [] []
[2021-11-26 14:29:12] Colissimo_1_4_1_HookAdminOrder.INFO: Update order status to "Delivered" [] []
[2021-11-26 14:32:28] Colissimo_1_4_1_HookNewOrder.INFO: Hook newOrder called [] []
[2021-11-26 14:32:28] Colissimo_1_4_1_HookNewOrder.INFO: Order #26 - Carrier details {"id_carrier":"105","id_reference":"104"} []
[2021-11-26 14:32:28] Colissimo_1_4_1_HookNewOrder.INFO: Order #26 - Order Carrier details [{"id_order_carrier":"26","id_order":"26","id_carrier":"105","id_order_invoice":"0","weight":"0.900000","shipping_cost_tax_excl":"4.000000","shipping_cost_tax_incl":"4.000000","tracking_number":"","date_add":"2021-11-26 14:32:28"}] []
[2021-11-26 14:32:28] Colissimo_1_4_1_HookNewOrder.INFO: Order #26 - Carrier type : RELAIS [] []
[2021-11-26 14:32:28] Colissimo_1_4_1_HookNewOrder.INFO: Order #26 - Colissimo Order created {"obj":{"id_colissimo_order":null,"id_order":26,"id_colissimo_service":11,"id_colissimo_pickup_point":5,"migration":0,"hidden":0,"id":"14","id_shop_list":[],"force_id":false}} []
[2021-11-26 14:49:30] Colissimo_1_4_1_HookNewOrder.INFO: Hook newOrder called [] []
[2021-11-26 14:49:30] Colissimo_1_4_1_HookNewOrder.INFO: Order #27 - Carrier details {"id_carrier":"106","id_reference":"3"} []
[2021-11-26 14:49:30] Colissimo_1_4_1_HookNewOrder.INFO: Order #27 - Order Carrier details [{"id_order_carrier":"27","id_order":"27","id_carrier":"106","id_order_invoice":"0","weight":"0.600000","shipping_cost_tax_excl":"5.000000","shipping_cost_tax_incl":"5.000000","tracking_number":"","date_add":"2021-11-26 14:49:30"}] []
[2021-11-26 14:49:30] Colissimo_1_4_1_HookNewOrder.INFO: Order #27 - Carrier type : DOMICILE [] []
[2021-11-26 14:49:30] Colissimo_1_4_1_HookNewOrder.INFO: Order #27 - Colissimo Order created {"obj":{"id_colissimo_order":null,"id_order":27,"id_colissimo_service":5,"id_colissimo_pickup_point":0,"migration":0,"hidden":0,"id":"15","id_shop_list":[],"force_id":false}} []
[2021-11-26 19:51:33] Colissimo_1_4_1_HookNewOrder.INFO: Hook newOrder called [] []
[2021-11-26 19:51:33] Colissimo_1_4_1_HookNewOrder.INFO: Order #28 - Carrier details {"id_carrier":"106","id_reference":"3"} []
[2021-11-26 19:51:33] Colissimo_1_4_1_HookNewOrder.INFO: Order #28 - Order Carrier details [{"id_order_carrier":"28","id_order":"28","id_carrier":"106","id_order_invoice":"0","weight":"0.300000","shipping_cost_tax_excl":"5.000000","shipping_cost_tax_incl":"5.000000","tracking_number":"","date_add":"2021-11-26 19:51:33"}] []
[2021-11-26 19:51:33] Colissimo_1_4_1_HookNewOrder.INFO: Order #28 - Carrier type : DOMICILE [] []
[2021-11-26 19:51:33] Colissimo_1_4_1_HookNewOrder.INFO: Order #28 - Colissimo Order created {"obj":{"id_colissimo_order":null,"id_order":28,"id_colissimo_service":5,"id_colissimo_pickup_point":0,"migration":0,"hidden":0,"id":"16","id_shop_list":[],"force_id":false}} []
[2021-11-26 20:49:29] Colissimo_1_4_1_HookNewOrder.INFO: Hook newOrder called [] []
[2021-11-26 20:49:29] Colissimo_1_4_1_HookNewOrder.INFO: Order #29 - Carrier details {"id_carrier":"106","id_reference":"3"} []
[2021-11-26 20:49:29] Colissimo_1_4_1_HookNewOrder.INFO: Order #29 - Order Carrier details [{"id_order_carrier":"29","id_order":"29","id_carrier":"106","id_order_invoice":"0","weight":"0.500000","shipping_cost_tax_excl":"18.900000","shipping_cost_tax_incl":"18.900000","tracking_number":"","date_add":"2021-11-26 20:49:29"}] []
[2021-11-26 20:49:29] Colissimo_1_4_1_HookNewOrder.INFO: Order #29 - Carrier type : DOMICILE [] []
[2021-11-26 20:49:29] Colissimo_1_4_1_HookNewOrder.INFO: Order #29 - Colissimo Order created {"obj":{"id_colissimo_order":null,"id_order":29,"id_colissimo_service":7,"id_colissimo_pickup_point":0,"migration":0,"hidden":0,"id":"17","id_shop_list":[],"force_id":false}} []
[2021-11-27 00:54:48] Colissimo_1_4_1_HookNewOrder.INFO: Hook newOrder called [] []
[2021-11-27 00:54:48] Colissimo_1_4_1_HookNewOrder.INFO: Order #30 - Carrier details {"id_carrier":"106","id_reference":"3"} []
[2021-11-27 00:54:48] Colissimo_1_4_1_HookNewOrder.INFO: Order #30 - Order Carrier details [{"id_order_carrier":"30","id_order":"30","id_carrier":"106","id_order_invoice":"0","weight":"0.850000","shipping_cost_tax_excl":"5.000000","shipping_cost_tax_incl":"5.000000","tracking_number":"","date_add":"2021-11-27 00:54:48"}] []
[2021-11-27 00:54:48] Colissimo_1_4_1_HookNewOrder.INFO: Order #30 - Carrier type : DOMICILE [] []
[2021-11-27 00:54:48] Colissimo_1_4_1_HookNewOrder.INFO: Order #30 - Colissimo Order created {"obj":{"id_colissimo_order":null,"id_order":30,"id_colissimo_service":5,"id_colissimo_pickup_point":0,"migration":0,"hidden":0,"id":"18","id_shop_list":[],"force_id":false}} []
[2021-11-27 18:30:37] Colissimo_1_4_1_HookNewOrder.INFO: Hook newOrder called [] []
[2021-11-27 18:30:37] Colissimo_1_4_1_HookNewOrder.INFO: Order #31 - Carrier details {"id_carrier":"110","id_reference":"95"} []
[2021-11-27 18:30:37] Colissimo_1_4_1_HookNewOrder.INFO: Order #31 - Order Carrier details [{"id_order_carrier":"31","id_order":"31","id_carrier":"110","id_order_invoice":"0","weight":"0.300000","shipping_cost_tax_excl":"10.900000","shipping_cost_tax_incl":"10.900000","tracking_number":"","date_add":"2021-11-27 18:30:37"}] []
[2021-11-27 18:30:37] Colissimo_1_4_1_HookNewOrder.INFO: Order #31 - Not a Colissimo Carrier. {"id":95} []
[2021-11-27 18:33:22] Colissimo_1_4_1_HookNewOrder.INFO: Hook newOrder called [] []
[2021-11-27 18:33:22] Colissimo_1_4_1_HookNewOrder.INFO: Order #32 - Carrier details {"id_carrier":"105","id_reference":"104"} []
[2021-11-27 18:33:22] Colissimo_1_4_1_HookNewOrder.INFO: Order #32 - Order Carrier details [{"id_order_carrier":"32","id_order":"32","id_carrier":"105","id_order_invoice":"0","weight":"1.300000","shipping_cost_tax_excl":"4.000000","shipping_cost_tax_incl":"4.000000","tracking_number":"","date_add":"2021-11-27 18:33:22"}] []
[2021-11-27 18:33:22] Colissimo_1_4_1_HookNewOrder.INFO: Order #32 - Carrier type : RELAIS [] []
[2021-11-27 18:33:22] Colissimo_1_4_1_HookNewOrder.INFO: Order #32 - Colissimo Order created {"obj":{"id_colissimo_order":null,"id_order":32,"id_colissimo_service":11,"id_colissimo_pickup_point":8,"migration":0,"hidden":0,"id":"19","id_shop_list":[],"force_id":false}} []
[2021-11-28 08:46:50] Colissimo_1_4_1_HookNewOrder.INFO: Hook newOrder called [] []
[2021-11-28 08:46:50] Colissimo_1_4_1_HookNewOrder.INFO: Order #33 - Carrier details {"id_carrier":"105","id_reference":"104"} []
[2021-11-28 08:46:50] Colissimo_1_4_1_HookNewOrder.INFO: Order #33 - Order Carrier details [{"id_order_carrier":"33","id_order":"33","id_carrier":"105","id_order_invoice":"0","weight":"2.400000","shipping_cost_tax_excl":"7.000000","shipping_cost_tax_incl":"7.000000","tracking_number":"","date_add":"2021-11-28 08:46:50"}] []
[2021-11-28 08:46:50] Colissimo_1_4_1_HookNewOrder.INFO: Order #33 - Carrier type : RELAIS [] []
[2021-11-28 08:46:50] Colissimo_1_4_1_HookNewOrder.INFO: Order #33 - Colissimo Order created {"obj":{"id_colissimo_order":null,"id_order":33,"id_colissimo_service":11,"id_colissimo_pickup_point":9,"migration":0,"hidden":0,"id":"20","id_shop_list":[],"force_id":false}} []
[2021-11-29 12:20:15] Colissimo_1_4_1_Affranchissement.INFO: Order #33 (APLNGCKCW) - Generate label [] []
[2021-11-29 12:20:15] Colissimo_1_4_1_Affranchissement.INFO: Order #33 (APLNGCKCW) - Shipping type: PICKUP POINT DELIVERY [] []
[2021-11-29 12:20:15] Colissimo_1_4_1_Affranchissement.INFO: Order #33 (APLNGCKCW) - Pickup point ID #097422 [] []
[2021-11-29 12:20:15] Colissimo_1_4_1_Affranchissement.INFO: Order #33 (APLNGCKCW) - Request {"request":{"contractNumber":"*****","password":"*****","outputFormat":{"x":0,"y":0,"outputPrintingType":"PDF_A4_300dpi"},"letter":{"service":{"productCode":"A2P","depositDate":"2021-11-29","transportationAmount":700,"orderNumber":"APLNGCKCW","commercialName":"SAS French Filler"},"parcel":{"weight":"2.4","pickupLocationId":"097422"},"sender":{"senderParcelRef":"APLNGCKCW","address":{"companyName":"SAS French Filler","lastName":"LEVY","firstName":"LEVY","line0":"","line1":"","line2":"106 Avenue Kleber","line3":"PHARMACIE DU TROCADERO","countryCode":"FR","city":"PARIS","zipCode":"75116","phoneNumber":"+33622898454","email":"contact@frenchfiller.com"}},"addressee":{"addresseeParcelRef":"APLNGCKCW","codeBarForReference":true,"address":{"companyName":"","lastName":"Canet","firstName":"Vanessa","line2":"3 rue de Bone ","line3":"","countryCode":"FR","city":"Cannes","zipCode":"06400","phoneNumber":"0667655870","mobileNumber":"+33667655870","email":"vanessacanet123@gmail.com"}}},"fields":{"customField":[{"key":"CUSER_INFO_TEXT","value":"PS1.7.7.3;1.4.1"},{"key":"EORI","value":""}]}}} []
[2021-11-29 12:20:15] Colissimo_1_4_1_Affranchissement.INFO: Order #33 (APLNGCKCW) - Response {"response":{"messages":[{"id":"0","type":"INFOS","messageContent":"La requ\u00eate a \u00e9t\u00e9 trait\u00e9e avec succ\u00e8s","replacementValues":[]}],"labelXmlV2Reponse":null,"labelV2Response":{"parcelNumber":"6M18096905611","parcelNumberPartner":null,"pdfUrl":null,"fields":null}}} []
[2021-11-29 12:20:16] Colissimo_1_4_1_Affranchissement.INFO: Send tracking mail for shipment 6M18096905611 [] []
[2021-11-29 12:20:16] Colissimo_1_4_1_Affranchissement.INFO: Order #32 (LGNSLVJYV) - Generate label [] []
[2021-11-29 12:20:16] Colissimo_1_4_1_Affranchissement.INFO: Order #32 (LGNSLVJYV) - Shipping type: PICKUP POINT DELIVERY [] []
[2021-11-29 12:20:16] Colissimo_1_4_1_Affranchissement.INFO: Order #32 (LGNSLVJYV) - Pickup point ID #107035 [] []
[2021-11-29 12:20:16] Colissimo_1_4_1_Affranchissement.INFO: Order #32 (LGNSLVJYV) - Request {"request":{"contractNumber":"*****","password":"*****","outputFormat":{"x":0,"y":0,"outputPrintingType":"PDF_A4_300dpi"},"letter":{"service":{"productCode":"A2P","depositDate":"2021-11-29","transportationAmount":400,"orderNumber":"LGNSLVJYV","commercialName":"SAS French Filler"},"parcel":{"weight":"1.3","pickupLocationId":"107035"},"sender":{"senderParcelRef":"LGNSLVJYV","address":{"companyName":"SAS French Filler","lastName":"LEVY","firstName":"LEVY","line0":"","line1":"","line2":"106 Avenue Kleber","line3":"PHARMACIE DU TROCADERO","countryCode":"FR","city":"PARIS","zipCode":"75116","phoneNumber":"+33622898454","email":"contact@frenchfiller.com"}},"addressee":{"addresseeParcelRef":"LGNSLVJYV","codeBarForReference":true,"address":{"companyName":"","lastName":"Marcoux","firstName":"Charlotte ","line2":"146 route de la planche ","line3":"Chez Mme Isabelle panerini ","countryCode":"FR","city":"Veigy foncenex","zipCode":"74140","phoneNumber":"0041786824926","mobileNumber":"+33688345984","email":"charlottemarcoux@hotmail.fr"}}},"fields":{"customField":[{"key":"CUSER_INFO_TEXT","value":"PS1.7.7.3;1.4.1"},{"key":"EORI","value":""}]}}} []
[2021-11-29 12:20:17] Colissimo_1_4_1_Affranchissement.INFO: Order #32 (LGNSLVJYV) - Response {"response":{"messages":[{"id":"0","type":"INFOS","messageContent":"La requ\u00eate a \u00e9t\u00e9 trait\u00e9e avec succ\u00e8s","replacementValues":[]}],"labelXmlV2Reponse":null,"labelV2Response":{"parcelNumber":"6M18096905628","parcelNumberPartner":null,"pdfUrl":null,"fields":null}}} []
[2021-11-29 12:20:17] Colissimo_1_4_1_Affranchissement.INFO: Send tracking mail for shipment 6M18096905628 [] []
[2021-11-29 12:20:18] Colissimo_1_4_1_Affranchissement.INFO: Order #30 (HLPFKXNFB) - Generate label [] []
[2021-11-29 12:20:18] Colissimo_1_4_1_Affranchissement.INFO: Order #30 (HLPFKXNFB) - Shipping type: HOME DELIVERY [] []
[2021-11-29 12:20:18] Colissimo_1_4_1_Affranchissement.INFO: Order #30 (HLPFKXNFB) - Request {"request":{"contractNumber":"*****","password":"*****","outputFormat":{"x":0,"y":0,"outputPrintingType":"PDF_A4_300dpi"},"letter":{"service":{"productCode":"DOS","depositDate":"2021-11-29","transportationAmount":500,"orderNumber":"HLPFKXNFB"},"parcel":{"weight":"0.85"},"sender":{"senderParcelRef":"HLPFKXNFB","address":{"companyName":"SAS French Filler","lastName":"LEVY","firstName":"LEVY","line0":"","line1":"","line2":"106 Avenue Kleber","line3":"PHARMACIE DU TROCADERO","countryCode":"FR","city":"PARIS","zipCode":"75116","phoneNumber":"+33622898454","email":"contact@frenchfiller.com"}},"addressee":{"addresseeParcelRef":"HLPFKXNFB","codeBarForReference":true,"address":{"companyName":"","lastName":"COULON","firstName":"Olivia","line2":"84 rue du Creusot","line3":"","countryCode":"FR","city":"Le Breuil","zipCode":"71670","phoneNumber":"0385560916","mobileNumber":"","email":"olivia.coulon71@wanadoo.fr"}}},"fields":{"customField":[{"key":"CUSER_INFO_TEXT","value":"PS1.7.7.3;1.4.1"},{"key":"EORI","value":""}]}}} []
[2021-11-29 12:20:19] Colissimo_1_4_1_Affranchissement.INFO: Order #30 (HLPFKXNFB) - Response {"response":{"messages":[{"id":"0","type":"INFOS","messageContent":"La requ\u00eate a \u00e9t\u00e9 trait\u00e9e avec succ\u00e8s","replacementValues":[]}],"labelXmlV2Reponse":null,"labelV2Response":{"parcelNumber":"6C14952050938","parcelNumberPartner":"0071670116C14952050938022505","pdfUrl":null,"fields":null}}} []
[2021-11-29 12:20:19] Colissimo_1_4_1_Affranchissement.INFO: Send tracking mail for shipment 6C14952050938 [] []
[2021-11-29 12:20:20] Colissimo_1_4_1_Affranchissement.INFO: Order #29 (VXJYGZBSD) - Generate label [] []
[2021-11-29 12:20:20] Colissimo_1_4_1_Affranchissement.INFO: Order #29 (VXJYGZBSD) - Shipping type: HOME DELIVERY [] []
[2021-11-29 12:20:20] Colissimo_1_4_1_Affranchissement.INFO: Order #29 (VXJYGZBSD) - Include customs declarations ["data",{"includeCustomsDeclarations":1,"contents":{"article":[{"description":"Trousse Gua Sha","quantity":"1","weight":0.05,"value":35.116667,"hsCode":"33049900","originCountry":"FR","currency":"EUR","artref":"trousse-gua-sha","originalIdent":"A"},{"description":"Le Patch Invisible - Yeux","quantity":"5","weight":0.1,"value":3.25,"hsCode":"33049900","originCountry":"FR","currency":"EUR","artref":"patch-invisible-","originalIdent":"A"}],"category":{"value":3}}}] []
[2021-11-29 12:20:20] Colissimo_1_4_1_Affranchissement.INFO: Order #29 (VXJYGZBSD) - Request {"request":{"contractNumber":"*****","password":"*****","outputFormat":{"x":0,"y":0,"outputPrintingType":"PDF_A4_300dpi"},"letter":{"service":{"productCode":"DOS","depositDate":"2021-11-29","transportationAmount":1889,"totalAmount":1889,"returnTypeChoice":3,"orderNumber":"VXJYGZBSD"},"parcel":{"weight":"0.55"},"customsDeclarations":{"includeCustomsDeclarations":1,"contents":{"article":[{"description":"Trousse Gua Sha","quantity":"1","weight":0.05,"value":35.116667,"hsCode":"33049900","originCountry":"FR","currency":"EUR","artref":"trousse-gua-sha","originalIdent":"A"},{"description":"Le Patch Invisible - Yeux","quantity":"5","weight":0.1,"value":3.25,"hsCode":"33049900","originCountry":"FR","currency":"EUR","artref":"patch-invisible-","originalIdent":"A"}],"category":{"value":3}}},"sender":{"senderParcelRef":"VXJYGZBSD","address":{"companyName":"SAS French Filler","lastName":"LEVY","firstName":"LEVY","line0":"","line1":"","line2":"106 Avenue Kleber","line3":"PHARMACIE DU TROCADERO","countryCode":"FR","city":"PARIS","zipCode":"75116","phoneNumber":"+33622898454","email":"contact@frenchfiller.com"}},"addressee":{"addresseeParcelRef":"VXJYGZBSD","codeBarForReference":true,"address":{"companyName":"","lastName":"Leibowitch","firstName":"MarieAlexandrine","line2":"Vy d\u2019Etra 10","line3":"","countryCode":"CH","city":"Neuch\u00e2tel ","zipCode":"2000","phoneNumber":"","mobileNumber":"","email":"mleibowitch@gmail.com"}}},"fields":{"customField":[{"key":"CUSER_INFO_TEXT","value":"PS1.7.7.3;1.4.1"},{"key":"EORI","value":""}]}}} []
[2021-11-29 12:20:20] Colissimo_1_4_1_Affranchissement.INFO: Order #29 (VXJYGZBSD) - Response {"response":{"messages":[{"id":"0","type":"INFOS","messageContent":"La requ\u00eate a \u00e9t\u00e9 trait\u00e9e avec succ\u00e8s","replacementValues":[]}],"labelXmlV2Reponse":null,"labelV2Response":{"parcelNumber":"CB607571105FR","parcelNumberPartner":"996010984460757110","pdfUrl":null,"fields":{"field":[{"key":"NETWORK_NAME","value":"EPG"},{"key":"PARTNER_NAME","value":"Swiss Post"},{"key":"PARTNER_CAB","value":"996010984460757110"},{"key":"CN23_THERMIQUE","value":"N"}],"customField":[{"key":"NETWORK_NAME","value":"EPG"},{"key":"PARTNER_NAME","value":"Swiss Post"},{"key":"PARTNER_CAB","value":"996010984460757110"},{"key":"CN23_THERMIQUE","value":"N"}]}}}} []
[2021-11-29 12:20:20] Colissimo_1_4_1_Affranchissement.INFO: Order #29 (VXJYGZBSD) - CN23 generated [] []
[2021-11-29 12:20:21] Colissimo_1_4_1_Affranchissement.INFO: Send tracking mail for shipment CB607571105FR [] []
[2021-11-29 12:20:21] Colissimo_1_4_1_Affranchissement.INFO: Order #28 (DUAUEDVIU) - Generate label [] []
[2021-11-29 12:20:21] Colissimo_1_4_1_Affranchissement.INFO: Order #28 (DUAUEDVIU) - Shipping type: HOME DELIVERY [] []
[2021-11-29 12:20:21] Colissimo_1_4_1_Affranchissement.INFO: Order #28 (DUAUEDVIU) - Request {"request":{"contractNumber":"*****","password":"*****","outputFormat":{"x":0,"y":0,"outputPrintingType":"PDF_A4_300dpi"},"letter":{"service":{"productCode":"DOS","depositDate":"2021-11-29","transportationAmount":500,"orderNumber":"DUAUEDVIU"},"parcel":{"weight":"0.3"},"sender":{"senderParcelRef":"DUAUEDVIU","address":{"companyName":"SAS French Filler","lastName":"LEVY","firstName":"LEVY","line0":"","line1":"","line2":"106 Avenue Kleber","line3":"PHARMACIE DU TROCADERO","countryCode":"FR","city":"PARIS","zipCode":"75116","phoneNumber":"+33622898454","email":"contact@frenchfiller.com"}},"addressee":{"addresseeParcelRef":"DUAUEDVIU","codeBarForReference":true,"address":{"companyName":"","lastName":"Vitse ","firstName":"Camille ","line2":"1 rue des vikings ","line3":"","countryCode":"FR","city":"Mery Corbon ","zipCode":"14370","phoneNumber":"0680882944","mobileNumber":"","email":"cvitse14@gmail.com"}}},"fields":{"customField":[{"key":"CUSER_INFO_TEXT","value":"PS1.7.7.3;1.4.1"},{"key":"EORI","value":""}]}}} []
[2021-11-29 12:20:21] Colissimo_1_4_1_Affranchissement.INFO: Order #28 (DUAUEDVIU) - Response {"response":{"messages":[{"id":"0","type":"INFOS","messageContent":"La requ\u00eate a \u00e9t\u00e9 trait\u00e9e avec succ\u00e8s","replacementValues":[]}],"labelXmlV2Reponse":null,"labelV2Response":{"parcelNumber":"6C14950449086","parcelNumberPartner":"0014370116C1495044908802250R","pdfUrl":null,"fields":null}}} []
[2021-11-29 12:20:22] Colissimo_1_4_1_Affranchissement.INFO: Send tracking mail for shipment 6C14950449086 [] []
[2021-11-29 12:20:22] Colissimo_1_4_1_Affranchissement.INFO: Order #27 (EVQUREYQR) - Generate label [] []
[2021-11-29 12:20:22] Colissimo_1_4_1_Affranchissement.INFO: Order #27 (EVQUREYQR) - Shipping type: HOME DELIVERY [] []
[2021-11-29 12:20:22] Colissimo_1_4_1_Affranchissement.INFO: Order #27 (EVQUREYQR) - Request {"request":{"contractNumber":"*****","password":"*****","outputFormat":{"x":0,"y":0,"outputPrintingType":"PDF_A4_300dpi"},"letter":{"service":{"productCode":"DOS","depositDate":"2021-11-29","transportationAmount":500,"orderNumber":"EVQUREYQR"},"parcel":{"weight":"0.65"},"sender":{"senderParcelRef":"EVQUREYQR","address":{"companyName":"SAS French Filler","lastName":"LEVY","firstName":"LEVY","line0":"","line1":"","line2":"106 Avenue Kleber","line3":"PHARMACIE DU TROCADERO","countryCode":"FR","city":"PARIS","zipCode":"75116","phoneNumber":"+33622898454","email":"contact@frenchfiller.com"}},"addressee":{"addresseeParcelRef":"EVQUREYQR","codeBarForReference":true,"address":{"companyName":"","lastName":"Guilbert Le Gouez","firstName":"Sophie","line2":"54 Rue des Entrepreneurs","line3":"38a7","countryCode":"FR","city":"Paris","zipCode":"75015","phoneNumber":"06 81 47 04 45","mobileNumber":"","email":"slegouez@yahoo.fr"}}},"fields":{"customField":[{"key":"CUSER_INFO_TEXT","value":"PS1.7.7.3;1.4.1"},{"key":"EORI","value":""}]}}} []
[2021-11-29 12:20:23] Colissimo_1_4_1_Affranchissement.INFO: Order #27 (EVQUREYQR) - Response {"response":{"messages":[{"id":"0","type":"INFOS","messageContent":"La requ\u00eate a \u00e9t\u00e9 trait\u00e9e avec succ\u00e8s","replacementValues":[]}],"labelXmlV2Reponse":null,"labelV2Response":{"parcelNumber":"6C14952050945","parcelNumberPartner":"0075015116C14952050948022503","pdfUrl":null,"fields":null}}} []
[2021-11-29 12:20:24] Colissimo_1_4_1_Affranchissement.INFO: Send tracking mail for shipment 6C14952050945 [] []
[2021-11-29 12:20:24] Colissimo_1_4_1_Affranchissement.INFO: Order #26 (CRQRLRBUV) - Generate label [] []
[2021-11-29 12:20:24] Colissimo_1_4_1_Affranchissement.INFO: Order #26 (CRQRLRBUV) - Shipping type: PICKUP POINT DELIVERY [] []
[2021-11-29 12:20:24] Colissimo_1_4_1_Affranchissement.INFO: Order #26 (CRQRLRBUV) - Pickup point ID #999043 [] []
[2021-11-29 12:20:24] Colissimo_1_4_1_Affranchissement.INFO: Order #26 (CRQRLRBUV) - Request {"request":{"contractNumber":"*****","password":"*****","outputFormat":{"x":0,"y":0,"outputPrintingType":"PDF_A4_300dpi"},"letter":{"service":{"productCode":"A2P","depositDate":"2021-11-29","transportationAmount":400,"orderNumber":"CRQRLRBUV","commercialName":"SAS French Filler"},"parcel":{"weight":"0.9","pickupLocationId":"999043"},"sender":{"senderParcelRef":"CRQRLRBUV","address":{"companyName":"SAS French Filler","lastName":"LEVY","firstName":"LEVY","line0":"","line1":"","line2":"106 Avenue Kleber","line3":"PHARMACIE DU TROCADERO","countryCode":"FR","city":"PARIS","zipCode":"75116","phoneNumber":"+33622898454","email":"contact@frenchfiller.com"}},"addressee":{"addresseeParcelRef":"CRQRLRBUV","codeBarForReference":true,"address":{"companyName":"","lastName":"Delcourt","firstName":"Coralie","line2":"186 rue de la Source","line3":"","countryCode":"FR","city":"Nanterre","zipCode":"92000","phoneNumber":"0660986009","mobileNumber":"+33660986009","email":"cflutre@yahoo.com"}}},"fields":{"customField":[{"key":"CUSER_INFO_TEXT","value":"PS1.7.7.3;1.4.1"},{"key":"EORI","value":""}]}}} []
[2021-11-29 12:20:24] Colissimo_1_4_1_Affranchissement.INFO: Order #26 (CRQRLRBUV) - Response {"response":{"messages":[{"id":"0","type":"INFOS","messageContent":"La requ\u00eate a \u00e9t\u00e9 trait\u00e9e avec succ\u00e8s","replacementValues":[]}],"labelXmlV2Reponse":null,"labelV2Response":{"parcelNumber":"6M18097104945","parcelNumberPartner":null,"pdfUrl":null,"fields":null}}} []
[2021-11-29 12:20:25] Colissimo_1_4_1_Affranchissement.INFO: Send tracking mail for shipment 6M18097104945 [] []
[2021-11-29 12:20:25] Colissimo_1_4_1_Affranchissement.INFO: Order #25 (TLBIUEKLL) - Generate label [] []
[2021-11-29 12:20:25] Colissimo_1_4_1_Affranchissement.INFO: Order #25 (TLBIUEKLL) - Shipping type: HOME DELIVERY [] []
[2021-11-29 12:20:25] Colissimo_1_4_1_Affranchissement.INFO: Order #25 (TLBIUEKLL) - Request {"request":{"contractNumber":"*****","password":"*****","outputFormat":{"x":0,"y":0,"outputPrintingType":"PDF_A4_300dpi"},"letter":{"service":{"productCode":"DOS","depositDate":"2021-11-29","transportationAmount":500,"orderNumber":"TLBIUEKLL"},"parcel":{"weight":"0.2"},"sender":{"senderParcelRef":"TLBIUEKLL","address":{"companyName":"SAS French Filler","lastName":"LEVY","firstName":"LEVY","line0":"","line1":"","line2":"106 Avenue Kleber","line3":"PHARMACIE DU TROCADERO","countryCode":"FR","city":"PARIS","zipCode":"75116","phoneNumber":"+33622898454","email":"contact@frenchfiller.com"}},"addressee":{"addresseeParcelRef":"TLBIUEKLL","codeBarForReference":true,"address":{"companyName":"","lastName":"Benhamou","firstName":"Katia","line2":"10 avenue Georges Clemenceau","line3":"","countryCode":"FR","city":"Les Lilas","zipCode":"93260","phoneNumber":"06 71 35 40 40","mobileNumber":"","email":"katiabenhamou@gmail.com"}}},"fields":{"customField":[{"key":"CUSER_INFO_TEXT","value":"PS1.7.7.3;1.4.1"},{"key":"EORI","value":""}]}}} []
[2021-11-29 12:20:26] Colissimo_1_4_1_Affranchissement.INFO: Order #25 (TLBIUEKLL) - Response {"response":{"messages":[{"id":"0","type":"INFOS","messageContent":"La requ\u00eate a \u00e9t\u00e9 trait\u00e9e avec succ\u00e8s","replacementValues":[]}],"labelXmlV2Reponse":null,"labelV2Response":{"parcelNumber":"6C14949866726","parcelNumberPartner":"0093260116C1494986672802250G","pdfUrl":null,"fields":null}}} []
[2021-11-29 12:20:27] Colissimo_1_4_1_Affranchissement.INFO: Send tracking mail for shipment 6C14949866726 [] []
[2021-11-29 12:20:27] Colissimo_1_4_1_Affranchissement.INFO: Order #24 (ARBLYVFLP) - Generate label [] []
[2021-11-29 12:20:27] Colissimo_1_4_1_Affranchissement.INFO: Order #24 (ARBLYVFLP) - Shipping type: HOME DELIVERY [] []
[2021-11-29 12:20:27] Colissimo_1_4_1_Affranchissement.INFO: Order #24 (ARBLYVFLP) - Request {"request":{"contractNumber":"*****","password":"*****","outputFormat":{"x":0,"y":0,"outputPrintingType":"PDF_A4_300dpi"},"letter":{"service":{"productCode":"DOS","depositDate":"2021-11-29","transportationAmount":500,"orderNumber":"ARBLYVFLP"},"parcel":{"weight":"0.55"},"sender":{"senderParcelRef":"ARBLYVFLP","address":{"companyName":"SAS French Filler","lastName":"LEVY","firstName":"LEVY","line0":"","line1":"","line2":"106 Avenue Kleber","line3":"PHARMACIE DU TROCADERO","countryCode":"FR","city":"PARIS","zipCode":"75116","phoneNumber":"+33622898454","email":"contact@frenchfiller.com"}},"addressee":{"addresseeParcelRef":"ARBLYVFLP","codeBarForReference":true,"address":{"companyName":"","lastName":"Largeot","firstName":"Carole","line2":"4 rue de la R\u00e9publique ","line3":"1er \u00e9tage code b\u00e2timent 3102","countryCode":"FR","city":"Saint Germain en Laye","zipCode":"78100","phoneNumber":"","mobileNumber":"","email":"boukledor71@hotmail.com"}}},"fields":{"customField":[{"key":"CUSER_INFO_TEXT","value":"PS1.7.7.3;1.4.1"},{"key":"EORI","value":""}]}}} []
[2021-11-29 12:20:27] Colissimo_1_4_1_Affranchissement.INFO: Order #24 (ARBLYVFLP) - Response {"response":{"messages":[{"id":"0","type":"INFOS","messageContent":"La requ\u00eate a \u00e9t\u00e9 trait\u00e9e avec succ\u00e8s","replacementValues":[]}],"labelXmlV2Reponse":null,"labelV2Response":{"parcelNumber":"6C14950747137","parcelNumberPartner":"0078100116C1495074713802250V","pdfUrl":null,"fields":null}}} []
[2021-11-29 12:20:28] Colissimo_1_4_1_Affranchissement.INFO: Send tracking mail for shipment 6C14950747137 [] []
[2021-11-30 19:46:38] Colissimo_1_4_1_HookNewOrder.INFO: Hook newOrder called [] []
[2021-11-30 19:46:38] Colissimo_1_4_1_HookNewOrder.INFO: Order #34 - Carrier details {"id_carrier":"105","id_reference":"104"} []
[2021-11-30 19:46:38] Colissimo_1_4_1_HookNewOrder.INFO: Order #34 - Order Carrier details [{"id_order_carrier":"34","id_order":"34","id_carrier":"105","id_order_invoice":"0","weight":"0.150000","shipping_cost_tax_excl":"4.000000","shipping_cost_tax_incl":"4.000000","tracking_number":"","date_add":"2021-11-30 19:46:38"}] []
[2021-11-30 19:46:38] Colissimo_1_4_1_HookNewOrder.INFO: Order #34 - Carrier type : RELAIS [] []
[2021-11-30 19:46:38] Colissimo_1_4_1_HookNewOrder.INFO: Order #34 - Colissimo Order created {"obj":{"id_colissimo_order":null,"id_order":34,"id_colissimo_service":11,"id_colissimo_pickup_point":10,"migration":0,"hidden":0,"id":"21","id_shop_list":[],"force_id":false}} []
[2021-11-30 19:49:49] Colissimo_1_4_1_HookNewOrder.INFO: Hook newOrder called [] []
[2021-11-30 19:49:49] Colissimo_1_4_1_HookNewOrder.INFO: Order #35 - Carrier details {"id_carrier":"105","id_reference":"104"} []
[2021-11-30 19:49:49] Colissimo_1_4_1_HookNewOrder.INFO: Order #35 - Order Carrier details [{"id_order_carrier":"35","id_order":"35","id_carrier":"105","id_order_invoice":"0","weight":"0.150000","shipping_cost_tax_excl":"4.000000","shipping_cost_tax_incl":"4.000000","tracking_number":"","date_add":"2021-11-30 19:49:49"}] []
[2021-11-30 19:49:49] Colissimo_1_4_1_HookNewOrder.INFO: Order #35 - Carrier type : RELAIS [] []
[2021-11-30 19:49:49] Colissimo_1_4_1_HookNewOrder.INFO: Order #35 - Colissimo Order created {"obj":{"id_colissimo_order":null,"id_order":35,"id_colissimo_service":11,"id_colissimo_pickup_point":10,"migration":0,"hidden":0,"id":"22","id_shop_list":[],"force_id":false}} []
