[2021-07-01 06:13:25] Colissimo_1_4_1_HookNewOrder.INFO: Hook newOrder called [] []
[2021-07-01 06:13:25] Colissimo_1_4_1_HookNewOrder.INFO: Order #14 - Carrier details {"id_carrier":"102","id_reference":"3"} []
[2021-07-01 06:13:25] Colissimo_1_4_1_HookNewOrder.INFO: Order #14 - Order Carrier details [{"id_order_carrier":"14","id_order":"14","id_carrier":"102","id_order_invoice":"0","weight":"0.600000","shipping_cost_tax_excl":"19.900000","shipping_cost_tax_incl":"19.900000","tracking_number":"","date_add":"2021-07-01 06:13:25"}] []
[2021-07-01 06:13:25] Colissimo_1_4_1_HookNewOrder.INFO: Order #14 - Carrier type : DOMICILE [] []
[2021-07-01 06:13:25] Colissimo_1_4_1_HookNewOrder.INFO: Order #14 - Colissimo Order created {"obj":{"id_colissimo_order":null,"id_order":14,"id_colissimo_service":6,"id_colissimo_pickup_point":0,"migration":0,"hidden":0,"id":"2","id_shop_list":[],"force_id":false}} []
[2021-07-01 16:41:46] Colissimo_1_4_1_Affranchissement.INFO: Order #13 (RAZVDESLW) - Generate label [] []
[2021-07-01 16:41:46] Colissimo_1_4_1_Affranchissement.INFO: Order #13 (RAZVDESLW) - Shipping type: HOME DELIVERY [] []
[2021-07-01 16:41:46] Colissimo_1_4_1_Affranchissement.INFO: Order #13 (RAZVDESLW) - Request {"request":{"contractNumber":"*****","password":"*****","outputFormat":{"x":0,"y":0,"outputPrintingType":"PDF_A4_300dpi"},"letter":{"service":{"productCode":"DOS","depositDate":"2021-07-01","transportationAmount":500,"orderNumber":"RAZVDESLW"},"parcel":{"weight":"0.15"},"sender":{"senderParcelRef":"RAZVDESLW","address":{"companyName":"SAS French Filler","lastName":"LEVY","firstName":"LEVY","line0":"","line1":"","line2":"106 Avenue Kleber","line3":"PHARMACIE DU TROCADERO","countryCode":"FR","city":"PARIS","zipCode":"75116","phoneNumber":"+33622898454","email":"contact@frenchfiller.com"}},"addressee":{"addresseeParcelRef":"RAZVDESLW","codeBarForReference":true,"address":{"companyName":"","lastName":"Truman ","firstName":"Esther","line2":"22 Bd Du General Leclerc  ","line3":"","countryCode":"FR","city":"Neuilly sur seine ","zipCode":"92200","phoneNumber":"0699460888","mobileNumber":"","email":"esthertruman@hotmail.com"}}},"fields":{"customField":[{"key":"CUSER_INFO_TEXT","value":"PS1.7.7.3;1.4.1"},{"key":"EORI","value":""}]}}} []
[2021-07-01 16:41:47] Colissimo_1_4_1_Affranchissement.INFO: Order #13 (RAZVDESLW) - Response {"response":{"messages":[{"id":"0","type":"INFOS","messageContent":"La requ\u00eate a \u00e9t\u00e9 trait\u00e9e avec succ\u00e8s","replacementValues":[]}],"labelXmlV2Reponse":null,"labelV2Response":{"parcelNumber":"6C14823463645","parcelNumberPartner":"0092200116C14823463648022506","pdfUrl":null,"fields":null}}} []
[2021-07-01 16:41:48] Colissimo_1_4_1_Affranchissement.INFO: Send tracking mail for shipment 6C14823463645 [] []
[2021-07-01 16:42:56] Colissimo_1_4_1_Affranchissement.INFO: Order #14 (CLMUPUPWP) - Generate label [] []
[2021-07-01 16:42:56] Colissimo_1_4_1_Affranchissement.INFO: Order #14 (CLMUPUPWP) - Shipping type: HOME DELIVERY [] []
[2021-07-01 16:42:56] Colissimo_1_4_1_Affranchissement.INFO: Order #14 (CLMUPUPWP) - Include customs declarations ["data",{"includeCustomsDeclarations":1,"contents":{"article":[{"description":"Microneedling Revital-strong","quantity":"1","weight":0.6,"value":77.466667,"hsCode":"33049900","originCountry":"FR","currency":"EUR","artref":"Biorevitalisant-plus","originalIdent":"A"}],"category":{"value":3}}}] []
[2021-07-01 16:42:56] Colissimo_1_4_1_Affranchissement.INFO: Order #14 (CLMUPUPWP) - Request {"request":{"contractNumber":"*****","password":"*****","outputFormat":{"x":0,"y":0,"outputPrintingType":"PDF_A4_300dpi"},"letter":{"service":{"productCode":"CDS","depositDate":"2021-07-01","transportationAmount":1989,"totalAmount":1989,"returnTypeChoice":3,"orderNumber":"CLMUPUPWP"},"parcel":{"weight":"0.6"},"customsDeclarations":{"includeCustomsDeclarations":1,"contents":{"article":[{"description":"Microneedling Revital-strong","quantity":"1","weight":0.6,"value":77.466667,"hsCode":"33049900","originCountry":"FR","currency":"EUR","artref":"Biorevitalisant-plus","originalIdent":"A"}],"category":{"value":3}}},"sender":{"senderParcelRef":"CLMUPUPWP","address":{"companyName":"SAS French Filler","lastName":"LEVY","firstName":"LEVY","line0":"","line1":"","line2":"106 Avenue Kleber","line3":"PHARMACIE DU TROCADERO","countryCode":"FR","city":"PARIS","zipCode":"75116","phoneNumber":"+33622898454","email":"contact@frenchfiller.com"}},"addressee":{"addresseeParcelRef":"CLMUPUPWP","codeBarForReference":true,"address":{"companyName":"","lastName":"PAUS","firstName":"Ketty","line2":"Apt C17 R\u00e9sidence Les Tourtereaux","line3":"2 rue des Tourtereaux","countryCode":"RE","city":"Saint-Denis","zipCode":"97400","phoneNumber":"+2620692387289","mobileNumber":"","email":"paus.ketty.kp55@gmail.com"}}},"fields":{"customField":[{"key":"CUSER_INFO_TEXT","value":"PS1.7.7.3;1.4.1"},{"key":"EORI","value":""}]}}} []
[2021-07-01 16:42:56] Colissimo_1_4_1_Affranchissement.INFO: Order #14 (CLMUPUPWP) - Response {"response":{"messages":[{"id":"0","type":"INFOS","messageContent":"La requ\u00eate a \u00e9t\u00e9 trait\u00e9e avec succ\u00e8s","replacementValues":[]}],"labelXmlV2Reponse":null,"labelV2Response":{"parcelNumber":"7Q08680745297","parcelNumberPartner":null,"pdfUrl":null,"fields":null}}} []
[2021-07-01 16:42:56] Colissimo_1_4_1_Affranchissement.INFO: Order #14 (CLMUPUPWP) - CN23 generated [] []
[2021-07-01 16:42:57] Colissimo_1_4_1_Affranchissement.INFO: Send tracking mail for shipment 7Q08680745297 [] []
[2021-07-02 16:11:17] Colissimo_1_4_1_Dashboard.INFO: Update tracking up to 15 days ago. [] []
[2021-07-02 16:11:18] Colissimo_1_4_1_Dashboard.INFO: Update tracking up to 15 days ago. [] []
[2021-07-02 16:11:18] Colissimo_1_4_1_Dashboard.INFO: Labels to update (3) ["1","2","3"] []
[2021-07-02 16:11:18] Colissimo_1_4_1_Dashboard.INFO: Update label #1 (1/3) [] []
[2021-07-02 16:11:18] Colissimo_1_4_1_Dashboard.INFO: Log XML request {"xml":[{"accountNumber":"****","password":"****","skybillNumber":"6H12353592576"}]} []
[2021-07-02 16:11:18] Colissimo_1_4_1_Dashboard.INFO: Update tracking. [] []
[2021-07-02 16:11:18] Colissimo_1_4_1_Dashboard.INFO: Update order status to "Delivered" [] []
[2021-07-02 16:11:18] Colissimo_1_4_1_Dashboard.INFO: Update label #2 (2/3) [] []
[2021-07-02 16:11:18] Colissimo_1_4_1_Dashboard.INFO: Log XML request {"xml":[{"accountNumber":"****","password":"****","skybillNumber":"6C14823463645"}]} []
[2021-07-02 16:11:18] Colissimo_1_4_1_Dashboard.INFO: Update tracking. [] []
[2021-07-02 16:11:18] Colissimo_1_4_1_Dashboard.INFO: Update label #3 (3/3) [] []
[2021-07-02 16:11:18] Colissimo_1_4_1_Dashboard.INFO: Log XML request {"xml":[{"accountNumber":"****","password":"****","skybillNumber":"7Q08680745297"}]} []
[2021-07-02 16:11:19] Colissimo_1_4_1_Dashboard.INFO: Update tracking. [] []
[2021-07-02 16:11:19] Colissimo_1_4_1_Dashboard.INFO: Update order status to "Shipped" [] []
[2021-07-03 23:58:23] Colissimo_1_4_1_Dashboard.INFO: Update tracking up to 15 days ago. [] []
[2021-07-03 23:58:23] Colissimo_1_4_1_HookAdminOrder.INFO: Update tracking for order #13 [] []
[2021-07-03 23:58:23] Colissimo_1_4_1_HookAdminOrder.INFO: Log XML request {"xml":[{"accountNumber":"****","password":"****","skybillNumber":"6C14823463645"}]} []
[2021-07-03 23:58:23] Colissimo_1_4_1_HookAdminOrder.INFO: Update tracking. [] []
[2021-07-03 23:58:23] Colissimo_1_4_1_HookAdminOrder.INFO: Update order status to "Shipped" [] []
[2021-07-07 04:02:18] Colissimo_1_4_1_Dashboard.INFO: Update tracking up to 15 days ago. [] []
[2021-07-07 04:02:18] Colissimo_1_4_1_HookAdminOrder.INFO: Update tracking for order #13 [] []
[2021-07-07 04:02:18] Colissimo_1_4_1_HookAdminOrder.INFO: Log XML request {"xml":[{"accountNumber":"****","password":"****","skybillNumber":"6C14823463645"}]} []
[2021-07-07 04:02:18] Colissimo_1_4_1_HookAdminOrder.INFO: Update tracking. [] []
[2021-07-07 04:02:18] Colissimo_1_4_1_HookAdminOrder.INFO: Update order status to "Delivered" [] []
[2021-07-13 14:55:35] Colissimo_1_4_1_Dashboard.INFO: Update tracking up to 15 days ago. [] []
[2021-07-13 14:55:35] Colissimo_1_4_1_HookAdminOrder.INFO: Update tracking for order #14 [] []
[2021-07-13 14:55:35] Colissimo_1_4_1_HookAdminOrder.INFO: Log XML request {"xml":[{"accountNumber":"****","password":"****","skybillNumber":"7Q08680745297"}]} []
[2021-07-13 14:55:35] Colissimo_1_4_1_HookAdminOrder.INFO: Update tracking. [] []
[2021-07-13 14:55:35] Colissimo_1_4_1_HookAdminOrder.INFO: Update order status to "Delivered" [] []
