[2021-06-20 19:59:40] Colissimo_1_4_1_Install.INFO: Table services created. [] []
[2021-06-20 19:59:40] Colissimo_1_4_1_Install.INFO: Table order created. [] []
[2021-06-20 19:59:40] Colissimo_1_4_1_Install.INFO: Table label created. [] []
[2021-06-20 19:59:40] Colissimo_1_4_1_Install.INFO: Table deposit_slip created. [] []
[2021-06-20 19:59:40] Colissimo_1_4_1_Install.INFO: Table pickup_point created. [] []
[2021-06-20 19:59:40] Colissimo_1_4_1_Install.INFO: Table cart_pickup_point created. [] []
[2021-06-20 19:59:40] Colissimo_1_4_1_Install.INFO: Table shipment_tracking created. [] []
[2021-06-20 19:59:40] Colissimo_1_4_1_Install.INFO: Table tracking_code created. [] []
[2021-06-20 19:59:40] Colissimo_1_4_1_Install.INFO: Table mailbox_return created. [] []
[2021-06-20 19:59:40] Colissimo_1_4_1_Install.INFO: Table custom_category created. [] []
[2021-06-20 19:59:40] Colissimo_1_4_1_Install.INFO: Table custom_product created. [] []
[2021-06-20 19:59:40] Colissimo_1_4_1_Install.INFO: Creating carrier SANS_SIGNATURE [] []
[2021-06-20 19:59:41] Colissimo_1_4_1_Install.INFO: Carrier already exists [] []
[2021-06-20 19:59:41] Colissimo_1_4_1_Install.INFO: Creating carrier RELAIS [] []
[2021-06-20 19:59:41] Colissimo_1_4_1_Install.INFO: Services from CSV {"csv":{"SANS_SIGNATURE":[{"product_code":"DOM","commercial_name":"FR - DOMICILE sans signature","destination_type":"FRANCE","is_signature":"0","is_pickup":"0","is_return":"0"},{"product_code":"COM","commercial_name":"OM - DOMICILE sans signature","destination_type":"OM","is_signature":"0","is_pickup":"0","is_return":"0"},{"product_code":"DOM","commercial_name":"EU - DOMICILE sans signature","destination_type":"EUROPE","is_signature":"0","is_pickup":"0","is_return":"0"},{"product_code":"COLD","commercial_name":"DOM - DOMICILE sans signature","destination_type":"INTRA_DOM","is_signature":"0","is_pickup":"0","is_return":"0"}],"AVEC_SIGNATURE":[{"product_code":"DOS","commercial_name":"FR - DOMICILE avec signature","destination_type":"FRANCE","is_signature":"1","is_pickup":"0","is_return":"0"},{"product_code":"CDS","commercial_name":"OM - DOMICILE avec signature","destination_type":"OM","is_signature":"1","is_pickup":"0","is_return":"0"},{"product_code":"DOS","commercial_name":"EU - DOMICILE avec signature","destination_type":"EUROPE","is_signature":"1","is_pickup":"0","is_return":"0"},{"product_code":"COLI","commercial_name":"INT - DOMICILE avec signature","destination_type":"WORLDWIDE","is_signature":"1","is_pickup":"0","is_return":"0"},{"product_code":"COL","commercial_name":"DOM - DOMICILE avec signature","destination_type":"INTRA_DOM","is_signature":"1","is_pickup":"0","is_return":"0"}],"RELAIS":[{"product_code":"BPR","commercial_name":"FR - POINT RETRAIT","destination_type":"FRANCE","is_signature":"0","is_pickup":"1","is_return":"0"},{"product_code":"A2P","commercial_name":"FR - POINT RETRAIT","destination_type":"FRANCE","is_signature":"0","is_pickup":"1","is_return":"0"},{"product_code":"BDP","commercial_name":"EU - POINT RETRAIT","destination_type":"EUROPE","is_signature":"0","is_pickup":"1","is_return":"0"},{"product_code":"CMT","commercial_name":"EU - POINT RETRAIT","destination_type":"EUROPE","is_signature":"0","is_pickup":"1","is_return":"0"},{"product_code":"PCS","commercial_name":"EU - POINT RETRAIT","destination_type":"EUROPE","is_signature":"0","is_pickup":"1","is_return":"0"}],"RETOUR":[{"product_code":"CORE","commercial_name":"RETOUR FRANCE","destination_type":"FRANCE","is_signature":"0","is_pickup":"0","is_return":"1"},{"product_code":"CORI","commercial_name":"RETOUR OUTRE MER","destination_type":"OM","is_signature":"0","is_pickup":"0","is_return":"1"},{"product_code":"CORI","commercial_name":"RETOUR INTERNATIONAL","destination_type":"WORLDWIDE","is_signature":"0","is_pickup":"0","is_return":"1"}]}} []
[2021-06-20 19:59:41] Colissimo_1_4_1_Install.INFO: Saved service SANS_SIGNATURE: 1 [] []
[2021-06-20 19:59:41] Colissimo_1_4_1_Install.INFO: Saved service SANS_SIGNATURE: 2 [] []
[2021-06-20 19:59:41] Colissimo_1_4_1_Install.INFO: Saved service SANS_SIGNATURE: 3 [] []
[2021-06-20 19:59:41] Colissimo_1_4_1_Install.INFO: Saved service SANS_SIGNATURE: 4 [] []
[2021-06-20 19:59:41] Colissimo_1_4_1_Install.INFO: Saved service AVEC_SIGNATURE: 5 [] []
[2021-06-20 19:59:41] Colissimo_1_4_1_Install.INFO: Saved service AVEC_SIGNATURE: 6 [] []
[2021-06-20 19:59:41] Colissimo_1_4_1_Install.INFO: Saved service AVEC_SIGNATURE: 7 [] []
[2021-06-20 19:59:41] Colissimo_1_4_1_Install.INFO: Saved service AVEC_SIGNATURE: 8 [] []
[2021-06-20 19:59:41] Colissimo_1_4_1_Install.INFO: Saved service AVEC_SIGNATURE: 9 [] []
[2021-06-20 19:59:41] Colissimo_1_4_1_Install.INFO: Saved service RELAIS: 10 [] []
[2021-06-20 19:59:41] Colissimo_1_4_1_Install.INFO: Saved service RELAIS: 11 [] []
[2021-06-20 19:59:41] Colissimo_1_4_1_Install.INFO: Saved service RELAIS: 12 [] []
[2021-06-20 19:59:41] Colissimo_1_4_1_Install.INFO: Saved service RELAIS: 13 [] []
[2021-06-20 19:59:41] Colissimo_1_4_1_Install.INFO: Saved service RELAIS: 14 [] []
[2021-06-20 19:59:41] Colissimo_1_4_1_Install.INFO: Saved service RETOUR: 15 [] []
[2021-06-20 19:59:41] Colissimo_1_4_1_Install.INFO: Saved service RETOUR: 16 [] []
[2021-06-20 19:59:41] Colissimo_1_4_1_Install.INFO: Saved service RETOUR: 17 [] []
[2021-06-20 19:59:41] Colissimo_1_4_1_Install.INFO: Tracking codes created. 0 errors thrown. [] []
[2021-06-21 15:51:42] Colissimo_1_4_1_HookNewOrder.INFO: Hook newOrder called [] []
[2021-06-21 15:51:42] Colissimo_1_4_1_HookNewOrder.INFO: Order #1 - Carrier details {"id_carrier":"18","id_reference":"18"} []
[2021-06-21 15:51:42] Colissimo_1_4_1_HookNewOrder.INFO: Order #1 - Order Carrier details [{"id_order_carrier":"1","id_order":"1","id_carrier":"18","id_order_invoice":"0","weight":"0.100000","shipping_cost_tax_excl":"0.000000","shipping_cost_tax_incl":"0.000000","tracking_number":"","date_add":"2021-06-21 15:51:42"}] []
[2021-06-21 15:51:42] Colissimo_1_4_1_HookNewOrder.INFO: Order #1 - Not a Colissimo Carrier. {"id":18} []
[2021-06-21 15:57:18] Colissimo_1_4_1_HookNewOrder.INFO: Hook newOrder called [] []
[2021-06-21 15:57:18] Colissimo_1_4_1_HookNewOrder.INFO: Order #2 - Carrier details {"id_carrier":"18","id_reference":"18"} []
[2021-06-21 15:57:18] Colissimo_1_4_1_HookNewOrder.INFO: Order #2 - Order Carrier details [{"id_order_carrier":"2","id_order":"2","id_carrier":"18","id_order_invoice":"0","weight":"0.100000","shipping_cost_tax_excl":"0.000000","shipping_cost_tax_incl":"0.000000","tracking_number":"","date_add":"2021-06-21 15:57:18"}] []
[2021-06-21 15:57:18] Colissimo_1_4_1_HookNewOrder.INFO: Order #2 - Not a Colissimo Carrier. {"id":18} []
[2021-06-21 15:59:35] Colissimo_1_4_1_HookNewOrder.INFO: Hook newOrder called [] []
[2021-06-21 15:59:35] Colissimo_1_4_1_HookNewOrder.INFO: Order #3 - Carrier details {"id_carrier":"18","id_reference":"18"} []
[2021-06-21 15:59:35] Colissimo_1_4_1_HookNewOrder.INFO: Order #3 - Order Carrier details [{"id_order_carrier":"3","id_order":"3","id_carrier":"18","id_order_invoice":"0","weight":"0.100000","shipping_cost_tax_excl":"0.000000","shipping_cost_tax_incl":"0.000000","tracking_number":"","date_add":"2021-06-21 15:59:35"}] []
[2021-06-21 15:59:35] Colissimo_1_4_1_HookNewOrder.INFO: Order #3 - Not a Colissimo Carrier. {"id":18} []
[2021-06-23 10:07:55] Colissimo_1_4_1_HookNewOrder.INFO: Hook newOrder called [] []
[2021-06-23 10:07:55] Colissimo_1_4_1_HookNewOrder.INFO: Order #4 - Carrier details {"id_carrier":"18","id_reference":"18"} []
[2021-06-23 10:07:55] Colissimo_1_4_1_HookNewOrder.INFO: Order #4 - Order Carrier details [{"id_order_carrier":"4","id_order":"4","id_carrier":"18","id_order_invoice":"0","weight":"0.100000","shipping_cost_tax_excl":"0.000000","shipping_cost_tax_incl":"0.000000","tracking_number":"","date_add":"2021-06-23 10:07:55"}] []
[2021-06-23 10:07:55] Colissimo_1_4_1_HookNewOrder.INFO: Order #4 - Not a Colissimo Carrier. {"id":18} []
[2021-06-23 10:09:59] Colissimo_1_4_1_HookNewOrder.INFO: Hook newOrder called [] []
[2021-06-23 10:09:59] Colissimo_1_4_1_HookNewOrder.INFO: Order #5 - Carrier details {"id_carrier":"18","id_reference":"18"} []
[2021-06-23 10:09:59] Colissimo_1_4_1_HookNewOrder.INFO: Order #5 - Order Carrier details [{"id_order_carrier":"5","id_order":"5","id_carrier":"18","id_order_invoice":"0","weight":"0.100000","shipping_cost_tax_excl":"0.000000","shipping_cost_tax_incl":"0.000000","tracking_number":"","date_add":"2021-06-23 10:09:59"}] []
[2021-06-23 10:09:59] Colissimo_1_4_1_HookNewOrder.INFO: Order #5 - Not a Colissimo Carrier. {"id":18} []
[2021-06-23 10:15:15] Colissimo_1_4_1_HookNewOrder.INFO: Hook newOrder called [] []
[2021-06-23 10:15:15] Colissimo_1_4_1_HookNewOrder.INFO: Order #6 - Carrier details {"id_carrier":"18","id_reference":"18"} []
[2021-06-23 10:15:15] Colissimo_1_4_1_HookNewOrder.INFO: Order #6 - Order Carrier details [{"id_order_carrier":"6","id_order":"6","id_carrier":"18","id_order_invoice":"0","weight":"0.100000","shipping_cost_tax_excl":"0.000000","shipping_cost_tax_incl":"0.000000","tracking_number":"","date_add":"2021-06-23 10:15:15"}] []
[2021-06-23 10:15:15] Colissimo_1_4_1_HookNewOrder.INFO: Order #6 - Not a Colissimo Carrier. {"id":18} []
[2021-06-23 10:22:55] Colissimo_1_4_1_HookNewOrder.INFO: Hook newOrder called [] []
[2021-06-23 10:22:55] Colissimo_1_4_1_HookNewOrder.INFO: Order #7 - Carrier details {"id_carrier":"18","id_reference":"18"} []
[2021-06-23 10:22:55] Colissimo_1_4_1_HookNewOrder.INFO: Order #7 - Order Carrier details [{"id_order_carrier":"7","id_order":"7","id_carrier":"18","id_order_invoice":"0","weight":"0.100000","shipping_cost_tax_excl":"0.000000","shipping_cost_tax_incl":"0.000000","tracking_number":"","date_add":"2021-06-23 10:22:55"}] []
[2021-06-23 10:22:55] Colissimo_1_4_1_HookNewOrder.INFO: Order #7 - Not a Colissimo Carrier. {"id":18} []
[2021-06-25 09:48:30] Colissimo_1_4_1_HookNewOrder.INFO: Hook newOrder called [] []
[2021-06-25 09:48:30] Colissimo_1_4_1_HookNewOrder.INFO: Order #8 - Carrier details {"id_carrier":"18","id_reference":"18"} []
[2021-06-25 09:48:30] Colissimo_1_4_1_HookNewOrder.INFO: Order #8 - Order Carrier details [{"id_order_carrier":"8","id_order":"8","id_carrier":"18","id_order_invoice":"0","weight":"0.100000","shipping_cost_tax_excl":"0.000000","shipping_cost_tax_incl":"0.000000","tracking_number":"","date_add":"2021-06-25 09:48:30"}] []
[2021-06-25 09:48:30] Colissimo_1_4_1_HookNewOrder.INFO: Order #8 - Not a Colissimo Carrier. {"id":18} []
[2021-06-28 10:33:51] Colissimo_1_4_1_HookNewOrder.INFO: Hook newOrder called [] []
[2021-06-28 10:33:51] Colissimo_1_4_1_HookNewOrder.INFO: Order #9 - Carrier details {"id_carrier":"100","id_reference":"91"} []
[2021-06-28 10:33:51] Colissimo_1_4_1_HookNewOrder.INFO: Order #9 - Order Carrier details [{"id_order_carrier":"9","id_order":"9","id_carrier":"100","id_order_invoice":"0","weight":"1.000000","shipping_cost_tax_excl":"22.500000","shipping_cost_tax_incl":"22.500000","tracking_number":"","date_add":"2021-06-28 10:33:50"}] []
[2021-06-28 10:33:51] Colissimo_1_4_1_HookNewOrder.INFO: Order #9 - Not a Colissimo Carrier. {"id":91} []
[2021-06-28 10:45:57] Colissimo_1_4_1_HookNewOrder.INFO: Hook newOrder called [] []
[2021-06-28 10:45:57] Colissimo_1_4_1_HookNewOrder.INFO: Order #10 - Carrier details {"id_carrier":"100","id_reference":"91"} []
[2021-06-28 10:45:57] Colissimo_1_4_1_HookNewOrder.INFO: Order #10 - Order Carrier details [{"id_order_carrier":"10","id_order":"10","id_carrier":"100","id_order_invoice":"0","weight":"1.000000","shipping_cost_tax_excl":"22.500000","shipping_cost_tax_incl":"22.500000","tracking_number":"","date_add":"2021-06-28 10:45:57"}] []
[2021-06-28 10:45:57] Colissimo_1_4_1_HookNewOrder.INFO: Order #10 - Not a Colissimo Carrier. {"id":91} []
[2021-06-28 10:55:12] Colissimo_1_4_1_HookNewOrder.INFO: Hook newOrder called [] []
[2021-06-28 10:55:12] Colissimo_1_4_1_HookNewOrder.INFO: Order #11 - Carrier details {"id_carrier":"100","id_reference":"91"} []
[2021-06-28 10:55:12] Colissimo_1_4_1_HookNewOrder.INFO: Order #11 - Order Carrier details [{"id_order_carrier":"11","id_order":"11","id_carrier":"100","id_order_invoice":"0","weight":"1.000000","shipping_cost_tax_excl":"22.500000","shipping_cost_tax_incl":"22.500000","tracking_number":"","date_add":"2021-06-28 10:55:12"}] []
[2021-06-28 10:55:12] Colissimo_1_4_1_HookNewOrder.INFO: Order #11 - Not a Colissimo Carrier. {"id":91} []
[2021-06-29 10:54:48] Colissimo_1_4_1_HookNewOrder.INFO: Hook newOrder called [] []
[2021-06-29 10:54:48] Colissimo_1_4_1_HookNewOrder.INFO: Order #12 - Carrier details {"id_carrier":"105","id_reference":"104"} []
[2021-06-29 10:54:48] Colissimo_1_4_1_HookNewOrder.INFO: Order #12 - Order Carrier details [{"id_order_carrier":"12","id_order":"12","id_carrier":"105","id_order_invoice":"0","weight":"0.100000","shipping_cost_tax_excl":"4.000000","shipping_cost_tax_incl":"4.000000","tracking_number":"","date_add":"2021-06-29 10:54:48"}] []
[2021-06-29 10:54:48] Colissimo_1_4_1_HookNewOrder.INFO: Order #12 - Carrier type : RELAIS [] []
[2021-06-29 10:54:48] Colissimo_1_4_1_HookNewOrder.INFO: Order #12 - Colissimo Order created {"obj":{"id_colissimo_order":null,"id_order":12,"id_colissimo_service":10,"id_colissimo_pickup_point":1,"migration":0,"hidden":0,"id":"1","id_shop_list":[],"force_id":false}} []
[2021-06-30 13:54:57] Colissimo_1_4_1_Affranchissement.INFO: Order #12 (YXXINCXHF) - Generate label [] []
[2021-06-30 13:54:57] Colissimo_1_4_1_Affranchissement.INFO: Order #12 (YXXINCXHF) - Shipping type: PICKUP POINT DELIVERY [] []
[2021-06-30 13:54:57] Colissimo_1_4_1_Affranchissement.INFO: Order #12 (YXXINCXHF) - Pickup point ID #473240 [] []
[2021-06-30 13:54:57] Colissimo_1_4_1_Affranchissement.INFO: Order #12 (YXXINCXHF) - Request {"request":{"contractNumber":"*****","password":"*****","outputFormat":{"x":0,"y":0,"outputPrintingType":"PDF_A4_300dpi"},"letter":{"service":{"productCode":"BPR","depositDate":"2021-06-30","transportationAmount":400,"orderNumber":"YXXINCXHF","commercialName":"SAS French Filler"},"parcel":{"weight":"0.1","pickupLocationId":"473240"},"sender":{"senderParcelRef":"YXXINCXHF","address":{"companyName":"SAS French Filler","lastName":"LEVY","firstName":"LEVY","line0":"","line1":"","line2":"106 Avenue Kleber","line3":"PHARMACIE DU TROCADERO","countryCode":"FR","city":"PARIS","zipCode":"75116","phoneNumber":"+33622898454","email":"contact@frenchfiller.com"}},"addressee":{"addresseeParcelRef":"YXXINCXHF","codeBarForReference":true,"address":{"companyName":"","lastName":"Arfeuil","firstName":"Fabienne","line2":"1 c\u00f4te saint Michel","line3":"","countryCode":"FR","city":"Viller\u00e9al","zipCode":"47210","phoneNumber":"0680718260","mobileNumber":"+33680718260","email":"fabienne.arfeuil@wanadoo.fr"}}},"fields":{"customField":[{"key":"CUSER_INFO_TEXT","value":"PS1.7.7.3;1.4.1"},{"key":"EORI","value":""}]}}} []
[2021-06-30 13:54:58] Colissimo_1_4_1_Affranchissement.INFO: Order #12 (YXXINCXHF) - Response {"response":{"messages":[{"id":"0","type":"INFOS","messageContent":"La requ\u00eate a \u00e9t\u00e9 trait\u00e9e avec succ\u00e8s","replacementValues":[]}],"labelXmlV2Reponse":null,"labelV2Response":{"parcelNumber":"6H12353592576","parcelNumberPartner":"0047210116H12353592578042503","pdfUrl":null,"fields":null}}} []
[2021-06-30 13:54:59] Colissimo_1_4_1_Affranchissement.INFO: Send tracking mail for shipment 6H12353592576 [] []
[2021-06-30 22:12:02] Colissimo_1_4_1_HookNewOrder.INFO: Hook newOrder called [] []
[2021-06-30 22:12:02] Colissimo_1_4_1_HookNewOrder.INFO: Order #13 - Carrier details {"id_carrier":"18","id_reference":"18"} []
[2021-06-30 22:12:02] Colissimo_1_4_1_HookNewOrder.INFO: Order #13 - Order Carrier details [{"id_order_carrier":"13","id_order":"13","id_carrier":"18","id_order_invoice":"0","weight":"0.100000","shipping_cost_tax_excl":"0.000000","shipping_cost_tax_incl":"0.000000","tracking_number":"","date_add":"2021-06-30 22:12:02"}] []
[2021-06-30 22:12:02] Colissimo_1_4_1_HookNewOrder.INFO: Order #13 - Not a Colissimo Carrier. {"id":18} []
