[2021-10-04 16:06:26] Colissimo_1_4_1_HookNewOrder.INFO: Hook newOrder called [] []
[2021-10-04 16:06:26] Colissimo_1_4_1_HookNewOrder.INFO: Order #15 - Carrier details {"id_carrier":"18","id_reference":"18"} []
[2021-10-04 16:06:26] Colissimo_1_4_1_HookNewOrder.INFO: Order #15 - Order Carrier details [{"id_order_carrier":"15","id_order":"15","id_carrier":"18","id_order_invoice":"0","weight":"0.600000","shipping_cost_tax_excl":"0.000000","shipping_cost_tax_incl":"0.000000","tracking_number":"","date_add":"2021-10-04 16:06:25"}] []
[2021-10-04 16:06:26] Colissimo_1_4_1_HookNewOrder.INFO: Order #15 - Not a Colissimo Carrier. {"id":18} []
[2021-10-06 11:36:53] Colissimo_1_4_1_Affranchissement.INFO: Order #15 (BOATCOIHR) - Generate label [] []
[2021-10-06 11:36:53] Colissimo_1_4_1_Affranchissement.INFO: Order #15 (BOATCOIHR) - Shipping type: HOME DELIVERY [] []
[2021-10-06 11:36:53] Colissimo_1_4_1_Affranchissement.INFO: Order #15 (BOATCOIHR) - Request {"request":{"contractNumber":"*****","password":"*****","outputFormat":{"x":0,"y":0,"outputPrintingType":"PDF_A4_300dpi"},"letter":{"service":{"productCode":"DOS","depositDate":"2021-10-06","transportationAmount":500,"orderNumber":"BOATCOIHR"},"parcel":{"weight":"0.6"},"sender":{"senderParcelRef":"BOATCOIHR","address":{"companyName":"SAS French Filler","lastName":"LEVY","firstName":"LEVY","line0":"","line1":"","line2":"106 Avenue Kleber","line3":"PHARMACIE DU TROCADERO","countryCode":"FR","city":"PARIS","zipCode":"75116","phoneNumber":"+33622898454","email":"contact@frenchfiller.com"}},"addressee":{"addresseeParcelRef":"BOATCOIHR","codeBarForReference":true,"address":{"companyName":"","lastName":"Hopp\u00e9","firstName":"Patricia","line2":"16 rue victor ducla","line3":"","countryCode":"FR","city":"PAU","zipCode":"64000","phoneNumber":"0677603143","mobileNumber":"","email":"pat.hoppe@orange.fr"}}},"fields":{"customField":[{"key":"CUSER_INFO_TEXT","value":"PS1.7.7.3;1.4.1"},{"key":"EORI","value":""}]}}} []
[2021-10-06 11:36:53] Colissimo_1_4_1_Affranchissement.INFO: Order #15 (BOATCOIHR) - Response {"response":{"messages":[{"id":"0","type":"INFOS","messageContent":"La requ\u00eate a \u00e9t\u00e9 trait\u00e9e avec succ\u00e8s","replacementValues":[]}],"labelXmlV2Reponse":null,"labelV2Response":{"parcelNumber":"6C14909491913","parcelNumberPartner":"0064000116C1490949191802250T","pdfUrl":null,"fields":null}}} []
[2021-10-06 11:36:54] Colissimo_1_4_1_Affranchissement.INFO: Send tracking mail for shipment 6C14909491913 [] []
[2021-10-07 14:24:44] Colissimo_1_4_1_HookNewOrder.INFO: Hook newOrder called [] []
[2021-10-07 14:24:44] Colissimo_1_4_1_HookNewOrder.INFO: Order #16 - Carrier details {"id_carrier":"102","id_reference":"3"} []
[2021-10-07 14:24:44] Colissimo_1_4_1_HookNewOrder.INFO: Order #16 - Order Carrier details [{"id_order_carrier":"16","id_order":"16","id_carrier":"102","id_order_invoice":"0","weight":"0.600000","shipping_cost_tax_excl":"5.000000","shipping_cost_tax_incl":"5.000000","tracking_number":"","date_add":"2021-10-07 14:24:44"}] []
[2021-10-07 14:24:44] Colissimo_1_4_1_HookNewOrder.INFO: Order #16 - Carrier type : DOMICILE [] []
[2021-10-07 14:24:44] Colissimo_1_4_1_HookNewOrder.INFO: Order #16 - Colissimo Order created {"obj":{"id_colissimo_order":null,"id_order":16,"id_colissimo_service":5,"id_colissimo_pickup_point":0,"migration":0,"hidden":0,"id":"5","id_shop_list":[],"force_id":false}} []
[2021-10-08 16:32:32] Colissimo_1_4_1_Affranchissement.INFO: Order #16 (VUROBKTAA) - Generate label [] []
[2021-10-08 16:32:32] Colissimo_1_4_1_Affranchissement.INFO: Order #16 (VUROBKTAA) - Shipping type: HOME DELIVERY [] []
[2021-10-08 16:32:32] Colissimo_1_4_1_Affranchissement.INFO: Order #16 (VUROBKTAA) - Request {"request":{"contractNumber":"*****","password":"*****","outputFormat":{"x":0,"y":0,"outputPrintingType":"PDF_A4_300dpi"},"letter":{"service":{"productCode":"DOS","depositDate":"2021-10-08","transportationAmount":500,"orderNumber":"VUROBKTAA"},"parcel":{"weight":"0.6"},"sender":{"senderParcelRef":"VUROBKTAA","address":{"companyName":"SAS French Filler","lastName":"LEVY","firstName":"LEVY","line0":"","line1":"","line2":"106 Avenue Kleber","line3":"PHARMACIE DU TROCADERO","countryCode":"FR","city":"PARIS","zipCode":"75116","phoneNumber":"+33622898454","email":"contact@frenchfiller.com"}},"addressee":{"addresseeParcelRef":"VUROBKTAA","codeBarForReference":true,"address":{"companyName":"","lastName":"Godart ","firstName":"Francine ","line2":"8 rue Nicolas d\u2019angennes","line3":"R\u00e9sidence les demeures","countryCode":"FR","city":"Rambouillet ","zipCode":"78120","phoneNumber":"0620391653","mobileNumber":"","email":"max-godart@orange.fr"}}},"fields":{"customField":[{"key":"CUSER_INFO_TEXT","value":"PS1.7.7.3;1.4.1"},{"key":"EORI","value":""}]}}} []
[2021-10-08 16:32:33] Colissimo_1_4_1_Affranchissement.INFO: Order #16 (VUROBKTAA) - Response {"response":{"messages":[{"id":"0","type":"INFOS","messageContent":"La requ\u00eate a \u00e9t\u00e9 trait\u00e9e avec succ\u00e8s","replacementValues":[]}],"labelXmlV2Reponse":null,"labelV2Response":{"parcelNumber":"6C14910178391","parcelNumberPartner":"0078120116C1491017839802250O","pdfUrl":null,"fields":null}}} []
[2021-10-08 16:32:34] Colissimo_1_4_1_Affranchissement.INFO: Send tracking mail for shipment 6C14910178391 [] []
[2021-10-10 20:11:05] Colissimo_1_4_1_HookNewOrder.INFO: Hook newOrder called [] []
[2021-10-10 20:11:05] Colissimo_1_4_1_HookNewOrder.INFO: Order #17 - Carrier details {"id_carrier":"106","id_reference":"3"} []
[2021-10-10 20:11:05] Colissimo_1_4_1_HookNewOrder.INFO: Order #17 - Order Carrier details [{"id_order_carrier":"17","id_order":"17","id_carrier":"106","id_order_invoice":"0","weight":"2.800000","shipping_cost_tax_excl":"9.900000","shipping_cost_tax_incl":"9.900000","tracking_number":"","date_add":"2021-10-10 20:11:04"}] []
[2021-10-10 20:11:05] Colissimo_1_4_1_HookNewOrder.INFO: Order #17 - Carrier type : DOMICILE [] []
[2021-10-10 20:11:05] Colissimo_1_4_1_HookNewOrder.INFO: Order #17 - Colissimo Order created {"obj":{"id_colissimo_order":null,"id_order":17,"id_colissimo_service":5,"id_colissimo_pickup_point":0,"migration":0,"hidden":0,"id":"6","id_shop_list":[],"force_id":false}} []
[2021-10-10 20:18:01] Colissimo_1_4_1_HookNewOrder.INFO: Hook newOrder called [] []
[2021-10-10 20:18:01] Colissimo_1_4_1_HookNewOrder.INFO: Order #18 - Carrier details {"id_carrier":"106","id_reference":"3"} []
[2021-10-10 20:18:01] Colissimo_1_4_1_HookNewOrder.INFO: Order #18 - Order Carrier details [{"id_order_carrier":"18","id_order":"18","id_carrier":"106","id_order_invoice":"0","weight":"2.800000","shipping_cost_tax_excl":"9.900000","shipping_cost_tax_incl":"9.900000","tracking_number":"","date_add":"2021-10-10 20:18:01"}] []
[2021-10-10 20:18:01] Colissimo_1_4_1_HookNewOrder.INFO: Order #18 - Carrier type : DOMICILE [] []
[2021-10-10 20:18:01] Colissimo_1_4_1_HookNewOrder.INFO: Order #18 - Colissimo Order created {"obj":{"id_colissimo_order":null,"id_order":18,"id_colissimo_service":5,"id_colissimo_pickup_point":0,"migration":0,"hidden":0,"id":"7","id_shop_list":[],"force_id":false}} []
[2021-10-11 15:11:23] Colissimo_1_4_1_Affranchissement.INFO: Order #18 (UTELTESDY) - Generate label [] []
[2021-10-11 15:11:23] Colissimo_1_4_1_Affranchissement.INFO: Order #18 (UTELTESDY) - Shipping type: HOME DELIVERY [] []
[2021-10-11 15:11:23] Colissimo_1_4_1_Affranchissement.INFO: Order #18 (UTELTESDY) - Request {"request":{"contractNumber":"*****","password":"*****","outputFormat":{"x":0,"y":0,"outputPrintingType":"PDF_A4_300dpi"},"letter":{"service":{"productCode":"DOS","depositDate":"2021-10-11","transportationAmount":990,"orderNumber":"UTELTESDY"},"parcel":{"weight":"2.8"},"sender":{"senderParcelRef":"UTELTESDY","address":{"companyName":"SAS French Filler","lastName":"LEVY","firstName":"LEVY","line0":"","line1":"","line2":"106 Avenue Kleber","line3":"PHARMACIE DU TROCADERO","countryCode":"FR","city":"PARIS","zipCode":"75116","phoneNumber":"+33622898454","email":"contact@frenchfiller.com"}},"addressee":{"addresseeParcelRef":"UTELTESDY","codeBarForReference":true,"address":{"companyName":"","lastName":"Na","firstName":"Demoulin","line2":"40 route de la Colline","line3":"","countryCode":"FR","city":"Vetraz-monthoux","zipCode":"74100","phoneNumber":"","mobileNumber":"","email":"vassilievaelena317@gmail.com"}}},"fields":{"customField":[{"key":"CUSER_INFO_TEXT","value":"PS1.7.7.3;1.4.1"},{"key":"EORI","value":""}]}}} []
[2021-10-11 15:11:24] Colissimo_1_4_1_Affranchissement.INFO: Order #18 (UTELTESDY) - Response {"response":{"messages":[{"id":"0","type":"INFOS","messageContent":"La requ\u00eate a \u00e9t\u00e9 trait\u00e9e avec succ\u00e8s","replacementValues":[]}],"labelXmlV2Reponse":null,"labelV2Response":{"parcelNumber":"6C14907486560","parcelNumberPartner":"0074100116C1490748656802250T","pdfUrl":null,"fields":null}}} []
[2021-10-11 15:11:24] Colissimo_1_4_1_Affranchissement.INFO: Send tracking mail for shipment 6C14907486560 [] []
[2021-10-11 15:13:09] Colissimo_1_4_1_Dashboard.INFO: Update tracking up to 15 days ago. [] []
[2021-10-11 15:13:10] Colissimo_1_4_1_Dashboard.INFO: Update tracking up to 15 days ago. [] []
[2021-10-11 15:13:10] Colissimo_1_4_1_Dashboard.INFO: Labels to update (3) ["4","5","6"] []
[2021-10-11 15:13:10] Colissimo_1_4_1_Dashboard.INFO: Update label #4 (1/3) [] []
[2021-10-11 15:13:10] Colissimo_1_4_1_Dashboard.INFO: Log XML request {"xml":[{"accountNumber":"****","password":"****","skybillNumber":"6C14909491913"}]} []
[2021-10-11 15:13:10] Colissimo_1_4_1_Dashboard.INFO: Update tracking. [] []
[2021-10-11 15:13:10] Colissimo_1_4_1_Dashboard.INFO: Update order status to "Delivered" [] []
[2021-10-11 15:13:11] Colissimo_1_4_1_Dashboard.INFO: Update label #5 (2/3) [] []
[2021-10-11 15:13:11] Colissimo_1_4_1_Dashboard.INFO: Log XML request {"xml":[{"accountNumber":"****","password":"****","skybillNumber":"6C14910178391"}]} []
[2021-10-11 15:13:13] Colissimo_1_4_1_Dashboard.INFO: Update tracking. [] []
[2021-10-11 15:13:13] Colissimo_1_4_1_Dashboard.INFO: Update order status to "Shipped" [] []
[2021-10-11 15:13:14] Colissimo_1_4_1_Dashboard.INFO: Update label #6 (3/3) [] []
[2021-10-11 15:13:14] Colissimo_1_4_1_Dashboard.INFO: Log XML request {"xml":[{"accountNumber":"****","password":"****","skybillNumber":"6C14907486560"}]} []
[2021-10-11 15:13:14] Colissimo_1_4_1_Dashboard.INFO: Update tracking. [] []
[2021-10-12 13:32:23] Colissimo_1_4_1_Dashboard.INFO: Update tracking up to 15 days ago. [] []
[2021-10-12 13:32:24] Colissimo_1_4_1_Dashboard.INFO: Update tracking up to 15 days ago. [] []
[2021-10-12 13:32:24] Colissimo_1_4_1_Dashboard.INFO: Labels to update (2) ["5","6"] []
[2021-10-12 13:32:24] Colissimo_1_4_1_Dashboard.INFO: Update label #5 (1/2) [] []
[2021-10-12 13:32:24] Colissimo_1_4_1_Dashboard.INFO: Log XML request {"xml":[{"accountNumber":"****","password":"****","skybillNumber":"6C14910178391"}]} []
[2021-10-12 13:32:24] Colissimo_1_4_1_Dashboard.INFO: Update tracking. [] []
[2021-10-12 13:32:24] Colissimo_1_4_1_Dashboard.INFO: Update order status to "Delivered" [] []
[2021-10-12 13:32:28] Colissimo_1_4_1_Dashboard.INFO: Update label #6 (2/2) [] []
[2021-10-12 13:32:28] Colissimo_1_4_1_Dashboard.INFO: Log XML request {"xml":[{"accountNumber":"****","password":"****","skybillNumber":"6C14907486560"}]} []
[2021-10-12 13:32:28] Colissimo_1_4_1_Dashboard.INFO: Update tracking. [] []
[2021-10-12 13:32:28] Colissimo_1_4_1_Dashboard.INFO: Update order status to "Shipped" [] []
[2021-10-15 09:42:24] Colissimo_1_4_1_Dashboard.INFO: Update tracking up to 15 days ago. [] []
[2021-10-15 09:42:24] Colissimo_1_4_1_HookAdminOrder.INFO: Update tracking for order #18 [] []
[2021-10-15 09:42:24] Colissimo_1_4_1_HookAdminOrder.INFO: Log XML request {"xml":[{"accountNumber":"****","password":"****","skybillNumber":"6C14907486560"}]} []
[2021-10-15 09:42:24] Colissimo_1_4_1_HookAdminOrder.INFO: Update tracking. [] []
[2021-10-15 09:42:24] Colissimo_1_4_1_HookAdminOrder.INFO: Update order status to "Delivered" [] []
[2021-10-29 12:33:13] Colissimo_1_4_1_HookNewOrder.INFO: Hook newOrder called [] []
[2021-10-29 12:33:13] Colissimo_1_4_1_HookNewOrder.INFO: Order #19 - Carrier details {"id_carrier":"106","id_reference":"3"} []
[2021-10-29 12:33:13] Colissimo_1_4_1_HookNewOrder.INFO: Order #19 - Order Carrier details [{"id_order_carrier":"19","id_order":"19","id_carrier":"106","id_order_invoice":"0","weight":"0.600000","shipping_cost_tax_excl":"18.900000","shipping_cost_tax_incl":"18.900000","tracking_number":"","date_add":"2021-10-29 12:33:12"}] []
[2021-10-29 12:33:13] Colissimo_1_4_1_HookNewOrder.INFO: Order #19 - Carrier type : DOMICILE [] []
[2021-10-29 12:33:13] Colissimo_1_4_1_HookNewOrder.INFO: Order #19 - Colissimo Order created {"obj":{"id_colissimo_order":null,"id_order":19,"id_colissimo_service":7,"id_colissimo_pickup_point":0,"migration":0,"hidden":0,"id":"8","id_shop_list":[],"force_id":false}} []
