[2021-12-01 03:14:56] Colissimo_1_4_1_HookNewOrder.INFO: Hook newOrder called [] []
[2021-12-01 03:14:56] Colissimo_1_4_1_HookNewOrder.INFO: Order #36 - Carrier details {"id_carrier":"106","id_reference":"3"} []
[2021-12-01 03:14:56] Colissimo_1_4_1_HookNewOrder.INFO: Order #36 - Order Carrier details [{"id_order_carrier":"36","id_order":"36","id_carrier":"106","id_order_invoice":"0","weight":"0.500000","shipping_cost_tax_excl":"5.000000","shipping_cost_tax_incl":"5.000000","tracking_number":"","date_add":"2021-12-01 03:14:56"}] []
[2021-12-01 03:14:56] Colissimo_1_4_1_HookNewOrder.INFO: Order #36 - Carrier type : DOMICILE [] []
[2021-12-01 03:14:56] Colissimo_1_4_1_HookNewOrder.INFO: Order #36 - Colissimo Order created {"obj":{"id_colissimo_order":null,"id_order":36,"id_colissimo_service":5,"id_colissimo_pickup_point":0,"migration":0,"hidden":0,"id":"23","id_shop_list":[],"force_id":false}} []
[2021-12-01 09:59:32] Colissimo_1_4_1_Affranchissement.INFO: Order #36 (DOHBTSNQE) - Generate label [] []
[2021-12-01 09:59:32] Colissimo_1_4_1_Affranchissement.INFO: Order #36 (DOHBTSNQE) - Shipping type: HOME DELIVERY [] []
[2021-12-01 09:59:32] Colissimo_1_4_1_Affranchissement.INFO: Order #36 (DOHBTSNQE) - Request {"request":{"contractNumber":"*****","password":"*****","outputFormat":{"x":0,"y":0,"outputPrintingType":"PDF_A4_300dpi"},"letter":{"service":{"productCode":"DOS","depositDate":"2021-12-01","transportationAmount":500,"orderNumber":"DOHBTSNQE"},"parcel":{"weight":"0.5"},"sender":{"senderParcelRef":"DOHBTSNQE","address":{"companyName":"SAS French Filler","lastName":"LEVY","firstName":"LEVY","line0":"","line1":"","line2":"106 Avenue Kleber","line3":"PHARMACIE DU TROCADERO","countryCode":"FR","city":"PARIS","zipCode":"75116","phoneNumber":"+33622898454","email":"contact@frenchfiller.com"}},"addressee":{"addresseeParcelRef":"DOHBTSNQE","codeBarForReference":true,"address":{"companyName":"","lastName":"Balastre","firstName":"Nadia","line2":"79 boulevard mortier","line3":"3eme \u00e9tage code 158Balastre","countryCode":"FR","city":"Paris","zipCode":"75020","phoneNumber":"0672590755","mobileNumber":"","email":"nadia.balastre@gmail.com"}}},"fields":{"customField":[{"key":"CUSER_INFO_TEXT","value":"PS1.7.7.3;1.4.1"},{"key":"EORI","value":""}]}}} []
[2021-12-01 09:59:33] Colissimo_1_4_1_Affranchissement.INFO: Order #36 (DOHBTSNQE) - Response {"response":{"messages":[{"id":"0","type":"INFOS","messageContent":"La requ\u00eate a \u00e9t\u00e9 trait\u00e9e avec succ\u00e8s","replacementValues":[]}],"labelXmlV2Reponse":null,"labelV2Response":{"parcelNumber":"6C14967382741","parcelNumberPartner":"0075020116C1496738274802250N","pdfUrl":null,"fields":null}}} []
[2021-12-01 09:59:33] Colissimo_1_4_1_Affranchissement.INFO: Send tracking mail for shipment 6C14967382741 [] []
[2021-12-01 09:59:34] Colissimo_1_4_1_Affranchissement.INFO: Order #35 (XLDKKEMOV) - Generate label [] []
[2021-12-01 09:59:34] Colissimo_1_4_1_Affranchissement.INFO: Order #35 (XLDKKEMOV) - Shipping type: PICKUP POINT DELIVERY [] []
[2021-12-01 09:59:34] Colissimo_1_4_1_Affranchissement.INFO: Order #35 (XLDKKEMOV) - Pickup point ID #988383 [] []
[2021-12-01 09:59:34] Colissimo_1_4_1_Affranchissement.INFO: Order #35 (XLDKKEMOV) - Request {"request":{"contractNumber":"*****","password":"*****","outputFormat":{"x":0,"y":0,"outputPrintingType":"PDF_A4_300dpi"},"letter":{"service":{"productCode":"A2P","depositDate":"2021-12-01","transportationAmount":400,"orderNumber":"XLDKKEMOV","commercialName":"SAS French Filler"},"parcel":{"weight":"0.15","pickupLocationId":"988383"},"sender":{"senderParcelRef":"XLDKKEMOV","address":{"companyName":"SAS French Filler","lastName":"LEVY","firstName":"LEVY","line0":"","line1":"","line2":"106 Avenue Kleber","line3":"PHARMACIE DU TROCADERO","countryCode":"FR","city":"PARIS","zipCode":"75116","phoneNumber":"+33622898454","email":"contact@frenchfiller.com"}},"addressee":{"addresseeParcelRef":"XLDKKEMOV","codeBarForReference":true,"address":{"companyName":"","lastName":"Goupil","firstName":"Estelle","line2":"21 r\u00e9sidence les 4 charmes","line3":"","countryCode":"FR","city":"Romagn\u00e9","zipCode":"35133","phoneNumber":"","mobileNumber":"+33658262218","email":"estellegoupil35133@gmail.com"}}},"fields":{"customField":[{"key":"CUSER_INFO_TEXT","value":"PS1.7.7.3;1.4.1"},{"key":"EORI","value":""}]}}} []
[2021-12-01 09:59:34] Colissimo_1_4_1_Affranchissement.INFO: Order #35 (XLDKKEMOV) - Response {"response":{"messages":[{"id":"0","type":"INFOS","messageContent":"La requ\u00eate a \u00e9t\u00e9 trait\u00e9e avec succ\u00e8s","replacementValues":[]}],"labelXmlV2Reponse":null,"labelV2Response":{"parcelNumber":"6M18099988529","parcelNumberPartner":null,"pdfUrl":null,"fields":null}}} []
[2021-12-01 09:59:35] Colissimo_1_4_1_Affranchissement.INFO: Send tracking mail for shipment 6M18099988529 [] []
[2021-12-01 17:21:22] Colissimo_1_4_1_Dashboard.INFO: Update tracking up to 15 days ago. [] []
[2021-12-01 17:21:23] Colissimo_1_4_1_Dashboard.INFO: Update tracking up to 15 days ago. [] []
[2021-12-01 17:21:23] Colissimo_1_4_1_Dashboard.INFO: Labels to update (11) ["10","11","12","13","14","15","16","17","18","19","20"] []
[2021-12-01 17:21:23] Colissimo_1_4_1_Dashboard.INFO: Update label #10 (1/11) [] []
[2021-12-01 17:21:23] Colissimo_1_4_1_Dashboard.INFO: Log XML request {"xml":[{"accountNumber":"****","password":"****","skybillNumber":"6M18096905611"}]} []
[2021-12-01 17:21:23] Colissimo_1_4_1_Dashboard.INFO: Update tracking. [] []
[2021-12-01 17:21:23] Colissimo_1_4_1_Dashboard.INFO: Update order status to "Shipped" [] []
[2021-12-01 17:21:24] Colissimo_1_4_1_Dashboard.INFO: Update label #11 (2/11) [] []
[2021-12-01 17:21:24] Colissimo_1_4_1_Dashboard.INFO: Log XML request {"xml":[{"accountNumber":"****","password":"****","skybillNumber":"6M18096905628"}]} []
[2021-12-01 17:21:25] Colissimo_1_4_1_Dashboard.INFO: Update tracking. [] []
[2021-12-01 17:21:25] Colissimo_1_4_1_Dashboard.INFO: Update order status to "Delivered" [] []
[2021-12-01 17:21:25] Colissimo_1_4_1_Dashboard.INFO: Update label #12 (3/11) [] []
[2021-12-01 17:21:25] Colissimo_1_4_1_Dashboard.INFO: Log XML request {"xml":[{"accountNumber":"****","password":"****","skybillNumber":"6C14952050938"}]} []
[2021-12-01 17:21:25] Colissimo_1_4_1_Dashboard.INFO: Update tracking. [] []
[2021-12-01 17:21:25] Colissimo_1_4_1_Dashboard.INFO: Update label #13 (4/11) [] []
[2021-12-01 17:21:25] Colissimo_1_4_1_Dashboard.INFO: Log XML request {"xml":[{"accountNumber":"****","password":"****","skybillNumber":"CB607571105FR"}]} []
[2021-12-01 17:21:25] Colissimo_1_4_1_Dashboard.INFO: Update tracking. [] []
[2021-12-01 17:21:25] Colissimo_1_4_1_Dashboard.INFO: Update order status to "Shipped" [] []
[2021-12-01 17:21:26] Colissimo_1_4_1_Dashboard.INFO: Update label #14 (5/11) [] []
[2021-12-01 17:21:26] Colissimo_1_4_1_Dashboard.INFO: Log XML request {"xml":[{"accountNumber":"****","password":"****","skybillNumber":"6C14950449086"}]} []
[2021-12-01 17:21:26] Colissimo_1_4_1_Dashboard.INFO: Update tracking. [] []
[2021-12-01 17:21:26] Colissimo_1_4_1_Dashboard.INFO: Update order status to "Delivered" [] []
[2021-12-01 17:21:26] Colissimo_1_4_1_Dashboard.INFO: Update label #15 (6/11) [] []
[2021-12-01 17:21:26] Colissimo_1_4_1_Dashboard.INFO: Log XML request {"xml":[{"accountNumber":"****","password":"****","skybillNumber":"6C14952050945"}]} []
[2021-12-01 17:21:26] Colissimo_1_4_1_Dashboard.INFO: Update tracking. [] []
[2021-12-01 17:21:26] Colissimo_1_4_1_Dashboard.INFO: Update order status to "Delivered" [] []
[2021-12-01 17:21:27] Colissimo_1_4_1_Dashboard.INFO: Update label #16 (7/11) [] []
[2021-12-01 17:21:27] Colissimo_1_4_1_Dashboard.INFO: Log XML request {"xml":[{"accountNumber":"****","password":"****","skybillNumber":"6M18097104945"}]} []
[2021-12-01 17:21:27] Colissimo_1_4_1_Dashboard.INFO: Update tracking. [] []
[2021-12-01 17:21:27] Colissimo_1_4_1_Dashboard.INFO: Update label #17 (8/11) [] []
[2021-12-01 17:21:27] Colissimo_1_4_1_Dashboard.INFO: Log XML request {"xml":[{"accountNumber":"****","password":"****","skybillNumber":"6C14949866726"}]} []
[2021-12-01 17:21:27] Colissimo_1_4_1_Dashboard.INFO: Update tracking. [] []
[2021-12-01 17:21:27] Colissimo_1_4_1_Dashboard.INFO: Update order status to "Delivered" [] []
[2021-12-01 17:21:27] Colissimo_1_4_1_Dashboard.INFO: Update label #18 (9/11) [] []
[2021-12-01 17:21:27] Colissimo_1_4_1_Dashboard.INFO: Log XML request {"xml":[{"accountNumber":"****","password":"****","skybillNumber":"6C14950747137"}]} []
[2021-12-01 17:21:27] Colissimo_1_4_1_Dashboard.INFO: Update tracking. [] []
[2021-12-01 17:21:27] Colissimo_1_4_1_Dashboard.INFO: Update order status to "Delivered" [] []
[2021-12-01 17:21:28] Colissimo_1_4_1_Dashboard.INFO: Update label #19 (10/11) [] []
[2021-12-01 17:21:28] Colissimo_1_4_1_Dashboard.INFO: Log XML request {"xml":[{"accountNumber":"****","password":"****","skybillNumber":"6C14967382741"}]} []
[2021-12-01 17:21:28] Colissimo_1_4_1_Dashboard.INFO: Update tracking. [] []
[2021-12-01 17:21:28] Colissimo_1_4_1_Dashboard.INFO: Update order status to "Shipped" [] []
[2021-12-01 17:21:29] Colissimo_1_4_1_Dashboard.INFO: Update label #20 (11/11) [] []
[2021-12-01 17:21:29] Colissimo_1_4_1_Dashboard.INFO: Log XML request {"xml":[{"accountNumber":"****","password":"****","skybillNumber":"6M18099988529"}]} []
[2021-12-01 17:21:29] Colissimo_1_4_1_Dashboard.INFO: Update tracking. [] []
[2021-12-01 17:21:29] Colissimo_1_4_1_Dashboard.INFO: Update order status to "Shipped" [] []
[2021-12-02 01:50:30] Colissimo_1_4_1_Timeline.INFO: Start tracking for order 30 (HLPFKXNFB) [] []
[2021-12-02 01:50:30] Colissimo_1_4_1_Timeline.INFO: Request {"json":{"password":"*****","login":"847273","parcelNumber":"6C14952050938","ip":"90.56.88.176","lang":"fr_FR","profil":"TRACKING_BNUM","contractNumber":"*****"}} []
[2021-12-02 17:02:50] Colissimo_1_4_1_HookNewOrder.INFO: Hook newOrder called [] []
[2021-12-02 17:02:50] Colissimo_1_4_1_HookNewOrder.INFO: Order #37 - Carrier details {"id_carrier":"18","id_reference":"18"} []
[2021-12-02 17:02:50] Colissimo_1_4_1_HookNewOrder.INFO: Order #37 - Order Carrier details [{"id_order_carrier":"37","id_order":"37","id_carrier":"18","id_order_invoice":"0","weight":"0.200000","shipping_cost_tax_excl":"0.000000","shipping_cost_tax_incl":"0.000000","tracking_number":"","date_add":"2021-12-02 17:02:49"}] []
[2021-12-02 17:02:50] Colissimo_1_4_1_HookNewOrder.INFO: Order #37 - Not a Colissimo Carrier. {"id":18} []
[2021-12-06 07:11:30] Colissimo_1_4_1_Timeline.INFO: Start tracking for order 30 (HLPFKXNFB) [] []
[2021-12-06 07:11:30] Colissimo_1_4_1_Timeline.INFO: Request {"json":{"password":"*****","login":"847273","parcelNumber":"6C14952050938","ip":"92.184.124.69","lang":"fr_FR","profil":"TRACKING_BNUM","contractNumber":"*****"}} []
[2021-12-06 14:29:12] Colissimo_1_4_1_Dashboard.INFO: Update tracking up to 15 days ago. [] []
[2021-12-06 14:29:12] Colissimo_1_4_1_HookAdminOrder.INFO: Update tracking for order #33 [] []
[2021-12-06 14:29:12] Colissimo_1_4_1_HookAdminOrder.INFO: Log XML request {"xml":[{"accountNumber":"****","password":"****","skybillNumber":"6M18096905611"}]} []
[2021-12-06 14:29:13] Colissimo_1_4_1_HookAdminOrder.INFO: Update tracking. [] []
[2021-12-06 14:29:13] Colissimo_1_4_1_HookAdminOrder.INFO: Update order status to "Delivered" [] []
[2021-12-06 14:29:21] Colissimo_1_4_1_Affranchissement.INFO: Order #33 (APLNGCKCW) - Generate label [] []
[2021-12-06 14:29:21] Colissimo_1_4_1_Affranchissement.INFO: Order #33 (APLNGCKCW) - Shipping type: PICKUP POINT DELIVERY [] []
[2021-12-06 14:29:21] Colissimo_1_4_1_Affranchissement.INFO: Order #33 (APLNGCKCW) - Pickup point ID #097422 [] []
[2021-12-06 14:29:21] Colissimo_1_4_1_Affranchissement.INFO: Order #33 (APLNGCKCW) - Request {"request":{"contractNumber":"*****","password":"*****","outputFormat":{"x":0,"y":0,"outputPrintingType":"PDF_A4_300dpi"},"letter":{"service":{"productCode":"A2P","depositDate":"2021-12-06","transportationAmount":700,"orderNumber":"APLNGCKCW","commercialName":"SAS French Filler"},"parcel":{"weight":"2.4","pickupLocationId":"097422"},"sender":{"senderParcelRef":"APLNGCKCW","address":{"companyName":"SAS French Filler","lastName":"LEVY","firstName":"LEVY","line0":"","line1":"","line2":"106 Avenue Kleber","line3":"PHARMACIE DU TROCADERO","countryCode":"FR","city":"PARIS","zipCode":"75116","phoneNumber":"+33622898454","email":"contact@frenchfiller.com"}},"addressee":{"addresseeParcelRef":"APLNGCKCW","codeBarForReference":true,"address":{"companyName":"","lastName":"Canet","firstName":"Vanessa","line2":"3 rue de Bone ","line3":"","countryCode":"FR","city":"Cannes","zipCode":"06400","phoneNumber":"0667655870","mobileNumber":"+33667655870","email":"vanessacanet123@gmail.com"}}},"fields":{"customField":[{"key":"CUSER_INFO_TEXT","value":"PS1.7.7.3;1.4.1"},{"key":"EORI","value":""}]}}} []
[2021-12-06 14:29:21] Colissimo_1_4_1_Affranchissement.INFO: Order #33 (APLNGCKCW) - Response {"response":{"messages":[{"id":"0","type":"INFOS","messageContent":"La requ\u00eate a \u00e9t\u00e9 trait\u00e9e avec succ\u00e8s","replacementValues":[]}],"labelXmlV2Reponse":null,"labelV2Response":{"parcelNumber":"6M18106374918","parcelNumberPartner":null,"pdfUrl":null,"fields":null}}} []
[2021-12-06 14:39:56] Colissimo_1_4_1_HookNewOrder.INFO: Hook newOrder called [] []
[2021-12-06 14:39:56] Colissimo_1_4_1_HookNewOrder.INFO: Order #38 - Carrier details {"id_carrier":"106","id_reference":"3"} []
[2021-12-06 14:39:56] Colissimo_1_4_1_HookNewOrder.INFO: Order #38 - Order Carrier details [{"id_order_carrier":"38","id_order":"38","id_carrier":"106","id_order_invoice":"0","weight":"0.500000","shipping_cost_tax_excl":"5.000000","shipping_cost_tax_incl":"5.000000","tracking_number":"","date_add":"2021-12-06 14:39:56"}] []
[2021-12-06 14:39:56] Colissimo_1_4_1_HookNewOrder.INFO: Order #38 - Carrier type : DOMICILE [] []
[2021-12-06 14:39:56] Colissimo_1_4_1_HookNewOrder.INFO: Order #38 - Colissimo Order created {"obj":{"id_colissimo_order":null,"id_order":38,"id_colissimo_service":5,"id_colissimo_pickup_point":0,"migration":0,"hidden":0,"id":"24","id_shop_list":[],"force_id":false}} []
[2021-12-06 14:42:38] Colissimo_1_4_1_Affranchissement.INFO: Order #38 (WMZTDSZLM) - Generate label [] []
[2021-12-06 14:42:38] Colissimo_1_4_1_Affranchissement.INFO: Order #38 (WMZTDSZLM) - Shipping type: HOME DELIVERY [] []
[2021-12-06 14:42:38] Colissimo_1_4_1_Affranchissement.INFO: Order #38 (WMZTDSZLM) - Request {"request":{"contractNumber":"*****","password":"*****","outputFormat":{"x":0,"y":0,"outputPrintingType":"PDF_A4_300dpi"},"letter":{"service":{"productCode":"DOS","depositDate":"2021-12-06","transportationAmount":500,"orderNumber":"WMZTDSZLM"},"parcel":{"weight":"0.5"},"sender":{"senderParcelRef":"WMZTDSZLM","address":{"companyName":"SAS French Filler","lastName":"LEVY","firstName":"LEVY","line0":"","line1":"","line2":"106 Avenue Kleber","line3":"PHARMACIE DU TROCADERO","countryCode":"FR","city":"PARIS","zipCode":"75116","phoneNumber":"+33622898454","email":"contact@frenchfiller.com"}},"addressee":{"addresseeParcelRef":"WMZTDSZLM","codeBarForReference":true,"address":{"companyName":"","lastName":"Di iorio","firstName":"Florence","line2":"15 rue de jouy","line3":"Appartement 42","countryCode":"FR","city":"Paris ","zipCode":"75004","phoneNumber":"0612966574","mobileNumber":"","email":"fd.paris4@gmail.com"}}},"fields":{"customField":[{"key":"CUSER_INFO_TEXT","value":"PS1.7.7.3;1.4.1"},{"key":"EORI","value":""}]}}} []
[2021-12-06 14:42:39] Colissimo_1_4_1_Affranchissement.INFO: Order #38 (WMZTDSZLM) - Response {"response":{"messages":[{"id":"0","type":"INFOS","messageContent":"La requ\u00eate a \u00e9t\u00e9 trait\u00e9e avec succ\u00e8s","replacementValues":[]}],"labelXmlV2Reponse":null,"labelV2Response":{"parcelNumber":"6C14972602650","parcelNumberPartner":"0075004116C1497260265802250T","pdfUrl":null,"fields":null}}} []
[2021-12-06 14:42:39] Colissimo_1_4_1_Affranchissement.INFO: Send tracking mail for shipment 6C14972602650 [] []
[2021-12-06 14:43:55] Colissimo_1_4_1_Affranchissement.INFO: Order #38 (WMZTDSZLM) - Generate label [] []
[2021-12-06 14:43:55] Colissimo_1_4_1_Affranchissement.INFO: Order #38 (WMZTDSZLM) - Shipping type: HOME DELIVERY [] []
[2021-12-06 14:43:55] Colissimo_1_4_1_Affranchissement.INFO: Order #38 (WMZTDSZLM) - Request {"request":{"contractNumber":"*****","password":"*****","outputFormat":{"x":0,"y":0,"outputPrintingType":"PDF_A4_300dpi"},"letter":{"service":{"productCode":"DOS","depositDate":"2021-12-06","transportationAmount":500,"orderNumber":"WMZTDSZLM"},"parcel":{"weight":"0.5"},"sender":{"senderParcelRef":"WMZTDSZLM","address":{"companyName":"SAS French Filler","lastName":"LEVY","firstName":"LEVY","line0":"","line1":"","line2":"106 Avenue Kleber","line3":"PHARMACIE DU TROCADERO","countryCode":"FR","city":"PARIS","zipCode":"75116","phoneNumber":"+33622898454","email":"contact@frenchfiller.com"}},"addressee":{"addresseeParcelRef":"WMZTDSZLM","codeBarForReference":true,"address":{"companyName":"","lastName":"Di iorio","firstName":"Florence","line2":"15 rue de jouy","line3":"Appartement 42","countryCode":"FR","city":"Paris ","zipCode":"75004","phoneNumber":"0612966574","mobileNumber":"","email":"fd.paris4@gmail.com"}}},"fields":{"customField":[{"key":"CUSER_INFO_TEXT","value":"PS1.7.7.3;1.4.1"},{"key":"EORI","value":""}]}}} []
[2021-12-06 14:43:55] Colissimo_1_4_1_Affranchissement.INFO: Order #38 (WMZTDSZLM) - Response {"response":{"messages":[{"id":"0","type":"INFOS","messageContent":"La requ\u00eate a \u00e9t\u00e9 trait\u00e9e avec succ\u00e8s","replacementValues":[]}],"labelXmlV2Reponse":null,"labelV2Response":{"parcelNumber":"6C14972311873","parcelNumberPartner":"0075004116C1497231187802250Q","pdfUrl":null,"fields":null}}} []
[2021-12-10 13:32:40] Colissimo_1_4_1_HookNewOrder.INFO: Hook newOrder called [] []
[2021-12-10 13:32:40] Colissimo_1_4_1_HookNewOrder.INFO: Order #39 - Carrier details {"id_carrier":"106","id_reference":"3"} []
[2021-12-10 13:32:40] Colissimo_1_4_1_HookNewOrder.INFO: Order #39 - Order Carrier details [{"id_order_carrier":"39","id_order":"39","id_carrier":"106","id_order_invoice":"0","weight":"0.600000","shipping_cost_tax_excl":"5.000000","shipping_cost_tax_incl":"5.000000","tracking_number":"","date_add":"2021-12-10 13:32:40"}] []
[2021-12-10 13:32:40] Colissimo_1_4_1_HookNewOrder.INFO: Order #39 - Carrier type : DOMICILE [] []
[2021-12-10 13:32:40] Colissimo_1_4_1_HookNewOrder.INFO: Order #39 - Colissimo Order created {"obj":{"id_colissimo_order":null,"id_order":39,"id_colissimo_service":5,"id_colissimo_pickup_point":0,"migration":0,"hidden":0,"id":"25","id_shop_list":[],"force_id":false}} []
[2021-12-10 14:19:29] Colissimo_1_4_1_Affranchissement.INFO: Order #39 (RXKIPBQLF) - Generate label [] []
[2021-12-10 14:19:29] Colissimo_1_4_1_Affranchissement.INFO: Order #39 (RXKIPBQLF) - Shipping type: HOME DELIVERY [] []
[2021-12-10 14:19:29] Colissimo_1_4_1_Affranchissement.INFO: Order #39 (RXKIPBQLF) - Request {"request":{"contractNumber":"*****","password":"*****","outputFormat":{"x":0,"y":0,"outputPrintingType":"PDF_A4_300dpi"},"letter":{"service":{"productCode":"DOS","depositDate":"2021-12-10","transportationAmount":500,"orderNumber":"RXKIPBQLF"},"parcel":{"weight":"0.6"},"sender":{"senderParcelRef":"RXKIPBQLF","address":{"companyName":"SAS French Filler","lastName":"LEVY","firstName":"LEVY","line0":"","line1":"","line2":"106 Avenue Kleber","line3":"PHARMACIE DU TROCADERO","countryCode":"FR","city":"PARIS","zipCode":"75116","phoneNumber":"+33622898454","email":"contact@frenchfiller.com"}},"addressee":{"addresseeParcelRef":"RXKIPBQLF","codeBarForReference":true,"address":{"companyName":"","lastName":"Fogacci","firstName":"Serena","line2":"11 Avenue \u00c9mile Sari ","line3":"","countryCode":"FR","city":"Bastia","zipCode":"20200","phoneNumber":"0629692881","mobileNumber":"","email":"serena.f@neuf.fr"}}},"fields":{"customField":[{"key":"CUSER_INFO_TEXT","value":"PS1.7.7.3;1.4.1"},{"key":"EORI","value":""}]}}} []
[2021-12-10 14:19:30] Colissimo_1_4_1_Affranchissement.INFO: Order #39 (RXKIPBQLF) - Response {"response":{"messages":[{"id":"0","type":"INFOS","messageContent":"La requ\u00eate a \u00e9t\u00e9 trait\u00e9e avec succ\u00e8s","replacementValues":[]}],"labelXmlV2Reponse":null,"labelV2Response":{"parcelNumber":"6C14975557919","parcelNumberPartner":"0020200116C1497555791802250K","pdfUrl":null,"fields":null}}} []
[2021-12-10 14:19:31] Colissimo_1_4_1_Affranchissement.INFO: Send tracking mail for shipment 6C14975557919 [] []
[2021-12-10 14:21:12] Colissimo_1_4_1_Affranchissement.INFO: Order #29 (VXJYGZBSD) - Generate label [] []
[2021-12-10 14:21:12] Colissimo_1_4_1_Affranchissement.INFO: Order #29 (VXJYGZBSD) - Shipping type: HOME DELIVERY [] []
[2021-12-10 14:21:12] Colissimo_1_4_1_Affranchissement.INFO: Order #29 (VXJYGZBSD) - Include customs declarations ["data",{"includeCustomsDeclarations":1,"contents":{"article":[{"description":"Trousse Gua Sha","quantity":"1","weight":0.05,"value":35.116667,"hsCode":"33049900","originCountry":"FR","currency":"EUR","artref":"trousse-gua-sha","originalIdent":"A"},{"description":"Le Patch Invisible - Yeux","quantity":"5","weight":0.1,"value":3.25,"hsCode":"33049900","originCountry":"FR","currency":"EUR","artref":"patch-invisible-","originalIdent":"A"}],"category":{"value":3}}}] []
[2021-12-10 14:21:12] Colissimo_1_4_1_Affranchissement.INFO: Order #29 (VXJYGZBSD) - Request {"request":{"contractNumber":"*****","password":"*****","outputFormat":{"x":0,"y":0,"outputPrintingType":"PDF_A4_300dpi"},"letter":{"service":{"productCode":"DOS","depositDate":"2021-12-10","transportationAmount":1889,"totalAmount":1889,"returnTypeChoice":3,"orderNumber":"VXJYGZBSD"},"parcel":{"weight":"0.55"},"customsDeclarations":{"includeCustomsDeclarations":1,"contents":{"article":[{"description":"Trousse Gua Sha","quantity":"1","weight":0.05,"value":35.116667,"hsCode":"33049900","originCountry":"FR","currency":"EUR","artref":"trousse-gua-sha","originalIdent":"A"},{"description":"Le Patch Invisible - Yeux","quantity":"5","weight":0.1,"value":3.25,"hsCode":"33049900","originCountry":"FR","currency":"EUR","artref":"patch-invisible-","originalIdent":"A"}],"category":{"value":3}}},"sender":{"senderParcelRef":"VXJYGZBSD","address":{"companyName":"SAS French Filler","lastName":"LEVY","firstName":"LEVY","line0":"","line1":"","line2":"106 Avenue Kleber","line3":"PHARMACIE DU TROCADERO","countryCode":"FR","city":"PARIS","zipCode":"75116","phoneNumber":"+33622898454","email":"contact@frenchfiller.com"}},"addressee":{"addresseeParcelRef":"VXJYGZBSD","codeBarForReference":true,"address":{"companyName":"","lastName":"Leibowitch","firstName":"MarieAlexandrine","line2":"Vy d\u2019Etra 10","line3":"","countryCode":"CH","city":"Neuch\u00e2tel ","zipCode":"2000","phoneNumber":"","mobileNumber":"","email":"mleibowitch@gmail.com"}}},"fields":{"customField":[{"key":"CUSER_INFO_TEXT","value":"PS1.7.7.3;1.4.1"},{"key":"EORI","value":""}]}}} []
[2021-12-10 14:21:12] Colissimo_1_4_1_Affranchissement.INFO: Order #29 (VXJYGZBSD) - Response {"response":{"messages":[{"id":"0","type":"INFOS","messageContent":"La requ\u00eate a \u00e9t\u00e9 trait\u00e9e avec succ\u00e8s","replacementValues":[]}],"labelXmlV2Reponse":null,"labelV2Response":{"parcelNumber":"CB610392679FR","parcelNumberPartner":"996010984461039267","pdfUrl":null,"fields":{"field":[{"key":"NETWORK_NAME","value":"EPG"},{"key":"PARTNER_NAME","value":"Swiss Post"},{"key":"PARTNER_CAB","value":"996010984461039267"},{"key":"CN23_THERMIQUE","value":"N"}],"customField":[{"key":"NETWORK_NAME","value":"EPG"},{"key":"PARTNER_NAME","value":"Swiss Post"},{"key":"PARTNER_CAB","value":"996010984461039267"},{"key":"CN23_THERMIQUE","value":"N"}]}}}} []
[2021-12-10 14:21:12] Colissimo_1_4_1_Affranchissement.INFO: Order #29 (VXJYGZBSD) - CN23 generated [] []
[2021-12-10 15:06:20] Colissimo_1_4_1_HookNewOrder.INFO: Hook newOrder called [] []
[2021-12-10 15:06:20] Colissimo_1_4_1_HookNewOrder.INFO: Order #40 - Carrier details {"id_carrier":"106","id_reference":"3"} []
[2021-12-10 15:06:20] Colissimo_1_4_1_HookNewOrder.INFO: Order #40 - Order Carrier details [{"id_order_carrier":"40","id_order":"40","id_carrier":"106","id_order_invoice":"0","weight":"0.300000","shipping_cost_tax_excl":"5.000000","shipping_cost_tax_incl":"5.000000","tracking_number":"","date_add":"2021-12-10 15:06:20"}] []
[2021-12-10 15:06:20] Colissimo_1_4_1_HookNewOrder.INFO: Order #40 - Carrier type : DOMICILE [] []
[2021-12-10 15:06:20] Colissimo_1_4_1_HookNewOrder.INFO: Order #40 - Colissimo Order created {"obj":{"id_colissimo_order":null,"id_order":40,"id_colissimo_service":5,"id_colissimo_pickup_point":0,"migration":0,"hidden":0,"id":"26","id_shop_list":[],"force_id":false}} []
[2021-12-10 15:12:50] Colissimo_1_4_1_HookNewOrder.INFO: Hook newOrder called [] []
[2021-12-10 15:12:50] Colissimo_1_4_1_HookNewOrder.INFO: Order #41 - Carrier details {"id_carrier":"106","id_reference":"3"} []
[2021-12-10 15:12:50] Colissimo_1_4_1_HookNewOrder.INFO: Order #41 - Order Carrier details [{"id_order_carrier":"41","id_order":"41","id_carrier":"106","id_order_invoice":"0","weight":"0.300000","shipping_cost_tax_excl":"5.000000","shipping_cost_tax_incl":"5.000000","tracking_number":"","date_add":"2021-12-10 15:12:50"}] []
[2021-12-10 15:12:50] Colissimo_1_4_1_HookNewOrder.INFO: Order #41 - Carrier type : DOMICILE [] []
[2021-12-10 15:12:50] Colissimo_1_4_1_HookNewOrder.INFO: Order #41 - Colissimo Order created {"obj":{"id_colissimo_order":null,"id_order":41,"id_colissimo_service":5,"id_colissimo_pickup_point":0,"migration":0,"hidden":0,"id":"27","id_shop_list":[],"force_id":false}} []
[2021-12-10 15:18:15] Colissimo_1_4_1_HookNewOrder.INFO: Hook newOrder called [] []
[2021-12-10 15:18:15] Colissimo_1_4_1_HookNewOrder.INFO: Order #42 - Carrier details {"id_carrier":"106","id_reference":"3"} []
[2021-12-10 15:18:15] Colissimo_1_4_1_HookNewOrder.INFO: Order #42 - Order Carrier details [{"id_order_carrier":"42","id_order":"42","id_carrier":"106","id_order_invoice":"0","weight":"1.000000","shipping_cost_tax_excl":"5.000000","shipping_cost_tax_incl":"5.000000","tracking_number":"","date_add":"2021-12-10 15:18:15"}] []
[2021-12-10 15:18:15] Colissimo_1_4_1_HookNewOrder.INFO: Order #42 - Carrier type : DOMICILE [] []
[2021-12-10 15:18:15] Colissimo_1_4_1_HookNewOrder.INFO: Order #42 - Colissimo Order created {"obj":{"id_colissimo_order":null,"id_order":42,"id_colissimo_service":5,"id_colissimo_pickup_point":0,"migration":0,"hidden":0,"id":"28","id_shop_list":[],"force_id":false}} []
[2021-12-10 15:36:06] Colissimo_1_4_1_HookNewOrder.INFO: Hook newOrder called [] []
[2021-12-10 15:36:06] Colissimo_1_4_1_HookNewOrder.INFO: Order #43 - Carrier details {"id_carrier":"106","id_reference":"3"} []
[2021-12-10 15:36:06] Colissimo_1_4_1_HookNewOrder.INFO: Order #43 - Order Carrier details [{"id_order_carrier":"43","id_order":"43","id_carrier":"106","id_order_invoice":"0","weight":"1.400000","shipping_cost_tax_excl":"5.000000","shipping_cost_tax_incl":"5.000000","tracking_number":"","date_add":"2021-12-10 15:36:06"}] []
[2021-12-10 15:36:06] Colissimo_1_4_1_HookNewOrder.INFO: Order #43 - Carrier type : DOMICILE [] []
[2021-12-10 15:36:06] Colissimo_1_4_1_HookNewOrder.INFO: Order #43 - Colissimo Order created {"obj":{"id_colissimo_order":null,"id_order":43,"id_colissimo_service":5,"id_colissimo_pickup_point":0,"migration":0,"hidden":0,"id":"29","id_shop_list":[],"force_id":false}} []
[2021-12-10 16:19:29] Colissimo_1_4_1_HookNewOrder.INFO: Hook newOrder called [] []
[2021-12-10 16:19:29] Colissimo_1_4_1_HookNewOrder.INFO: Order #44 - Carrier details {"id_carrier":"106","id_reference":"3"} []
[2021-12-10 16:19:29] Colissimo_1_4_1_HookNewOrder.INFO: Order #44 - Order Carrier details [{"id_order_carrier":"44","id_order":"44","id_carrier":"106","id_order_invoice":"0","weight":"1.400000","shipping_cost_tax_excl":"5.000000","shipping_cost_tax_incl":"5.000000","tracking_number":"","date_add":"2021-12-10 16:19:29"}] []
[2021-12-10 16:19:29] Colissimo_1_4_1_HookNewOrder.INFO: Order #44 - Carrier type : DOMICILE [] []
[2021-12-10 16:19:29] Colissimo_1_4_1_HookNewOrder.INFO: Order #44 - Colissimo Order created {"obj":{"id_colissimo_order":null,"id_order":44,"id_colissimo_service":5,"id_colissimo_pickup_point":0,"migration":0,"hidden":0,"id":"30","id_shop_list":[],"force_id":false}} []
[2021-12-10 16:28:20] Colissimo_1_4_1_Affranchissement.INFO: Order #41 (VJEFPPIAV) - Generate label [] []
[2021-12-10 16:28:20] Colissimo_1_4_1_Affranchissement.INFO: Order #41 (VJEFPPIAV) - Shipping type: HOME DELIVERY [] []
[2021-12-10 16:28:20] Colissimo_1_4_1_Affranchissement.INFO: Order #41 (VJEFPPIAV) - Request {"request":{"contractNumber":"*****","password":"*****","outputFormat":{"x":0,"y":0,"outputPrintingType":"PDF_A4_300dpi"},"letter":{"service":{"productCode":"DOS","depositDate":"2021-12-10","transportationAmount":500,"orderNumber":"VJEFPPIAV"},"parcel":{"weight":"0.3"},"sender":{"senderParcelRef":"VJEFPPIAV","address":{"companyName":"SAS French Filler","lastName":"LEVY","firstName":"LEVY","line0":"","line1":"","line2":"106 Avenue Kleber","line3":"PHARMACIE DU TROCADERO","countryCode":"FR","city":"PARIS","zipCode":"75116","phoneNumber":"+33622898454","email":"contact@frenchfiller.com"}},"addressee":{"addresseeParcelRef":"VJEFPPIAV","codeBarForReference":true,"address":{"companyName":"","lastName":"ROBINEAU","firstName":"Catherine ","line2":"60 avenue Georges Clemenceau ","line3":"","countryCode":"FR","city":"Maisons Alfort","zipCode":"94700","phoneNumber":"0682515101","mobileNumber":"","email":"robineau.catherine@bbox.fr"}}},"fields":{"customField":[{"key":"CUSER_INFO_TEXT","value":"PS1.7.7.3;1.4.1"},{"key":"EORI","value":""}]}}} []
[2021-12-10 16:28:20] Colissimo_1_4_1_Affranchissement.INFO: Order #41 (VJEFPPIAV) - Response {"response":{"messages":[{"id":"0","type":"INFOS","messageContent":"La requ\u00eate a \u00e9t\u00e9 trait\u00e9e avec succ\u00e8s","replacementValues":[]}],"labelXmlV2Reponse":null,"labelV2Response":{"parcelNumber":"6C14977330831","parcelNumberPartner":"0094700116C1497733083802250U","pdfUrl":null,"fields":null}}} []
[2021-12-10 16:28:21] Colissimo_1_4_1_Affranchissement.INFO: Send tracking mail for shipment 6C14977330831 [] []
[2021-12-11 18:45:52] Colissimo_1_4_1_HookNewOrder.INFO: Hook newOrder called [] []
[2021-12-11 18:45:52] Colissimo_1_4_1_HookNewOrder.INFO: Order #45 - Carrier details {"id_carrier":"106","id_reference":"3"} []
[2021-12-11 18:45:52] Colissimo_1_4_1_HookNewOrder.INFO: Order #45 - Order Carrier details [{"id_order_carrier":"45","id_order":"45","id_carrier":"106","id_order_invoice":"0","weight":"0.600000","shipping_cost_tax_excl":"5.000000","shipping_cost_tax_incl":"5.000000","tracking_number":"","date_add":"2021-12-11 18:45:52"}] []
[2021-12-11 18:45:52] Colissimo_1_4_1_HookNewOrder.INFO: Order #45 - Carrier type : DOMICILE [] []
[2021-12-11 18:45:52] Colissimo_1_4_1_HookNewOrder.INFO: Order #45 - Colissimo Order created {"obj":{"id_colissimo_order":null,"id_order":45,"id_colissimo_service":5,"id_colissimo_pickup_point":0,"migration":0,"hidden":0,"id":"31","id_shop_list":[],"force_id":false}} []
[2021-12-13 10:44:10] Colissimo_1_4_1_HookNewOrder.INFO: Hook newOrder called [] []
[2021-12-13 10:44:10] Colissimo_1_4_1_HookNewOrder.INFO: Order #46 - Carrier details {"id_carrier":"105","id_reference":"104"} []
[2021-12-13 10:44:10] Colissimo_1_4_1_HookNewOrder.INFO: Order #46 - Order Carrier details [{"id_order_carrier":"46","id_order":"46","id_carrier":"105","id_order_invoice":"0","weight":"0.400000","shipping_cost_tax_excl":"4.000000","shipping_cost_tax_incl":"4.000000","tracking_number":"","date_add":"2021-12-13 10:44:10"}] []
[2021-12-13 10:44:10] Colissimo_1_4_1_HookNewOrder.INFO: Order #46 - Carrier type : RELAIS [] []
[2021-12-13 10:44:10] Colissimo_1_4_1_HookNewOrder.INFO: Order #46 - Colissimo Order created {"obj":{"id_colissimo_order":null,"id_order":46,"id_colissimo_service":10,"id_colissimo_pickup_point":14,"migration":0,"hidden":0,"id":"32","id_shop_list":[],"force_id":false}} []
[2021-12-13 10:44:41] Colissimo_1_4_1_HookNewOrder.INFO: Hook newOrder called [] []
[2021-12-13 10:44:41] Colissimo_1_4_1_HookNewOrder.INFO: Order #47 - Carrier details {"id_carrier":"106","id_reference":"3"} []
[2021-12-13 10:44:41] Colissimo_1_4_1_HookNewOrder.INFO: Order #47 - Order Carrier details [{"id_order_carrier":"47","id_order":"47","id_carrier":"106","id_order_invoice":"0","weight":"0.200000","shipping_cost_tax_excl":"5.000000","shipping_cost_tax_incl":"5.000000","tracking_number":"","date_add":"2021-12-13 10:44:41"}] []
[2021-12-13 10:44:41] Colissimo_1_4_1_HookNewOrder.INFO: Order #47 - Carrier type : DOMICILE [] []
[2021-12-13 10:44:41] Colissimo_1_4_1_HookNewOrder.INFO: Order #47 - Colissimo Order created {"obj":{"id_colissimo_order":null,"id_order":47,"id_colissimo_service":5,"id_colissimo_pickup_point":0,"migration":0,"hidden":0,"id":"33","id_shop_list":[],"force_id":false}} []
[2021-12-13 11:16:50] Colissimo_1_4_1_HookNewOrder.INFO: Hook newOrder called [] []
[2021-12-13 11:16:50] Colissimo_1_4_1_HookNewOrder.INFO: Order #48 - Carrier details {"id_carrier":"106","id_reference":"3"} []
[2021-12-13 11:16:50] Colissimo_1_4_1_HookNewOrder.INFO: Order #48 - Order Carrier details [{"id_order_carrier":"48","id_order":"48","id_carrier":"106","id_order_invoice":"0","weight":"0.300000","shipping_cost_tax_excl":"5.000000","shipping_cost_tax_incl":"5.000000","tracking_number":"","date_add":"2021-12-13 11:16:50"}] []
[2021-12-13 11:16:50] Colissimo_1_4_1_HookNewOrder.INFO: Order #48 - Carrier type : DOMICILE [] []
[2021-12-13 11:16:50] Colissimo_1_4_1_HookNewOrder.INFO: Order #48 - Colissimo Order created {"obj":{"id_colissimo_order":null,"id_order":48,"id_colissimo_service":5,"id_colissimo_pickup_point":0,"migration":0,"hidden":0,"id":"34","id_shop_list":[],"force_id":false}} []
[2021-12-13 12:57:06] Colissimo_1_4_1_Affranchissement.INFO: Order #48 (OAHVZYMWX) - Generate label [] []
[2021-12-13 12:57:06] Colissimo_1_4_1_Affranchissement.INFO: Order #48 (OAHVZYMWX) - Shipping type: HOME DELIVERY [] []
[2021-12-13 12:57:06] Colissimo_1_4_1_Affranchissement.INFO: Order #48 (OAHVZYMWX) - Request {"request":{"contractNumber":"*****","password":"*****","outputFormat":{"x":0,"y":0,"outputPrintingType":"PDF_A4_300dpi"},"letter":{"service":{"productCode":"DOS","depositDate":"2021-12-13","transportationAmount":500,"orderNumber":"OAHVZYMWX"},"parcel":{"weight":"0.3"},"sender":{"senderParcelRef":"OAHVZYMWX","address":{"companyName":"SAS French Filler","lastName":"LEVY","firstName":"LEVY","line0":"","line1":"","line2":"106 Avenue Kleber","line3":"PHARMACIE DU TROCADERO","countryCode":"FR","city":"PARIS","zipCode":"75116","phoneNumber":"+33622898454","email":"contact@frenchfiller.com"}},"addressee":{"addresseeParcelRef":"OAHVZYMWX","codeBarForReference":true,"address":{"companyName":"","lastName":"Sarghat","firstName":"Caroline ","line2":"33 rue du four","line3":"","countryCode":"FR","city":"Paris","zipCode":"75006","phoneNumber":"0615157546","mobileNumber":"","email":"csarghat@gmail.com"}}},"fields":{"customField":[{"key":"CUSER_INFO_TEXT","value":"PS1.7.7.3;1.4.1"},{"key":"EORI","value":""}]}}} []
[2021-12-13 12:57:06] Colissimo_1_4_1_Affranchissement.INFO: Order #48 (OAHVZYMWX) - Response {"response":{"messages":[{"id":"0","type":"INFOS","messageContent":"La requ\u00eate a \u00e9t\u00e9 trait\u00e9e avec succ\u00e8s","replacementValues":[]}],"labelXmlV2Reponse":null,"labelV2Response":{"parcelNumber":"6C14977725910","parcelNumberPartner":"0075006116C14977725918022507","pdfUrl":null,"fields":null}}} []
[2021-12-13 12:57:07] Colissimo_1_4_1_Affranchissement.INFO: Send tracking mail for shipment 6C14977725910 [] []
[2021-12-13 12:57:08] Colissimo_1_4_1_Affranchissement.INFO: Order #47 (GDESVXKOV) - Generate label [] []
[2021-12-13 12:57:08] Colissimo_1_4_1_Affranchissement.INFO: Order #47 (GDESVXKOV) - Shipping type: HOME DELIVERY [] []
[2021-12-13 12:57:08] Colissimo_1_4_1_Affranchissement.INFO: Order #47 (GDESVXKOV) - Request {"request":{"contractNumber":"*****","password":"*****","outputFormat":{"x":0,"y":0,"outputPrintingType":"PDF_A4_300dpi"},"letter":{"service":{"productCode":"DOS","depositDate":"2021-12-13","transportationAmount":500,"orderNumber":"GDESVXKOV"},"parcel":{"weight":"0.2"},"sender":{"senderParcelRef":"GDESVXKOV","address":{"companyName":"SAS French Filler","lastName":"LEVY","firstName":"LEVY","line0":"","line1":"","line2":"106 Avenue Kleber","line3":"PHARMACIE DU TROCADERO","countryCode":"FR","city":"PARIS","zipCode":"75116","phoneNumber":"+33622898454","email":"contact@frenchfiller.com"}},"addressee":{"addresseeParcelRef":"GDESVXKOV","codeBarForReference":true,"address":{"companyName":"","lastName":"Bosquet ","firstName":"Julie","line2":"85 bd du g\u00e9n\u00e9ral koenig","line3":"1404, bosquet, asc B, etage 3","countryCode":"FR","city":"Neuilly Sur Seine","zipCode":"92200","phoneNumber":"06 61 44 28 91","mobileNumber":"","email":"juliecerf@gmail.com"}}},"fields":{"customField":[{"key":"CUSER_INFO_TEXT","value":"PS1.7.7.3;1.4.1"},{"key":"EORI","value":""}]}}} []
[2021-12-13 12:57:08] Colissimo_1_4_1_Affranchissement.INFO: Order #47 (GDESVXKOV) - Response {"response":{"messages":[{"id":"0","type":"INFOS","messageContent":"La requ\u00eate a \u00e9t\u00e9 trait\u00e9e avec succ\u00e8s","replacementValues":[]}],"labelXmlV2Reponse":null,"labelV2Response":{"parcelNumber":"6C14976259270","parcelNumberPartner":"0092200116C1497625927802250S","pdfUrl":null,"fields":null}}} []
[2021-12-13 12:57:08] Colissimo_1_4_1_Affranchissement.INFO: Send tracking mail for shipment 6C14976259270 [] []
[2021-12-13 12:57:09] Colissimo_1_4_1_Affranchissement.INFO: Order #46 (ZNIFWZDFS) - Generate label [] []
[2021-12-13 12:57:09] Colissimo_1_4_1_Affranchissement.INFO: Order #46 (ZNIFWZDFS) - Shipping type: PICKUP POINT DELIVERY [] []
[2021-12-13 12:57:09] Colissimo_1_4_1_Affranchissement.INFO: Order #46 (ZNIFWZDFS) - Pickup point ID #690290 [] []
[2021-12-13 12:57:09] Colissimo_1_4_1_Affranchissement.INFO: Order #46 (ZNIFWZDFS) - Request {"request":{"contractNumber":"*****","password":"*****","outputFormat":{"x":0,"y":0,"outputPrintingType":"PDF_A4_300dpi"},"letter":{"service":{"productCode":"BPR","depositDate":"2021-12-13","transportationAmount":400,"orderNumber":"ZNIFWZDFS","commercialName":"SAS French Filler"},"parcel":{"weight":"0.4","pickupLocationId":"690290"},"sender":{"senderParcelRef":"ZNIFWZDFS","address":{"companyName":"SAS French Filler","lastName":"LEVY","firstName":"LEVY","line0":"","line1":"","line2":"106 Avenue Kleber","line3":"PHARMACIE DU TROCADERO","countryCode":"FR","city":"PARIS","zipCode":"75116","phoneNumber":"+33622898454","email":"contact@frenchfiller.com"}},"addressee":{"addresseeParcelRef":"ZNIFWZDFS","codeBarForReference":true,"address":{"companyName":"","lastName":"pham","firstName":"thi-yen","line2":"13 rue marcel sembat","line3":"","countryCode":"FR","city":"bron","zipCode":"69500","phoneNumber":"","mobileNumber":"+33601451936","email":"thi-yen.pham@hotmail.fr"}}},"fields":{"customField":[{"key":"CUSER_INFO_TEXT","value":"PS1.7.7.3;1.4.1"},{"key":"EORI","value":""}]}}} []
[2021-12-13 12:57:09] Colissimo_1_4_1_Affranchissement.INFO: Order #46 (ZNIFWZDFS) - Response {"response":{"messages":[{"id":"0","type":"INFOS","messageContent":"La requ\u00eate a \u00e9t\u00e9 trait\u00e9e avec succ\u00e8s","replacementValues":[]}],"labelXmlV2Reponse":null,"labelV2Response":{"parcelNumber":"6H12417825985","parcelNumberPartner":"0069500116H1241782598804250J","pdfUrl":null,"fields":null}}} []
[2021-12-13 12:57:10] Colissimo_1_4_1_Affranchissement.INFO: Send tracking mail for shipment 6H12417825985 [] []
[2021-12-13 12:57:10] Colissimo_1_4_1_Affranchissement.INFO: Order #45 (XGMTFOQKN) - Generate label [] []
[2021-12-13 12:57:10] Colissimo_1_4_1_Affranchissement.INFO: Order #45 (XGMTFOQKN) - Shipping type: HOME DELIVERY [] []
[2021-12-13 12:57:10] Colissimo_1_4_1_Affranchissement.INFO: Order #45 (XGMTFOQKN) - Request {"request":{"contractNumber":"*****","password":"*****","outputFormat":{"x":0,"y":0,"outputPrintingType":"PDF_A4_300dpi"},"letter":{"service":{"productCode":"DOS","depositDate":"2021-12-13","transportationAmount":500,"orderNumber":"XGMTFOQKN"},"parcel":{"weight":"0.65"},"sender":{"senderParcelRef":"XGMTFOQKN","address":{"companyName":"SAS French Filler","lastName":"LEVY","firstName":"LEVY","line0":"","line1":"","line2":"106 Avenue Kleber","line3":"PHARMACIE DU TROCADERO","countryCode":"FR","city":"PARIS","zipCode":"75116","phoneNumber":"+33622898454","email":"contact@frenchfiller.com"}},"addressee":{"addresseeParcelRef":"XGMTFOQKN","codeBarForReference":true,"address":{"companyName":"","lastName":"Balastre","firstName":"Daisy","line2":"79 boulevard Mortier","line3":"","countryCode":"FR","city":"Paris","zipCode":"75020","phoneNumber":"0678553907","mobileNumber":"","email":"Daisy.fourreau@gmail.com"}}},"fields":{"customField":[{"key":"CUSER_INFO_TEXT","value":"PS1.7.7.3;1.4.1"},{"key":"EORI","value":""}]}}} []
[2021-12-13 12:57:10] Colissimo_1_4_1_Affranchissement.INFO: Order #45 (XGMTFOQKN) - Response {"response":{"messages":[{"id":"0","type":"INFOS","messageContent":"La requ\u00eate a \u00e9t\u00e9 trait\u00e9e avec succ\u00e8s","replacementValues":[]}],"labelXmlV2Reponse":null,"labelV2Response":{"parcelNumber":"6C14976844148","parcelNumberPartner":"0075020116C14976844148022500","pdfUrl":null,"fields":null}}} []
[2021-12-13 12:57:11] Colissimo_1_4_1_Affranchissement.INFO: Send tracking mail for shipment 6C14976844148 [] []
[2021-12-13 16:03:46] Colissimo_1_4_1_HookNewOrder.INFO: Hook newOrder called [] []
[2021-12-13 16:03:46] Colissimo_1_4_1_HookNewOrder.INFO: Order #49 - Carrier details {"id_carrier":"18","id_reference":"18"} []
[2021-12-13 16:03:46] Colissimo_1_4_1_HookNewOrder.INFO: Order #49 - Order Carrier details [{"id_order_carrier":"49","id_order":"49","id_carrier":"18","id_order_invoice":"0","weight":"0.400000","shipping_cost_tax_excl":"0.000000","shipping_cost_tax_incl":"0.000000","tracking_number":"","date_add":"2021-12-13 16:03:45"}] []
[2021-12-13 16:03:46] Colissimo_1_4_1_HookNewOrder.INFO: Order #49 - Not a Colissimo Carrier. {"id":18} []
[2021-12-13 20:18:25] Colissimo_1_4_1_HookNewOrder.INFO: Hook newOrder called [] []
[2021-12-13 20:18:25] Colissimo_1_4_1_HookNewOrder.INFO: Order #50 - Carrier details {"id_carrier":"105","id_reference":"104"} []
[2021-12-13 20:18:25] Colissimo_1_4_1_HookNewOrder.INFO: Order #50 - Order Carrier details [{"id_order_carrier":"50","id_order":"50","id_carrier":"105","id_order_invoice":"0","weight":"1.100000","shipping_cost_tax_excl":"4.000000","shipping_cost_tax_incl":"4.000000","tracking_number":"","date_add":"2021-12-13 20:18:25"}] []
[2021-12-13 20:18:25] Colissimo_1_4_1_HookNewOrder.INFO: Order #50 - Carrier type : RELAIS [] []
[2021-12-13 20:18:25] Colissimo_1_4_1_HookNewOrder.INFO: Order #50 - Colissimo Order created {"obj":{"id_colissimo_order":null,"id_order":50,"id_colissimo_service":11,"id_colissimo_pickup_point":13,"migration":0,"hidden":0,"id":"35","id_shop_list":[],"force_id":false}} []
[2021-12-14 10:13:32] Colissimo_1_4_1_HookNewOrder.INFO: Hook newOrder called [] []
[2021-12-14 10:13:32] Colissimo_1_4_1_HookNewOrder.INFO: Order #51 - Carrier details {"id_carrier":"106","id_reference":"3"} []
[2021-12-14 10:13:32] Colissimo_1_4_1_HookNewOrder.INFO: Order #51 - Order Carrier details [{"id_order_carrier":"51","id_order":"51","id_carrier":"106","id_order_invoice":"0","weight":"0.200000","shipping_cost_tax_excl":"5.000000","shipping_cost_tax_incl":"5.000000","tracking_number":"","date_add":"2021-12-14 10:13:32"}] []
[2021-12-14 10:13:32] Colissimo_1_4_1_HookNewOrder.INFO: Order #51 - Carrier type : DOMICILE [] []
[2021-12-14 10:13:32] Colissimo_1_4_1_HookNewOrder.INFO: Order #51 - Colissimo Order created {"obj":{"id_colissimo_order":null,"id_order":51,"id_colissimo_service":5,"id_colissimo_pickup_point":0,"migration":0,"hidden":0,"id":"36","id_shop_list":[],"force_id":false}} []
[2021-12-14 13:46:56] Colissimo_1_4_1_Dashboard.INFO: Update tracking up to 15 days ago. [] []
[2021-12-14 13:46:57] Colissimo_1_4_1_Dashboard.INFO: Update tracking up to 15 days ago. [] []
[2021-12-14 13:46:57] Colissimo_1_4_1_Dashboard.INFO: Labels to update (9) ["19","20","22","24","26","27","28","29","30"] []
[2021-12-14 13:46:57] Colissimo_1_4_1_Dashboard.INFO: Update label #19 (1/9) [] []
[2021-12-14 13:46:57] Colissimo_1_4_1_Dashboard.INFO: Log XML request {"xml":[{"accountNumber":"****","password":"****","skybillNumber":"6C14967382741"}]} []
[2021-12-14 13:46:58] Colissimo_1_4_1_Dashboard.INFO: Update tracking. [] []
[2021-12-14 13:46:58] Colissimo_1_4_1_Dashboard.INFO: Update order status to "Delivered" [] []
[2021-12-14 13:46:58] Colissimo_1_4_1_Dashboard.INFO: Update label #20 (2/9) [] []
[2021-12-14 13:46:58] Colissimo_1_4_1_Dashboard.INFO: Log XML request {"xml":[{"accountNumber":"****","password":"****","skybillNumber":"6M18099988529"}]} []
[2021-12-14 13:46:58] Colissimo_1_4_1_Dashboard.INFO: Update tracking. [] []
[2021-12-14 13:46:58] Colissimo_1_4_1_Dashboard.INFO: Update order status to "Delivered" [] []
[2021-12-14 13:46:58] Colissimo_1_4_1_Dashboard.INFO: Update label #22 (3/9) [] []
[2021-12-14 13:46:58] Colissimo_1_4_1_Dashboard.INFO: Log XML request {"xml":[{"accountNumber":"****","password":"****","skybillNumber":"6C14972602650"}]} []
[2021-12-14 13:46:58] Colissimo_1_4_1_Dashboard.INFO: Update tracking. [] []
[2021-12-14 13:46:58] Colissimo_1_4_1_Dashboard.INFO: Update order status to "Delivered" [] []
[2021-12-14 13:46:58] Colissimo_1_4_1_Dashboard.INFO: Update label #24 (4/9) [] []
[2021-12-14 13:46:58] Colissimo_1_4_1_Dashboard.INFO: Log XML request {"xml":[{"accountNumber":"****","password":"****","skybillNumber":"6C14975557919"}]} []
[2021-12-14 13:46:59] Colissimo_1_4_1_Dashboard.INFO: Update tracking. [] []
[2021-12-14 13:46:59] Colissimo_1_4_1_Dashboard.INFO: Update order status to "Delivered" [] []
[2021-12-14 13:46:59] Colissimo_1_4_1_Dashboard.INFO: Update label #26 (5/9) [] []
[2021-12-14 13:46:59] Colissimo_1_4_1_Dashboard.INFO: Log XML request {"xml":[{"accountNumber":"****","password":"****","skybillNumber":"6C14977330831"}]} []
[2021-12-14 13:46:59] Colissimo_1_4_1_Dashboard.INFO: Update tracking. [] []
[2021-12-14 13:46:59] Colissimo_1_4_1_Dashboard.INFO: Update order status to "Delivered" [] []
[2021-12-14 13:46:59] Colissimo_1_4_1_Dashboard.INFO: Update label #27 (6/9) [] []
[2021-12-14 13:46:59] Colissimo_1_4_1_Dashboard.INFO: Log XML request {"xml":[{"accountNumber":"****","password":"****","skybillNumber":"6C14977725910"}]} []
[2021-12-14 13:46:59] Colissimo_1_4_1_Dashboard.INFO: Update tracking. [] []
[2021-12-14 13:46:59] Colissimo_1_4_1_Dashboard.INFO: Update order status to "Shipped" [] []
[2021-12-14 13:47:01] Colissimo_1_4_1_Dashboard.INFO: Update label #28 (7/9) [] []
[2021-12-14 13:47:01] Colissimo_1_4_1_Dashboard.INFO: Log XML request {"xml":[{"accountNumber":"****","password":"****","skybillNumber":"6C14976259270"}]} []
[2021-12-14 13:47:01] Colissimo_1_4_1_Dashboard.INFO: Update tracking. [] []
[2021-12-14 13:47:01] Colissimo_1_4_1_Dashboard.INFO: Update order status to "Shipped" [] []
[2021-12-14 13:47:02] Colissimo_1_4_1_Dashboard.INFO: Update label #29 (8/9) [] []
[2021-12-14 13:47:02] Colissimo_1_4_1_Dashboard.INFO: Log XML request {"xml":[{"accountNumber":"****","password":"****","skybillNumber":"6H12417825985"}]} []
[2021-12-14 13:47:02] Colissimo_1_4_1_Dashboard.INFO: Update tracking. [] []
[2021-12-14 13:47:02] Colissimo_1_4_1_Dashboard.INFO: Update order status to "Shipped" [] []
[2021-12-14 13:47:03] Colissimo_1_4_1_Dashboard.INFO: Update label #30 (9/9) [] []
[2021-12-14 13:47:03] Colissimo_1_4_1_Dashboard.INFO: Log XML request {"xml":[{"accountNumber":"****","password":"****","skybillNumber":"6C14976844148"}]} []
[2021-12-14 13:47:03] Colissimo_1_4_1_Dashboard.INFO: Update tracking. [] []
[2021-12-14 13:47:03] Colissimo_1_4_1_Dashboard.INFO: Update order status to "Shipped" [] []
[2021-12-14 13:47:51] Colissimo_1_4_1_Affranchissement.INFO: Order #51 (WXHGAXDLY) - Generate label [] []
[2021-12-14 13:47:51] Colissimo_1_4_1_Affranchissement.INFO: Order #51 (WXHGAXDLY) - Shipping type: HOME DELIVERY [] []
[2021-12-14 13:47:51] Colissimo_1_4_1_Affranchissement.INFO: Order #51 (WXHGAXDLY) - Request {"request":{"contractNumber":"*****","password":"*****","outputFormat":{"x":0,"y":0,"outputPrintingType":"PDF_A4_300dpi"},"letter":{"service":{"productCode":"DOS","depositDate":"2021-12-14","transportationAmount":500,"orderNumber":"WXHGAXDLY"},"parcel":{"weight":"0.2"},"sender":{"senderParcelRef":"WXHGAXDLY","address":{"companyName":"SAS French Filler","lastName":"LEVY","firstName":"LEVY","line0":"","line1":"","line2":"106 Avenue Kleber","line3":"PHARMACIE DU TROCADERO","countryCode":"FR","city":"PARIS","zipCode":"75116","phoneNumber":"+33622898454","email":"contact@frenchfiller.com"}},"addressee":{"addresseeParcelRef":"WXHGAXDLY","codeBarForReference":true,"address":{"companyName":"","lastName":"Ichbia","firstName":"Anouk","line2":"15 rue de Franqueville ","line3":"Code A 6108","countryCode":"FR","city":"Paris","zipCode":"75016","phoneNumber":"0615186445","mobileNumber":"","email":"anoukichbia@gmail.com"}}},"fields":{"customField":[{"key":"CUSER_INFO_TEXT","value":"PS1.7.7.3;1.4.1"},{"key":"EORI","value":""}]}}} []
[2021-12-14 13:47:51] Colissimo_1_4_1_Affranchissement.INFO: Order #51 (WXHGAXDLY) - Response {"response":{"messages":[{"id":"0","type":"INFOS","messageContent":"La requ\u00eate a \u00e9t\u00e9 trait\u00e9e avec succ\u00e8s","replacementValues":[]}],"labelXmlV2Reponse":null,"labelV2Response":{"parcelNumber":"6C14976051508","parcelNumberPartner":"0075016116C1497605150802250D","pdfUrl":null,"fields":null}}} []
[2021-12-14 13:47:52] Colissimo_1_4_1_Affranchissement.INFO: Send tracking mail for shipment 6C14976051508 [] []
[2021-12-14 13:47:52] Colissimo_1_4_1_Affranchissement.INFO: Order #50 (NBVMTSVXB) - Generate label [] []
[2021-12-14 13:47:52] Colissimo_1_4_1_Affranchissement.INFO: Order #50 (NBVMTSVXB) - Shipping type: PICKUP POINT DELIVERY [] []
[2021-12-14 13:47:52] Colissimo_1_4_1_Affranchissement.INFO: Order #50 (NBVMTSVXB) - Pickup point ID #908872 [] []
[2021-12-14 13:47:52] Colissimo_1_4_1_Affranchissement.INFO: Order #50 (NBVMTSVXB) - Request {"request":{"contractNumber":"*****","password":"*****","outputFormat":{"x":0,"y":0,"outputPrintingType":"PDF_A4_300dpi"},"letter":{"service":{"productCode":"A2P","depositDate":"2021-12-14","transportationAmount":400,"orderNumber":"NBVMTSVXB","commercialName":"SAS French Filler"},"parcel":{"weight":"1.1","pickupLocationId":"908872"},"sender":{"senderParcelRef":"NBVMTSVXB","address":{"companyName":"SAS French Filler","lastName":"LEVY","firstName":"LEVY","line0":"","line1":"","line2":"106 Avenue Kleber","line3":"PHARMACIE DU TROCADERO","countryCode":"FR","city":"PARIS","zipCode":"75116","phoneNumber":"+33622898454","email":"contact@frenchfiller.com"}},"addressee":{"addresseeParcelRef":"NBVMTSVXB","codeBarForReference":true,"address":{"companyName":"","lastName":"dabout","firstName":"julien","line2":"25 rue du caire","line3":"","countryCode":"FR","city":"Paris","zipCode":"75002","phoneNumber":"","mobileNumber":"+33631726846","email":"julien.dabout@gmail.com"}}},"fields":{"customField":[{"key":"CUSER_INFO_TEXT","value":"PS1.7.7.3;1.4.1"},{"key":"EORI","value":""}]}}} []
[2021-12-14 13:47:53] Colissimo_1_4_1_Affranchissement.INFO: Order #50 (NBVMTSVXB) - Response {"response":{"messages":[{"id":"0","type":"INFOS","messageContent":"La requ\u00eate a \u00e9t\u00e9 trait\u00e9e avec succ\u00e8s","replacementValues":[]}],"labelXmlV2Reponse":null,"labelV2Response":{"parcelNumber":"6M18113646152","parcelNumberPartner":null,"pdfUrl":null,"fields":null}}} []
[2021-12-14 13:47:53] Colissimo_1_4_1_Affranchissement.INFO: Send tracking mail for shipment 6M18113646152 [] []
[2021-12-14 20:30:09] Colissimo_1_4_1_HookNewOrder.INFO: Hook newOrder called [] []
[2021-12-14 20:30:09] Colissimo_1_4_1_HookNewOrder.INFO: Order #52 - Carrier details {"id_carrier":"106","id_reference":"3"} []
[2021-12-14 20:30:09] Colissimo_1_4_1_HookNewOrder.INFO: Order #52 - Order Carrier details [{"id_order_carrier":"52","id_order":"52","id_carrier":"106","id_order_invoice":"0","weight":"0.600000","shipping_cost_tax_excl":"5.000000","shipping_cost_tax_incl":"5.000000","tracking_number":"","date_add":"2021-12-14 20:30:09"}] []
[2021-12-14 20:30:09] Colissimo_1_4_1_HookNewOrder.INFO: Order #52 - Carrier type : DOMICILE [] []
[2021-12-14 20:30:09] Colissimo_1_4_1_HookNewOrder.INFO: Order #52 - Colissimo Order created {"obj":{"id_colissimo_order":null,"id_order":52,"id_colissimo_service":5,"id_colissimo_pickup_point":0,"migration":0,"hidden":0,"id":"37","id_shop_list":[],"force_id":false}} []
[2021-12-15 22:10:01] Colissimo_1_4_1_HookNewOrder.INFO: Hook newOrder called [] []
[2021-12-15 22:10:01] Colissimo_1_4_1_HookNewOrder.INFO: Order #53 - Carrier details {"id_carrier":"106","id_reference":"3"} []
[2021-12-15 22:10:01] Colissimo_1_4_1_HookNewOrder.INFO: Order #53 - Order Carrier details [{"id_order_carrier":"53","id_order":"53","id_carrier":"106","id_order_invoice":"0","weight":"0.200000","shipping_cost_tax_excl":"5.000000","shipping_cost_tax_incl":"5.000000","tracking_number":"","date_add":"2021-12-15 22:10:01"}] []
[2021-12-15 22:10:01] Colissimo_1_4_1_HookNewOrder.INFO: Order #53 - Carrier type : DOMICILE [] []
[2021-12-15 22:10:01] Colissimo_1_4_1_HookNewOrder.INFO: Order #53 - Colissimo Order created {"obj":{"id_colissimo_order":null,"id_order":53,"id_colissimo_service":5,"id_colissimo_pickup_point":0,"migration":0,"hidden":0,"id":"38","id_shop_list":[],"force_id":false}} []
[2021-12-15 22:14:11] Colissimo_1_4_1_HookNewOrder.INFO: Hook newOrder called [] []
[2021-12-15 22:14:11] Colissimo_1_4_1_HookNewOrder.INFO: Order #54 - Carrier details {"id_carrier":"106","id_reference":"3"} []
[2021-12-15 22:14:11] Colissimo_1_4_1_HookNewOrder.INFO: Order #54 - Order Carrier details [{"id_order_carrier":"54","id_order":"54","id_carrier":"106","id_order_invoice":"0","weight":"0.200000","shipping_cost_tax_excl":"5.000000","shipping_cost_tax_incl":"5.000000","tracking_number":"","date_add":"2021-12-15 22:14:11"}] []
[2021-12-15 22:14:11] Colissimo_1_4_1_HookNewOrder.INFO: Order #54 - Carrier type : DOMICILE [] []
[2021-12-15 22:14:11] Colissimo_1_4_1_HookNewOrder.INFO: Order #54 - Colissimo Order created {"obj":{"id_colissimo_order":null,"id_order":54,"id_colissimo_service":5,"id_colissimo_pickup_point":0,"migration":0,"hidden":0,"id":"39","id_shop_list":[],"force_id":false}} []
[2021-12-16 10:53:16] Colissimo_1_4_1_HookNewOrder.INFO: Hook newOrder called [] []
[2021-12-16 10:53:16] Colissimo_1_4_1_HookNewOrder.INFO: Order #55 - Carrier details {"id_carrier":"106","id_reference":"3"} []
[2021-12-16 10:53:16] Colissimo_1_4_1_HookNewOrder.INFO: Order #55 - Order Carrier details [{"id_order_carrier":"55","id_order":"55","id_carrier":"106","id_order_invoice":"0","weight":"0.850000","shipping_cost_tax_excl":"5.000000","shipping_cost_tax_incl":"5.000000","tracking_number":"","date_add":"2021-12-16 10:53:16"}] []
[2021-12-16 10:53:16] Colissimo_1_4_1_HookNewOrder.INFO: Order #55 - Carrier type : DOMICILE [] []
[2021-12-16 10:53:16] Colissimo_1_4_1_HookNewOrder.INFO: Order #55 - Colissimo Order created {"obj":{"id_colissimo_order":null,"id_order":55,"id_colissimo_service":5,"id_colissimo_pickup_point":0,"migration":0,"hidden":0,"id":"40","id_shop_list":[],"force_id":false}} []
[2021-12-16 15:12:59] Colissimo_1_4_1_Affranchissement.INFO: Order #55 (SOJJPGLXH) - Generate label [] []
[2021-12-16 15:12:59] Colissimo_1_4_1_Affranchissement.INFO: Order #55 (SOJJPGLXH) - Shipping type: HOME DELIVERY [] []
[2021-12-16 15:12:59] Colissimo_1_4_1_Affranchissement.INFO: Order #55 (SOJJPGLXH) - Request {"request":{"contractNumber":"*****","password":"*****","outputFormat":{"x":0,"y":0,"outputPrintingType":"PDF_A4_300dpi"},"letter":{"service":{"productCode":"DOS","depositDate":"2021-12-16","transportationAmount":500,"orderNumber":"SOJJPGLXH"},"parcel":{"weight":"0.85"},"sender":{"senderParcelRef":"SOJJPGLXH","address":{"companyName":"SAS French Filler","lastName":"LEVY","firstName":"LEVY","line0":"","line1":"","line2":"106 Avenue Kleber","line3":"PHARMACIE DU TROCADERO","countryCode":"FR","city":"PARIS","zipCode":"75116","phoneNumber":"+33622898454","email":"contact@frenchfiller.com"}},"addressee":{"addresseeParcelRef":"SOJJPGLXH","codeBarForReference":true,"address":{"companyName":"","lastName":"Porcher","firstName":"Priscilla","line2":"46 rue de la ch\u00e2taigneraie ","line3":"","countryCode":"FR","city":"Bouchemaine ","zipCode":"49080","phoneNumber":"0665075358","mobileNumber":"","email":"porcher.priscilla@outlook.fr"}}},"fields":{"customField":[{"key":"CUSER_INFO_TEXT","value":"PS1.7.7.3;1.4.1"},{"key":"EORI","value":""}]}}} []
[2021-12-16 15:12:59] Colissimo_1_4_1_Affranchissement.INFO: Order #55 (SOJJPGLXH) - Response {"response":{"messages":[{"id":"0","type":"INFOS","messageContent":"La requ\u00eate a \u00e9t\u00e9 trait\u00e9e avec succ\u00e8s","replacementValues":[]}],"labelXmlV2Reponse":null,"labelV2Response":{"parcelNumber":"6C14981056437","parcelNumberPartner":"0049080116C1498105643802250C","pdfUrl":null,"fields":null}}} []
[2021-12-16 15:13:00] Colissimo_1_4_1_Affranchissement.INFO: Send tracking mail for shipment 6C14981056437 [] []
[2021-12-16 15:13:01] Colissimo_1_4_1_Affranchissement.INFO: Order #54 (FZRPHHVTL) - Generate label [] []
[2021-12-16 15:13:01] Colissimo_1_4_1_Affranchissement.INFO: Order #54 (FZRPHHVTL) - Shipping type: HOME DELIVERY [] []
[2021-12-16 15:13:01] Colissimo_1_4_1_Affranchissement.INFO: Order #54 (FZRPHHVTL) - Request {"request":{"contractNumber":"*****","password":"*****","outputFormat":{"x":0,"y":0,"outputPrintingType":"PDF_A4_300dpi"},"letter":{"service":{"productCode":"DOS","depositDate":"2021-12-16","transportationAmount":500,"orderNumber":"FZRPHHVTL"},"parcel":{"weight":"0.3"},"sender":{"senderParcelRef":"FZRPHHVTL","address":{"companyName":"SAS French Filler","lastName":"LEVY","firstName":"LEVY","line0":"","line1":"","line2":"106 Avenue Kleber","line3":"PHARMACIE DU TROCADERO","countryCode":"FR","city":"PARIS","zipCode":"75116","phoneNumber":"+33622898454","email":"contact@frenchfiller.com"}},"addressee":{"addresseeParcelRef":"FZRPHHVTL","codeBarForReference":true,"address":{"companyName":"","lastName":"Mourot","firstName":"Dorothee","line2":"Code 8259 Interphone Adn","line3":"74 Rue Du Cherche Midi","countryCode":"FR","city":"Paris","zipCode":"75006","phoneNumber":"+33777724846","mobileNumber":"","email":"dorotheemourot@yahoo.fr"}}},"fields":{"customField":[{"key":"CUSER_INFO_TEXT","value":"PS1.7.7.3;1.4.1"},{"key":"EORI","value":""}]}}} []
[2021-12-16 15:13:01] Colissimo_1_4_1_Affranchissement.INFO: Order #54 (FZRPHHVTL) - Response {"response":{"messages":[{"id":"0","type":"INFOS","messageContent":"La requ\u00eate a \u00e9t\u00e9 trait\u00e9e avec succ\u00e8s","replacementValues":[]}],"labelXmlV2Reponse":null,"labelV2Response":{"parcelNumber":"6C14979007014","parcelNumberPartner":"0075006116C14979007018022504","pdfUrl":null,"fields":null}}} []
[2021-12-16 15:13:02] Colissimo_1_4_1_Affranchissement.INFO: Send tracking mail for shipment 6C14979007014 [] []
[2021-12-16 15:13:04] Colissimo_1_4_1_Affranchissement.INFO: Order #52 (KHAHJVEEP) - Generate label [] []
[2021-12-16 15:13:04] Colissimo_1_4_1_Affranchissement.INFO: Order #52 (KHAHJVEEP) - Shipping type: HOME DELIVERY [] []
[2021-12-16 15:13:04] Colissimo_1_4_1_Affranchissement.INFO: Order #52 (KHAHJVEEP) - Request {"request":{"contractNumber":"*****","password":"*****","outputFormat":{"x":0,"y":0,"outputPrintingType":"PDF_A4_300dpi"},"letter":{"service":{"productCode":"DOS","depositDate":"2021-12-16","transportationAmount":500,"orderNumber":"KHAHJVEEP"},"parcel":{"weight":"0.7"},"sender":{"senderParcelRef":"KHAHJVEEP","address":{"companyName":"SAS French Filler","lastName":"LEVY","firstName":"LEVY","line0":"","line1":"","line2":"106 Avenue Kleber","line3":"PHARMACIE DU TROCADERO","countryCode":"FR","city":"PARIS","zipCode":"75116","phoneNumber":"+33622898454","email":"contact@frenchfiller.com"}},"addressee":{"addresseeParcelRef":"KHAHJVEEP","codeBarForReference":true,"address":{"companyName":"","lastName":"Teixeira ","firstName":"Pauline","line2":"26 rue du coteau ","line3":"","countryCode":"FR","city":"Savigny sur orge ","zipCode":"91600","phoneNumber":"0623915853","mobileNumber":"","email":"teixeirapauline@gmail.com"}}},"fields":{"customField":[{"key":"CUSER_INFO_TEXT","value":"PS1.7.7.3;1.4.1"},{"key":"EORI","value":""}]}}} []
[2021-12-16 15:13:04] Colissimo_1_4_1_Affranchissement.INFO: Order #52 (KHAHJVEEP) - Response {"response":{"messages":[{"id":"0","type":"INFOS","messageContent":"La requ\u00eate a \u00e9t\u00e9 trait\u00e9e avec succ\u00e8s","replacementValues":[]}],"labelXmlV2Reponse":null,"labelV2Response":{"parcelNumber":"6C14981642296","parcelNumberPartner":"0091600116C14981642298022503","pdfUrl":null,"fields":null}}} []
[2021-12-16 15:13:05] Colissimo_1_4_1_Affranchissement.INFO: Send tracking mail for shipment 6C14981642296 [] []
[2021-12-18 18:42:32] Colissimo_1_4_1_HookNewOrder.INFO: Hook newOrder called [] []
[2021-12-18 18:42:32] Colissimo_1_4_1_HookNewOrder.INFO: Order #56 - Carrier details {"id_carrier":"106","id_reference":"3"} []
[2021-12-18 18:42:32] Colissimo_1_4_1_HookNewOrder.INFO: Order #56 - Order Carrier details [{"id_order_carrier":"56","id_order":"56","id_carrier":"106","id_order_invoice":"0","weight":"0.100000","shipping_cost_tax_excl":"5.000000","shipping_cost_tax_incl":"5.000000","tracking_number":"","date_add":"2021-12-18 18:42:32"}] []
[2021-12-18 18:42:32] Colissimo_1_4_1_HookNewOrder.INFO: Order #56 - Carrier type : DOMICILE [] []
[2021-12-18 18:42:32] Colissimo_1_4_1_HookNewOrder.INFO: Order #56 - Colissimo Order created {"obj":{"id_colissimo_order":null,"id_order":56,"id_colissimo_service":5,"id_colissimo_pickup_point":0,"migration":0,"hidden":0,"id":"41","id_shop_list":[],"force_id":false}} []
[2021-12-20 11:09:45] Colissimo_1_4_1_Affranchissement.INFO: Order #56 (MFWZSUOBS) - Generate label [] []
[2021-12-20 11:09:45] Colissimo_1_4_1_Affranchissement.INFO: Order #56 (MFWZSUOBS) - Shipping type: HOME DELIVERY [] []
[2021-12-20 11:09:45] Colissimo_1_4_1_Affranchissement.INFO: Order #56 (MFWZSUOBS) - Request {"request":{"contractNumber":"*****","password":"*****","outputFormat":{"x":0,"y":0,"outputPrintingType":"PDF_A4_300dpi"},"letter":{"service":{"productCode":"DOS","depositDate":"2021-12-20","transportationAmount":500,"orderNumber":"MFWZSUOBS"},"parcel":{"weight":"0.1"},"sender":{"senderParcelRef":"MFWZSUOBS","address":{"companyName":"SAS French Filler","lastName":"LEVY","firstName":"LEVY","line0":"","line1":"","line2":"106 Avenue Kleber","line3":"PHARMACIE DU TROCADERO","countryCode":"FR","city":"PARIS","zipCode":"75116","phoneNumber":"+33622898454","email":"contact@frenchfiller.com"}},"addressee":{"addresseeParcelRef":"MFWZSUOBS","codeBarForReference":true,"address":{"companyName":"","lastName":"Alvarez ","firstName":"Corinne ","line2":"43 rue des trois fr\u00e8res Nadeau ","line3":"","countryCode":"FR","city":"Surgeres ","zipCode":"17700","phoneNumber":"0660577086","mobileNumber":"","email":"victoralvarez@sfr.fr"}}},"fields":{"customField":[{"key":"CUSER_INFO_TEXT","value":"PS1.7.7.3;1.4.1"},{"key":"EORI","value":""}]}}} []
[2021-12-20 11:09:45] Colissimo_1_4_1_Affranchissement.INFO: Order #56 (MFWZSUOBS) - Response {"response":{"messages":[{"id":"0","type":"INFOS","messageContent":"La requ\u00eate a \u00e9t\u00e9 trait\u00e9e avec succ\u00e8s","replacementValues":[]}],"labelXmlV2Reponse":null,"labelV2Response":{"parcelNumber":"6C14981785023","parcelNumberPartner":"0017700116C1498178502802250C","pdfUrl":null,"fields":null}}} []
[2021-12-20 11:09:46] Colissimo_1_4_1_Affranchissement.INFO: Send tracking mail for shipment 6C14981785023 [] []
[2021-12-20 13:52:25] Colissimo_1_4_1_HookNewOrder.INFO: Hook newOrder called [] []
[2021-12-20 13:52:25] Colissimo_1_4_1_HookNewOrder.INFO: Order #57 - Carrier details {"id_carrier":"106","id_reference":"3"} []
[2021-12-20 13:52:25] Colissimo_1_4_1_HookNewOrder.INFO: Order #57 - Order Carrier details [{"id_order_carrier":"57","id_order":"57","id_carrier":"106","id_order_invoice":"0","weight":"0.100000","shipping_cost_tax_excl":"5.000000","shipping_cost_tax_incl":"5.000000","tracking_number":"","date_add":"2021-12-20 13:52:24"}] []
[2021-12-20 13:52:25] Colissimo_1_4_1_HookNewOrder.INFO: Order #57 - Carrier type : DOMICILE [] []
[2021-12-20 13:52:25] Colissimo_1_4_1_HookNewOrder.INFO: Order #57 - Colissimo Order created {"obj":{"id_colissimo_order":null,"id_order":57,"id_colissimo_service":5,"id_colissimo_pickup_point":0,"migration":0,"hidden":0,"id":"42","id_shop_list":[],"force_id":false}} []
[2021-12-20 16:06:17] Colissimo_1_4_1_Affranchissement.INFO: Order #57 (THYMNBLGK) - Generate label [] []
[2021-12-20 16:06:17] Colissimo_1_4_1_Affranchissement.INFO: Order #57 (THYMNBLGK) - Shipping type: HOME DELIVERY [] []
[2021-12-20 16:06:17] Colissimo_1_4_1_Affranchissement.INFO: Order #57 (THYMNBLGK) - Request {"request":{"contractNumber":"*****","password":"*****","outputFormat":{"x":0,"y":0,"outputPrintingType":"PDF_A4_300dpi"},"letter":{"service":{"productCode":"DOS","depositDate":"2021-12-20","transportationAmount":500,"orderNumber":"THYMNBLGK"},"parcel":{"weight":"0.1"},"sender":{"senderParcelRef":"THYMNBLGK","address":{"companyName":"SAS French Filler","lastName":"LEVY","firstName":"LEVY","line0":"","line1":"","line2":"106 Avenue Kleber","line3":"PHARMACIE DU TROCADERO","countryCode":"FR","city":"PARIS","zipCode":"75116","phoneNumber":"+33622898454","email":"contact@frenchfiller.com"}},"addressee":{"addresseeParcelRef":"THYMNBLGK","codeBarForReference":true,"address":{"companyName":"","lastName":"POLIGALLI","firstName":"PHILIPPE","line2":"49 DOMAINE DE LA SOURCE","line3":"MAS LE DAVIA","countryCode":"FR","city":"SOSPEL","zipCode":"06380","phoneNumber":"","mobileNumber":"","email":"PHIL.POL@orange.fr"}}},"fields":{"customField":[{"key":"CUSER_INFO_TEXT","value":"PS1.7.7.3;1.4.1"},{"key":"EORI","value":""}]}}} []
[2021-12-20 16:06:17] Colissimo_1_4_1_Affranchissement.INFO: Order #57 (THYMNBLGK) - Response {"response":{"messages":[{"id":"0","type":"INFOS","messageContent":"La requ\u00eate a \u00e9t\u00e9 trait\u00e9e avec succ\u00e8s","replacementValues":[]}],"labelXmlV2Reponse":null,"labelV2Response":{"parcelNumber":"6C14980634865","parcelNumberPartner":"0006380116C1498063486802250L","pdfUrl":null,"fields":null}}} []
[2021-12-20 16:06:18] Colissimo_1_4_1_Affranchissement.INFO: Send tracking mail for shipment 6C14980634865 [] []
[2021-12-20 23:26:23] Colissimo_1_4_1_HookNewOrder.INFO: Hook newOrder called [] []
[2021-12-20 23:26:23] Colissimo_1_4_1_HookNewOrder.INFO: Order #58 - Carrier details {"id_carrier":"106","id_reference":"3"} []
[2021-12-20 23:26:23] Colissimo_1_4_1_HookNewOrder.INFO: Order #58 - Order Carrier details [{"id_order_carrier":"58","id_order":"58","id_carrier":"106","id_order_invoice":"0","weight":"0.500000","shipping_cost_tax_excl":"5.000000","shipping_cost_tax_incl":"5.000000","tracking_number":"","date_add":"2021-12-20 23:26:22"}] []
[2021-12-20 23:26:23] Colissimo_1_4_1_HookNewOrder.INFO: Order #58 - Carrier type : DOMICILE [] []
[2021-12-20 23:26:23] Colissimo_1_4_1_HookNewOrder.INFO: Order #58 - Colissimo Order created {"obj":{"id_colissimo_order":null,"id_order":58,"id_colissimo_service":5,"id_colissimo_pickup_point":0,"migration":0,"hidden":0,"id":"43","id_shop_list":[],"force_id":false}} []
[2021-12-20 23:36:21] Colissimo_1_4_1_HookNewOrder.INFO: Hook newOrder called [] []
[2021-12-20 23:36:21] Colissimo_1_4_1_HookNewOrder.INFO: Order #59 - Carrier details {"id_carrier":"106","id_reference":"3"} []
[2021-12-20 23:36:21] Colissimo_1_4_1_HookNewOrder.INFO: Order #59 - Order Carrier details [{"id_order_carrier":"59","id_order":"59","id_carrier":"106","id_order_invoice":"0","weight":"0.500000","shipping_cost_tax_excl":"5.000000","shipping_cost_tax_incl":"5.000000","tracking_number":"","date_add":"2021-12-20 23:36:21"}] []
[2021-12-20 23:36:21] Colissimo_1_4_1_HookNewOrder.INFO: Order #59 - Carrier type : DOMICILE [] []
[2021-12-20 23:36:21] Colissimo_1_4_1_HookNewOrder.INFO: Order #59 - Colissimo Order created {"obj":{"id_colissimo_order":null,"id_order":59,"id_colissimo_service":5,"id_colissimo_pickup_point":0,"migration":0,"hidden":0,"id":"44","id_shop_list":[],"force_id":false}} []
[2021-12-21 02:15:21] Colissimo_1_4_1_HookNewOrder.INFO: Hook newOrder called [] []
[2021-12-21 02:15:21] Colissimo_1_4_1_HookNewOrder.INFO: Order #60 - Carrier details {"id_carrier":"106","id_reference":"3"} []
[2021-12-21 02:15:21] Colissimo_1_4_1_HookNewOrder.INFO: Order #60 - Order Carrier details [{"id_order_carrier":"60","id_order":"60","id_carrier":"106","id_order_invoice":"0","weight":"0.700000","shipping_cost_tax_excl":"5.000000","shipping_cost_tax_incl":"5.000000","tracking_number":"","date_add":"2021-12-21 02:15:21"}] []
[2021-12-21 02:15:21] Colissimo_1_4_1_HookNewOrder.INFO: Order #60 - Carrier type : DOMICILE [] []
[2021-12-21 02:15:21] Colissimo_1_4_1_HookNewOrder.INFO: Order #60 - Colissimo Order created {"obj":{"id_colissimo_order":null,"id_order":60,"id_colissimo_service":5,"id_colissimo_pickup_point":0,"migration":0,"hidden":0,"id":"45","id_shop_list":[],"force_id":false}} []
[2021-12-21 11:01:21] Colissimo_1_4_1_Affranchissement.INFO: Order #60 (WUGMLEYND) - Generate label [] []
[2021-12-21 11:01:21] Colissimo_1_4_1_Affranchissement.INFO: Order #60 (WUGMLEYND) - Shipping type: HOME DELIVERY [] []
[2021-12-21 11:01:21] Colissimo_1_4_1_Affranchissement.INFO: Order #60 (WUGMLEYND) - Request {"request":{"contractNumber":"*****","password":"*****","outputFormat":{"x":0,"y":0,"outputPrintingType":"PDF_A4_300dpi"},"letter":{"service":{"productCode":"DOS","depositDate":"2021-12-21","transportationAmount":500,"orderNumber":"WUGMLEYND"},"parcel":{"weight":"0.7"},"sender":{"senderParcelRef":"WUGMLEYND","address":{"companyName":"SAS French Filler","lastName":"LEVY","firstName":"LEVY","line0":"","line1":"","line2":"106 Avenue Kleber","line3":"PHARMACIE DU TROCADERO","countryCode":"FR","city":"PARIS","zipCode":"75116","phoneNumber":"+33622898454","email":"contact@frenchfiller.com"}},"addressee":{"addresseeParcelRef":"WUGMLEYND","codeBarForReference":true,"address":{"companyName":"","lastName":"Delrue","firstName":"Emilie","line2":"46 rue de poperinghe ","line3":"","countryCode":"FR","city":"Steenvoorde","zipCode":"59114","phoneNumber":"0670992412","mobileNumber":"","email":"ilie59114@hotmail.fr"}}},"fields":{"customField":[{"key":"CUSER_INFO_TEXT","value":"PS1.7.7.3;1.4.1"},{"key":"EORI","value":""}]}}} []
[2021-12-21 11:01:22] Colissimo_1_4_1_Affranchissement.INFO: Order #60 (WUGMLEYND) - Response {"response":{"messages":[{"id":"0","type":"INFOS","messageContent":"La requ\u00eate a \u00e9t\u00e9 trait\u00e9e avec succ\u00e8s","replacementValues":[]}],"labelXmlV2Reponse":null,"labelV2Response":{"parcelNumber":"6C14981552120","parcelNumberPartner":"0059114116C1498155212802250J","pdfUrl":null,"fields":null}}} []
[2021-12-21 11:01:23] Colissimo_1_4_1_Affranchissement.INFO: Send tracking mail for shipment 6C14981552120 [] []
[2021-12-21 11:01:23] Colissimo_1_4_1_Affranchissement.INFO: Order #59 (MOESGEXPK) - Generate label [] []
[2021-12-21 11:01:23] Colissimo_1_4_1_Affranchissement.INFO: Order #59 (MOESGEXPK) - Shipping type: HOME DELIVERY [] []
[2021-12-21 11:01:23] Colissimo_1_4_1_Affranchissement.INFO: Order #59 (MOESGEXPK) - Request {"request":{"contractNumber":"*****","password":"*****","outputFormat":{"x":0,"y":0,"outputPrintingType":"PDF_A4_300dpi"},"letter":{"service":{"productCode":"DOS","depositDate":"2021-12-21","transportationAmount":500,"orderNumber":"MOESGEXPK"},"parcel":{"weight":"0.5"},"sender":{"senderParcelRef":"MOESGEXPK","address":{"companyName":"SAS French Filler","lastName":"LEVY","firstName":"LEVY","line0":"","line1":"","line2":"106 Avenue Kleber","line3":"PHARMACIE DU TROCADERO","countryCode":"FR","city":"PARIS","zipCode":"75116","phoneNumber":"+33622898454","email":"contact@frenchfiller.com"}},"addressee":{"addresseeParcelRef":"MOESGEXPK","codeBarForReference":true,"address":{"companyName":"","lastName":"BENKEMOUN BENDAOUD","firstName":"LAURA","line2":"88 avenue des Ternes","line3":"","countryCode":"FR","city":"PARIS","zipCode":"75017","phoneNumber":"+33 6 09 57 80 48","mobileNumber":"","email":"chloeknopfer@gmail.com"}}},"fields":{"customField":[{"key":"CUSER_INFO_TEXT","value":"PS1.7.7.3;1.4.1"},{"key":"EORI","value":""}]}}} []
[2021-12-21 11:01:23] Colissimo_1_4_1_Affranchissement.INFO: Order #59 (MOESGEXPK) - Response {"response":{"messages":[{"id":"0","type":"INFOS","messageContent":"La requ\u00eate a \u00e9t\u00e9 trait\u00e9e avec succ\u00e8s","replacementValues":[]}],"labelXmlV2Reponse":null,"labelV2Response":{"parcelNumber":"6C14981847028","parcelNumberPartner":"0075017116C1498184702802250B","pdfUrl":null,"fields":null}}} []
[2021-12-21 11:01:24] Colissimo_1_4_1_Affranchissement.INFO: Send tracking mail for shipment 6C14981847028 [] []
[2021-12-21 11:01:24] Colissimo_1_4_1_Affranchissement.INFO: Order #58 (IABTECIXD) - Generate label [] []
[2021-12-21 11:01:24] Colissimo_1_4_1_Affranchissement.INFO: Order #58 (IABTECIXD) - Shipping type: HOME DELIVERY [] []
[2021-12-21 11:01:24] Colissimo_1_4_1_Affranchissement.INFO: Order #58 (IABTECIXD) - Request {"request":{"contractNumber":"*****","password":"*****","outputFormat":{"x":0,"y":0,"outputPrintingType":"PDF_A4_300dpi"},"letter":{"service":{"productCode":"DOS","depositDate":"2021-12-21","transportationAmount":500,"orderNumber":"IABTECIXD"},"parcel":{"weight":"0.5"},"sender":{"senderParcelRef":"IABTECIXD","address":{"companyName":"SAS French Filler","lastName":"LEVY","firstName":"LEVY","line0":"","line1":"","line2":"106 Avenue Kleber","line3":"PHARMACIE DU TROCADERO","countryCode":"FR","city":"PARIS","zipCode":"75116","phoneNumber":"+33622898454","email":"contact@frenchfiller.com"}},"addressee":{"addresseeParcelRef":"IABTECIXD","codeBarForReference":true,"address":{"companyName":"","lastName":"AZOULAY NAOPLAY","firstName":"Chloe","line2":"13 rue de la Tremoille","line3":"","countryCode":"FR","city":"PARIS","zipCode":"75008","phoneNumber":"0760472345","mobileNumber":"","email":"chloeknopfer@gmail.com"}}},"fields":{"customField":[{"key":"CUSER_INFO_TEXT","value":"PS1.7.7.3;1.4.1"},{"key":"EORI","value":""}]}}} []
[2021-12-21 11:01:25] Colissimo_1_4_1_Affranchissement.INFO: Order #58 (IABTECIXD) - Response {"response":{"messages":[{"id":"0","type":"INFOS","messageContent":"La requ\u00eate a \u00e9t\u00e9 trait\u00e9e avec succ\u00e8s","replacementValues":[]}],"labelXmlV2Reponse":null,"labelV2Response":{"parcelNumber":"6C14979789804","parcelNumberPartner":"0075008116C14979789808022509","pdfUrl":null,"fields":null}}} []
[2021-12-21 11:01:26] Colissimo_1_4_1_Affranchissement.INFO: Send tracking mail for shipment 6C14979789804 [] []
[2021-12-21 11:22:44] Colissimo_1_4_1_HookNewOrder.INFO: Hook newOrder called [] []
[2021-12-21 11:22:44] Colissimo_1_4_1_HookNewOrder.INFO: Order #61 - Carrier details {"id_carrier":"105","id_reference":"104"} []
[2021-12-21 11:22:44] Colissimo_1_4_1_HookNewOrder.INFO: Order #61 - Order Carrier details [{"id_order_carrier":"61","id_order":"61","id_carrier":"105","id_order_invoice":"0","weight":"0.150000","shipping_cost_tax_excl":"4.000000","shipping_cost_tax_incl":"4.000000","tracking_number":"","date_add":"2021-12-21 11:22:44"}] []
[2021-12-21 11:22:44] Colissimo_1_4_1_HookNewOrder.INFO: Order #61 - Carrier type : RELAIS [] []
[2021-12-21 11:22:44] Colissimo_1_4_1_HookNewOrder.INFO: Order #61 - Colissimo Order created {"obj":{"id_colissimo_order":null,"id_order":61,"id_colissimo_service":11,"id_colissimo_pickup_point":19,"migration":0,"hidden":0,"id":"46","id_shop_list":[],"force_id":false}} []
[2021-12-21 13:48:41] Colissimo_1_4_1_Affranchissement.INFO: Order #61 (VHWIEOUNY) - Generate label [] []
[2021-12-21 13:48:41] Colissimo_1_4_1_Affranchissement.INFO: Order #61 (VHWIEOUNY) - Shipping type: PICKUP POINT DELIVERY [] []
[2021-12-21 13:48:41] Colissimo_1_4_1_Affranchissement.INFO: Order #61 (VHWIEOUNY) - Pickup point ID #907982 [] []
[2021-12-21 13:48:41] Colissimo_1_4_1_Affranchissement.INFO: Order #61 (VHWIEOUNY) - Request {"request":{"contractNumber":"*****","password":"*****","outputFormat":{"x":0,"y":0,"outputPrintingType":"PDF_A4_300dpi"},"letter":{"service":{"productCode":"A2P","depositDate":"2021-12-21","transportationAmount":400,"orderNumber":"VHWIEOUNY","commercialName":"SAS French Filler"},"parcel":{"weight":"0.15","pickupLocationId":"907982"},"sender":{"senderParcelRef":"VHWIEOUNY","address":{"companyName":"SAS French Filler","lastName":"LEVY","firstName":"LEVY","line0":"","line1":"","line2":"106 Avenue Kleber","line3":"PHARMACIE DU TROCADERO","countryCode":"FR","city":"PARIS","zipCode":"75116","phoneNumber":"+33622898454","email":"contact@frenchfiller.com"}},"addressee":{"addresseeParcelRef":"VHWIEOUNY","codeBarForReference":true,"address":{"companyName":"","lastName":"Jouny","firstName":"Isabelle","line2":"26 impasse du bois regnier ","line3":"","countryCode":"FR","city":"Saint ouen les vignes ","zipCode":"37530","phoneNumber":"","mobileNumber":"+33672131429","email":"famille.jouny@free.fr"}}},"fields":{"customField":[{"key":"CUSER_INFO_TEXT","value":"PS1.7.7.3;1.4.1"},{"key":"EORI","value":""}]}}} []
[2021-12-21 13:48:41] Colissimo_1_4_1_Affranchissement.INFO: Order #61 (VHWIEOUNY) - Response {"response":{"messages":[{"id":"0","type":"INFOS","messageContent":"La requ\u00eate a \u00e9t\u00e9 trait\u00e9e avec succ\u00e8s","replacementValues":[]}],"labelXmlV2Reponse":null,"labelV2Response":{"parcelNumber":"6M18118741722","parcelNumberPartner":null,"pdfUrl":null,"fields":null}}} []
[2021-12-21 13:48:46] Colissimo_1_4_1_Affranchissement.INFO: Send tracking mail for shipment 6M18118741722 [] []
[2021-12-23 10:17:35] Colissimo_1_4_1_HookNewOrder.INFO: Hook newOrder called [] []
[2021-12-23 10:17:35] Colissimo_1_4_1_HookNewOrder.INFO: Order #62 - Carrier details {"id_carrier":"110","id_reference":"95"} []
[2021-12-23 10:17:35] Colissimo_1_4_1_HookNewOrder.INFO: Order #62 - Order Carrier details [{"id_order_carrier":"62","id_order":"62","id_carrier":"110","id_order_invoice":"0","weight":"0.600000","shipping_cost_tax_excl":"10.900000","shipping_cost_tax_incl":"10.900000","tracking_number":"","date_add":"2021-12-23 10:17:35"}] []
[2021-12-23 10:17:35] Colissimo_1_4_1_HookNewOrder.INFO: Order #62 - Not a Colissimo Carrier. {"id":95} []
[2021-12-24 10:06:43] Colissimo_1_4_1_HookNewOrder.INFO: Hook newOrder called [] []
[2021-12-24 10:06:43] Colissimo_1_4_1_HookNewOrder.INFO: Order #63 - Carrier details {"id_carrier":"106","id_reference":"3"} []
[2021-12-24 10:06:43] Colissimo_1_4_1_HookNewOrder.INFO: Order #63 - Order Carrier details [{"id_order_carrier":"63","id_order":"63","id_carrier":"106","id_order_invoice":"0","weight":"0.650000","shipping_cost_tax_excl":"5.000000","shipping_cost_tax_incl":"5.000000","tracking_number":"","date_add":"2021-12-24 10:06:42"}] []
[2021-12-24 10:06:43] Colissimo_1_4_1_HookNewOrder.INFO: Order #63 - Carrier type : DOMICILE [] []
[2021-12-24 10:06:43] Colissimo_1_4_1_HookNewOrder.INFO: Order #63 - Colissimo Order created {"obj":{"id_colissimo_order":null,"id_order":63,"id_colissimo_service":5,"id_colissimo_pickup_point":0,"migration":0,"hidden":0,"id":"47","id_shop_list":[],"force_id":false}} []
[2021-12-26 17:53:39] Colissimo_1_4_1_HookNewOrder.INFO: Hook newOrder called [] []
[2021-12-26 17:53:39] Colissimo_1_4_1_HookNewOrder.INFO: Order #64 - Carrier details {"id_carrier":"106","id_reference":"3"} []
[2021-12-26 17:53:39] Colissimo_1_4_1_HookNewOrder.INFO: Order #64 - Order Carrier details [{"id_order_carrier":"64","id_order":"64","id_carrier":"106","id_order_invoice":"0","weight":"1.100000","shipping_cost_tax_excl":"5.000000","shipping_cost_tax_incl":"5.000000","tracking_number":"","date_add":"2021-12-26 17:53:39"}] []
[2021-12-26 17:53:39] Colissimo_1_4_1_HookNewOrder.INFO: Order #64 - Carrier type : DOMICILE [] []
[2021-12-26 17:53:39] Colissimo_1_4_1_HookNewOrder.INFO: Order #64 - Colissimo Order created {"obj":{"id_colissimo_order":null,"id_order":64,"id_colissimo_service":5,"id_colissimo_pickup_point":0,"migration":0,"hidden":0,"id":"48","id_shop_list":[],"force_id":false}} []
[2021-12-27 11:29:01] Colissimo_1_4_1_Affranchissement.INFO: Order #64 (WUGWDISMR) - Generate label [] []
[2021-12-27 11:29:01] Colissimo_1_4_1_Affranchissement.INFO: Order #64 (WUGWDISMR) - Shipping type: HOME DELIVERY [] []
[2021-12-27 11:29:01] Colissimo_1_4_1_Affranchissement.INFO: Order #64 (WUGWDISMR) - Request {"request":{"contractNumber":"*****","password":"*****","outputFormat":{"x":0,"y":0,"outputPrintingType":"PDF_A4_300dpi"},"letter":{"service":{"productCode":"DOS","depositDate":"2021-12-27","transportationAmount":500,"orderNumber":"WUGWDISMR"},"parcel":{"weight":"1.1"},"sender":{"senderParcelRef":"WUGWDISMR","address":{"companyName":"SAS French Filler","lastName":"LEVY","firstName":"LEVY","line0":"","line1":"","line2":"106 Avenue Kleber","line3":"PHARMACIE DU TROCADERO","countryCode":"FR","city":"PARIS","zipCode":"75116","phoneNumber":"+33622898454","email":"contact@frenchfiller.com"}},"addressee":{"addresseeParcelRef":"WUGWDISMR","codeBarForReference":true,"address":{"companyName":"ATMB Autoroute et Tunnel du Mont-blanc","lastName":"Brischoux","firstName":"Ann Sonia","line2":"245 route de la montagne","line3":"ATMB Autoroute et Tunnel du Mont-blanc","countryCode":"FR","city":"Epagny","zipCode":"74330","phoneNumber":"0671658047","mobileNumber":"","email":"naae.brischoux@hotmail.fr"}}},"fields":{"customField":[{"key":"CUSER_INFO_TEXT","value":"PS1.7.7.3;1.4.1"},{"key":"EORI","value":""}]}}} []
[2021-12-27 11:29:01] Colissimo_1_4_1_Affranchissement.INFO: Order #64 (WUGWDISMR) - Response {"response":{"messages":[{"id":"0","type":"INFOS","messageContent":"La requ\u00eate a \u00e9t\u00e9 trait\u00e9e avec succ\u00e8s","replacementValues":[]}],"labelXmlV2Reponse":null,"labelV2Response":{"parcelNumber":"6C14987126882","parcelNumberPartner":"0074330116C14987126888022502","pdfUrl":null,"fields":null}}} []
[2021-12-27 11:29:02] Colissimo_1_4_1_Affranchissement.INFO: Send tracking mail for shipment 6C14987126882 [] []
[2021-12-27 11:29:03] Colissimo_1_4_1_Affranchissement.INFO: Order #63 (BHCDJYSCH) - Generate label [] []
[2021-12-27 11:29:03] Colissimo_1_4_1_Affranchissement.INFO: Order #63 (BHCDJYSCH) - Shipping type: HOME DELIVERY [] []
[2021-12-27 11:29:03] Colissimo_1_4_1_Affranchissement.INFO: Order #63 (BHCDJYSCH) - Request {"request":{"contractNumber":"*****","password":"*****","outputFormat":{"x":0,"y":0,"outputPrintingType":"PDF_A4_300dpi"},"letter":{"service":{"productCode":"DOS","depositDate":"2021-12-27","transportationAmount":500,"orderNumber":"BHCDJYSCH"},"parcel":{"weight":"0.75"},"sender":{"senderParcelRef":"BHCDJYSCH","address":{"companyName":"SAS French Filler","lastName":"LEVY","firstName":"LEVY","line0":"","line1":"","line2":"106 Avenue Kleber","line3":"PHARMACIE DU TROCADERO","countryCode":"FR","city":"PARIS","zipCode":"75116","phoneNumber":"+33622898454","email":"contact@frenchfiller.com"}},"addressee":{"addresseeParcelRef":"BHCDJYSCH","codeBarForReference":true,"address":{"companyName":"","lastName":"Hebert","firstName":"Sarah","line2":"1611 chemin du luget","line3":"","countryCode":"FR","city":"V\u00e9n\u00e9jan","zipCode":"30200","phoneNumber":"","mobileNumber":"","email":"sarah26.hebert@me.com"}}},"fields":{"customField":[{"key":"CUSER_INFO_TEXT","value":"PS1.7.7.3;1.4.1"},{"key":"EORI","value":""}]}}} []
[2021-12-27 11:29:03] Colissimo_1_4_1_Affranchissement.INFO: Order #63 (BHCDJYSCH) - Response {"response":{"messages":[{"id":"0","type":"INFOS","messageContent":"La requ\u00eate a \u00e9t\u00e9 trait\u00e9e avec succ\u00e8s","replacementValues":[]}],"labelXmlV2Reponse":null,"labelV2Response":{"parcelNumber":"6C14984506892","parcelNumberPartner":"0030200116C1498450689802250R","pdfUrl":null,"fields":null}}} []
[2021-12-27 11:29:03] Colissimo_1_4_1_Affranchissement.INFO: Send tracking mail for shipment 6C14984506892 [] []
[2021-12-27 12:02:23] Colissimo_1_4_1_Timeline.INFO: Start tracking for order 63 (BHCDJYSCH) [] []
[2021-12-27 12:02:23] Colissimo_1_4_1_Timeline.INFO: Request {"json":{"password":"*****","login":"847273","parcelNumber":"6C14984506892","ip":"193.252.32.57","lang":"fr_FR","profil":"TRACKING_BNUM","contractNumber":"*****"}} []
[2021-12-27 15:35:43] Colissimo_1_4_1_Timeline.INFO: Start tracking for order 63 (BHCDJYSCH) [] []
[2021-12-27 15:35:43] Colissimo_1_4_1_Timeline.INFO: Request {"json":{"password":"*****","login":"847273","parcelNumber":"6C14984506892","ip":"193.252.32.57","lang":"fr_FR","profil":"TRACKING_BNUM","contractNumber":"*****"}} []
[2021-12-28 11:00:47] Colissimo_1_4_1_HookNewOrder.INFO: Hook newOrder called [] []
[2021-12-28 11:00:47] Colissimo_1_4_1_HookNewOrder.INFO: Order #65 - Carrier details {"id_carrier":"106","id_reference":"3"} []
[2021-12-28 11:00:47] Colissimo_1_4_1_HookNewOrder.INFO: Order #65 - Order Carrier details [{"id_order_carrier":"65","id_order":"65","id_carrier":"106","id_order_invoice":"0","weight":"1.000000","shipping_cost_tax_excl":"5.000000","shipping_cost_tax_incl":"5.000000","tracking_number":"","date_add":"2021-12-28 11:00:47"}] []
[2021-12-28 11:00:47] Colissimo_1_4_1_HookNewOrder.INFO: Order #65 - Carrier type : DOMICILE [] []
[2021-12-28 11:00:47] Colissimo_1_4_1_HookNewOrder.INFO: Order #65 - Colissimo Order created {"obj":{"id_colissimo_order":null,"id_order":65,"id_colissimo_service":5,"id_colissimo_pickup_point":0,"migration":0,"hidden":0,"id":"49","id_shop_list":[],"force_id":false}} []
[2021-12-28 12:15:48] Colissimo_1_4_1_HookNewOrder.INFO: Hook newOrder called [] []
[2021-12-28 12:15:48] Colissimo_1_4_1_HookNewOrder.INFO: Order #66 - Carrier details {"id_carrier":"105","id_reference":"104"} []
[2021-12-28 12:15:48] Colissimo_1_4_1_HookNewOrder.INFO: Order #66 - Order Carrier details [{"id_order_carrier":"66","id_order":"66","id_carrier":"105","id_order_invoice":"0","weight":"0.600000","shipping_cost_tax_excl":"4.000000","shipping_cost_tax_incl":"4.000000","tracking_number":"","date_add":"2021-12-28 12:15:48"}] []
[2021-12-28 12:15:48] Colissimo_1_4_1_HookNewOrder.INFO: Order #66 - Carrier type : RELAIS [] []
[2021-12-28 12:15:48] Colissimo_1_4_1_HookNewOrder.INFO: Order #66 - Colissimo Order created {"obj":{"id_colissimo_order":null,"id_order":66,"id_colissimo_service":11,"id_colissimo_pickup_point":20,"migration":0,"hidden":0,"id":"50","id_shop_list":[],"force_id":false}} []
[2021-12-28 12:57:37] Colissimo_1_4_1_Affranchissement.INFO: Order #66 (CLSTBQSKB) - Generate label [] []
[2021-12-28 12:57:37] Colissimo_1_4_1_Affranchissement.INFO: Order #66 (CLSTBQSKB) - Shipping type: PICKUP POINT DELIVERY [] []
[2021-12-28 12:57:37] Colissimo_1_4_1_Affranchissement.INFO: Order #66 (CLSTBQSKB) - Pickup point ID #998200 [] []
[2021-12-28 12:57:37] Colissimo_1_4_1_Affranchissement.INFO: Order #66 (CLSTBQSKB) - Request {"request":{"contractNumber":"*****","password":"*****","outputFormat":{"x":0,"y":0,"outputPrintingType":"PDF_A4_300dpi"},"letter":{"service":{"productCode":"A2P","depositDate":"2021-12-28","transportationAmount":400,"orderNumber":"CLSTBQSKB","commercialName":"SAS French Filler"},"parcel":{"weight":"0.6","pickupLocationId":"998200"},"sender":{"senderParcelRef":"CLSTBQSKB","address":{"companyName":"SAS French Filler","lastName":"LEVY","firstName":"LEVY","line0":"","line1":"","line2":"106 Avenue Kleber","line3":"PHARMACIE DU TROCADERO","countryCode":"FR","city":"PARIS","zipCode":"75116","phoneNumber":"+33622898454","email":"contact@frenchfiller.com"}},"addressee":{"addresseeParcelRef":"CLSTBQSKB","codeBarForReference":true,"address":{"companyName":"","lastName":"AG SID AHMED ","firstName":"HAMA","line2":"3 rue Emmery ","line3":"","countryCode":"FR","city":"Paris","zipCode":"75020","phoneNumber":"0638767174","mobileNumber":"+33638767174","email":"hammasidahmed178@gmail.com"}}},"fields":{"customField":[{"key":"CUSER_INFO_TEXT","value":"PS1.7.7.3;1.4.1"},{"key":"EORI","value":""}]}}} []
[2021-12-28 12:57:37] Colissimo_1_4_1_Affranchissement.INFO: Order #66 (CLSTBQSKB) - Response {"response":{"messages":[{"id":"0","type":"INFOS","messageContent":"La requ\u00eate a \u00e9t\u00e9 trait\u00e9e avec succ\u00e8s","replacementValues":[]}],"labelXmlV2Reponse":null,"labelV2Response":{"parcelNumber":"6M18122069881","parcelNumberPartner":null,"pdfUrl":null,"fields":null}}} []
[2021-12-28 12:57:37] Colissimo_1_4_1_Affranchissement.INFO: Send tracking mail for shipment 6M18122069881 [] []
[2021-12-28 17:15:09] Colissimo_1_4_1_HookNewOrder.INFO: Hook newOrder called [] []
[2021-12-28 17:15:09] Colissimo_1_4_1_HookNewOrder.INFO: Order #67 - Carrier details {"id_carrier":"106","id_reference":"3"} []
[2021-12-28 17:15:09] Colissimo_1_4_1_HookNewOrder.INFO: Order #67 - Order Carrier details [{"id_order_carrier":"67","id_order":"67","id_carrier":"106","id_order_invoice":"0","weight":"1.000000","shipping_cost_tax_excl":"5.000000","shipping_cost_tax_incl":"5.000000","tracking_number":"","date_add":"2021-12-28 17:15:09"}] []
[2021-12-28 17:15:09] Colissimo_1_4_1_HookNewOrder.INFO: Order #67 - Carrier type : DOMICILE [] []
[2021-12-28 17:15:09] Colissimo_1_4_1_HookNewOrder.INFO: Order #67 - Colissimo Order created {"obj":{"id_colissimo_order":null,"id_order":67,"id_colissimo_service":5,"id_colissimo_pickup_point":0,"migration":0,"hidden":0,"id":"51","id_shop_list":[],"force_id":false}} []
[2021-12-28 17:25:52] Colissimo_1_4_1_HookNewOrder.INFO: Hook newOrder called [] []
[2021-12-28 17:25:52] Colissimo_1_4_1_HookNewOrder.INFO: Order #68 - Carrier details {"id_carrier":"106","id_reference":"3"} []
[2021-12-28 17:25:52] Colissimo_1_4_1_HookNewOrder.INFO: Order #68 - Order Carrier details [{"id_order_carrier":"68","id_order":"68","id_carrier":"106","id_order_invoice":"0","weight":"1.000000","shipping_cost_tax_excl":"5.000000","shipping_cost_tax_incl":"5.000000","tracking_number":"","date_add":"2021-12-28 17:25:52"}] []
[2021-12-28 17:25:52] Colissimo_1_4_1_HookNewOrder.INFO: Order #68 - Carrier type : DOMICILE [] []
[2021-12-28 17:25:52] Colissimo_1_4_1_HookNewOrder.INFO: Order #68 - Colissimo Order created {"obj":{"id_colissimo_order":null,"id_order":68,"id_colissimo_service":5,"id_colissimo_pickup_point":0,"migration":0,"hidden":0,"id":"52","id_shop_list":[],"force_id":false}} []
[2021-12-29 13:10:14] Colissimo_1_4_1_HookNewOrder.INFO: Hook newOrder called [] []
[2021-12-29 13:10:14] Colissimo_1_4_1_HookNewOrder.INFO: Order #69 - Carrier details {"id_carrier":"106","id_reference":"3"} []
[2021-12-29 13:10:14] Colissimo_1_4_1_HookNewOrder.INFO: Order #69 - Order Carrier details [{"id_order_carrier":"69","id_order":"69","id_carrier":"106","id_order_invoice":"0","weight":"0.800000","shipping_cost_tax_excl":"5.000000","shipping_cost_tax_incl":"5.000000","tracking_number":"","date_add":"2021-12-29 13:10:13"}] []
[2021-12-29 13:10:14] Colissimo_1_4_1_HookNewOrder.INFO: Order #69 - Carrier type : DOMICILE [] []
[2021-12-29 13:10:14] Colissimo_1_4_1_HookNewOrder.INFO: Order #69 - Colissimo Order created {"obj":{"id_colissimo_order":null,"id_order":69,"id_colissimo_service":5,"id_colissimo_pickup_point":0,"migration":0,"hidden":0,"id":"53","id_shop_list":[],"force_id":false}} []
[2021-12-29 13:15:41] Colissimo_1_4_1_Affranchissement.INFO: Order #69 (YKOBLGJZD) - Generate label [] []
[2021-12-29 13:15:41] Colissimo_1_4_1_Affranchissement.INFO: Order #69 (YKOBLGJZD) - Shipping type: HOME DELIVERY [] []
[2021-12-29 13:15:41] Colissimo_1_4_1_Affranchissement.INFO: Order #69 (YKOBLGJZD) - Request {"request":{"contractNumber":"*****","password":"*****","outputFormat":{"x":0,"y":0,"outputPrintingType":"PDF_A4_300dpi"},"letter":{"service":{"productCode":"DOS","depositDate":"2021-12-29","transportationAmount":500,"orderNumber":"YKOBLGJZD"},"parcel":{"weight":"0.9"},"sender":{"senderParcelRef":"YKOBLGJZD","address":{"companyName":"SAS French Filler","lastName":"LEVY","firstName":"LEVY","line0":"","line1":"","line2":"106 Avenue Kleber","line3":"PHARMACIE DU TROCADERO","countryCode":"FR","city":"PARIS","zipCode":"75116","phoneNumber":"+33622898454","email":"contact@frenchfiller.com"}},"addressee":{"addresseeParcelRef":"YKOBLGJZD","codeBarForReference":true,"address":{"companyName":"","lastName":"Gentil","firstName":"Cristina","line2":"108 Boulevard Du Pyla","line3":"","countryCode":"FR","city":"La Teste-de-buch","zipCode":"33260","phoneNumber":"06 48 24 71 22","mobileNumber":"","email":"cristinagentil@icloud.com"}}},"fields":{"customField":[{"key":"CUSER_INFO_TEXT","value":"PS1.7.7.3;1.4.1"},{"key":"EORI","value":""}]}}} []
[2021-12-29 13:15:41] Colissimo_1_4_1_Affranchissement.INFO: Order #69 (YKOBLGJZD) - Response {"response":{"messages":[{"id":"0","type":"INFOS","messageContent":"La requ\u00eate a \u00e9t\u00e9 trait\u00e9e avec succ\u00e8s","replacementValues":[]}],"labelXmlV2Reponse":null,"labelV2Response":{"parcelNumber":"6C14986636955","parcelNumberPartner":"0033260116C1498663695802250H","pdfUrl":null,"fields":null}}} []
[2021-12-29 13:15:42] Colissimo_1_4_1_Affranchissement.INFO: Send tracking mail for shipment 6C14986636955 [] []
[2021-12-31 12:04:35] Colissimo_1_4_1_HookNewOrder.INFO: Hook newOrder called [] []
[2021-12-31 12:04:35] Colissimo_1_4_1_HookNewOrder.INFO: Order #70 - Carrier details {"id_carrier":"105","id_reference":"104"} []
[2021-12-31 12:04:35] Colissimo_1_4_1_HookNewOrder.INFO: Order #70 - Order Carrier details [{"id_order_carrier":"70","id_order":"70","id_carrier":"105","id_order_invoice":"0","weight":"0.200000","shipping_cost_tax_excl":"4.000000","shipping_cost_tax_incl":"4.000000","tracking_number":"","date_add":"2021-12-31 12:04:35"}] []
[2021-12-31 12:04:35] Colissimo_1_4_1_HookNewOrder.INFO: Order #70 - Carrier type : RELAIS [] []
[2021-12-31 12:04:35] Colissimo_1_4_1_HookNewOrder.INFO: Order #70 - Colissimo Order created {"obj":{"id_colissimo_order":null,"id_order":70,"id_colissimo_service":10,"id_colissimo_pickup_point":21,"migration":0,"hidden":0,"id":"54","id_shop_list":[],"force_id":false}} []
[2021-12-31 12:05:04] Colissimo_1_4_1_Affranchissement.INFO: Order #70 (SGQOIYAJO) - Generate label [] []
[2021-12-31 12:05:04] Colissimo_1_4_1_Affranchissement.INFO: Order #70 (SGQOIYAJO) - Shipping type: PICKUP POINT DELIVERY [] []
[2021-12-31 12:05:04] Colissimo_1_4_1_Affranchissement.INFO: Order #70 (SGQOIYAJO) - Pickup point ID #750560 [] []
[2021-12-31 12:05:04] Colissimo_1_4_1_Affranchissement.INFO: Order #70 (SGQOIYAJO) - Request {"request":{"contractNumber":"*****","password":"*****","outputFormat":{"x":0,"y":0,"outputPrintingType":"PDF_A4_300dpi"},"letter":{"service":{"productCode":"BPR","depositDate":"2021-12-31","transportationAmount":400,"orderNumber":"SGQOIYAJO","commercialName":"SAS French Filler"},"parcel":{"weight":"0.2","pickupLocationId":"750560"},"sender":{"senderParcelRef":"SGQOIYAJO","address":{"companyName":"SAS French Filler","lastName":"LEVY","firstName":"LEVY","line0":"","line1":"","line2":"106 Avenue Kleber","line3":"PHARMACIE DU TROCADERO","countryCode":"FR","city":"PARIS","zipCode":"75116","phoneNumber":"+33622898454","email":"contact@frenchfiller.com"}},"addressee":{"addresseeParcelRef":"SGQOIYAJO","codeBarForReference":true,"address":{"companyName":"","lastName":"NAIT RAHOU","firstName":"Sonia","line2":"13 rue des trois couronnes paris 11 BAT A \u00e9tage  2 App en face de l'\u00e9scalier ","line3":"","countryCode":"FR","city":"paris","zipCode":"75011","phoneNumber":"0033644772515","mobileNumber":"+33644772515","email":"soniainsat2@yahoo.fr"}}},"fields":{"customField":[{"key":"CUSER_INFO_TEXT","value":"PS1.7.7.3;1.4.1"},{"key":"EORI","value":""}]}}} []
[2021-12-31 12:05:05] Colissimo_1_4_1_Affranchissement.INFO: Order #70 (SGQOIYAJO) - Response {"response":{"messages":[{"id":"0","type":"INFOS","messageContent":"La requ\u00eate a \u00e9t\u00e9 trait\u00e9e avec succ\u00e8s","replacementValues":[]}],"labelXmlV2Reponse":null,"labelV2Response":{"parcelNumber":"6H12419991961","parcelNumberPartner":"0075011116H12419991968042507","pdfUrl":null,"fields":null}}} []
[2021-12-31 12:05:05] Colissimo_1_4_1_Affranchissement.INFO: Send tracking mail for shipment 6H12419991961 [] []
[2021-12-31 12:29:30] Colissimo_1_4_1_Timeline.INFO: Start tracking for order 70 (SGQOIYAJO) [] []
[2021-12-31 12:29:30] Colissimo_1_4_1_Timeline.INFO: Request {"json":{"password":"*****","login":"847273","parcelNumber":"6H12419991961","ip":"83.159.204.104","lang":"fr_FR","profil":"TRACKING_BNUM","contractNumber":"*****"}} []
[2021-12-31 18:12:53] Colissimo_1_4_1_Timeline.INFO: Start tracking for order 70 (SGQOIYAJO) [] []
[2021-12-31 18:12:53] Colissimo_1_4_1_Timeline.INFO: Request {"json":{"password":"*****","login":"847273","parcelNumber":"6H12419991961","ip":"83.159.204.104","lang":"fr_FR","profil":"TRACKING_BNUM","contractNumber":"*****"}} []
