[2022-03-04 09:16:30] Colissimo_1_4_1_HookNewOrder.INFO: Hook newOrder called [] []
[2022-03-04 09:16:30] Colissimo_1_4_1_HookNewOrder.INFO: Order #114 - Carrier details {"id_carrier":"105","id_reference":"104"} []
[2022-03-04 09:16:30] Colissimo_1_4_1_HookNewOrder.INFO: Order #114 - Order Carrier details [{"id_order_carrier":"114","id_order":"114","id_carrier":"105","id_order_invoice":"0","weight":"0.250000","shipping_cost_tax_excl":"4.000000","shipping_cost_tax_incl":"4.000000","tracking_number":"","date_add":"2022-03-04 09:16:30"}] []
[2022-03-04 09:16:30] Colissimo_1_4_1_HookNewOrder.INFO: Order #114 - Carrier type : RELAIS [] []
[2022-03-04 09:16:30] Colissimo_1_4_1_HookNewOrder.INFO: Order #114 - Colissimo Order created {"obj":{"id_colissimo_order":null,"id_order":114,"id_colissimo_service":11,"id_colissimo_pickup_point":41,"migration":0,"hidden":0,"id":"97","id_shop_list":[],"force_id":false}} []
[2022-03-04 10:00:21] Colissimo_1_4_1_Affranchissement.INFO: Order #114 (BAZOGPFHM) - Generate label [] []
[2022-03-04 10:00:21] Colissimo_1_4_1_Affranchissement.INFO: Order #114 (BAZOGPFHM) - Shipping type: PICKUP POINT DELIVERY [] []
[2022-03-04 10:00:21] Colissimo_1_4_1_Affranchissement.INFO: Order #114 (BAZOGPFHM) - Pickup point ID #102265 [] []
[2022-03-04 10:00:21] Colissimo_1_4_1_Affranchissement.INFO: Order #114 (BAZOGPFHM) - Request {"request":{"contractNumber":"*****","password":"*****","outputFormat":{"x":0,"y":0,"outputPrintingType":"PDF_A4_300dpi"},"letter":{"service":{"productCode":"A2P","depositDate":"2022-03-04","transportationAmount":400,"orderNumber":"BAZOGPFHM","commercialName":"SAS French Filler"},"parcel":{"weight":"0.25","pickupLocationId":"102265"},"sender":{"senderParcelRef":"BAZOGPFHM","address":{"companyName":"SAS French Filler","lastName":"LEVY","firstName":"LEVY","line0":"","line1":"","line2":"106 Avenue Kleber","line3":"PHARMACIE DU TROCADERO","countryCode":"FR","city":"PARIS","zipCode":"75116","phoneNumber":"+33622898454","email":"contact@frenchfiller.com"}},"addressee":{"addresseeParcelRef":"BAZOGPFHM","codeBarForReference":true,"address":{"companyName":"","lastName":"Parienti","firstName":"Carine","line2":"55 avenue de fontenelle","line3":"","countryCode":"FR","city":"St Brice sous foret","zipCode":"95350","phoneNumber":"0767364178","mobileNumber":"+33767364178","email":"carineparienti55@gmail.com"}}},"fields":{"customField":[{"key":"CUSER_INFO_TEXT","value":"PS1.7.7.3;1.4.1"},{"key":"EORI","value":""}]}}} []
[2022-03-04 10:00:21] Colissimo_1_4_1_Affranchissement.INFO: Order #114 (BAZOGPFHM) - Response {"response":{"messages":[{"id":"0","type":"INFOS","messageContent":"La requ\u00eate a \u00e9t\u00e9 trait\u00e9e avec succ\u00e8s","replacementValues":[]}],"labelXmlV2Reponse":null,"labelV2Response":{"parcelNumber":"6M18194875458","parcelNumberPartner":null,"pdfUrl":null,"fields":null}}} []
[2022-03-04 10:00:22] Colissimo_1_4_1_Affranchissement.INFO: Send tracking mail for shipment 6M18194875458 [] []
[2022-03-04 17:19:42] Colissimo_1_4_1_HookNewOrder.INFO: Hook newOrder called [] []
[2022-03-04 17:19:42] Colissimo_1_4_1_HookNewOrder.INFO: Order #115 - Carrier details {"id_carrier":"106","id_reference":"3"} []
[2022-03-04 17:19:42] Colissimo_1_4_1_HookNewOrder.INFO: Order #115 - Order Carrier details [{"id_order_carrier":"115","id_order":"115","id_carrier":"106","id_order_invoice":"0","weight":"0.300000","shipping_cost_tax_excl":"5.000000","shipping_cost_tax_incl":"5.000000","tracking_number":"","date_add":"2022-03-04 17:19:42"}] []
[2022-03-04 17:19:42] Colissimo_1_4_1_HookNewOrder.INFO: Order #115 - Carrier type : DOMICILE [] []
[2022-03-04 17:19:42] Colissimo_1_4_1_HookNewOrder.INFO: Order #115 - Colissimo Order created {"obj":{"id_colissimo_order":null,"id_order":115,"id_colissimo_service":5,"id_colissimo_pickup_point":0,"migration":0,"hidden":0,"id":"98","id_shop_list":[],"force_id":false}} []
[2022-03-04 17:31:00] Colissimo_1_4_1_Affranchissement.INFO: Order #115 (EMXOWQGIT) - Generate label [] []
[2022-03-04 17:31:00] Colissimo_1_4_1_Affranchissement.INFO: Order #115 (EMXOWQGIT) - Shipping type: HOME DELIVERY [] []
[2022-03-04 17:31:00] Colissimo_1_4_1_Affranchissement.INFO: Order #115 (EMXOWQGIT) - Request {"request":{"contractNumber":"*****","password":"*****","outputFormat":{"x":0,"y":0,"outputPrintingType":"PDF_A4_300dpi"},"letter":{"service":{"productCode":"DOS","depositDate":"2022-03-04","transportationAmount":500,"orderNumber":"EMXOWQGIT"},"parcel":{"weight":"0.3"},"sender":{"senderParcelRef":"EMXOWQGIT","address":{"companyName":"SAS French Filler","lastName":"LEVY","firstName":"LEVY","line0":"","line1":"","line2":"106 Avenue Kleber","line3":"PHARMACIE DU TROCADERO","countryCode":"FR","city":"PARIS","zipCode":"75116","phoneNumber":"+33622898454","email":"contact@frenchfiller.com"}},"addressee":{"addresseeParcelRef":"EMXOWQGIT","codeBarForReference":true,"address":{"companyName":"","lastName":"BENTASSIL","firstName":"SARA","line2":"11 AVENUE HOCHE","line3":"Appartement 1212","countryCode":"FR","city":"NANTERRE","zipCode":"92000","phoneNumber":"0665759990","mobileNumber":"","email":"sarabentassil@gmail.com"}}},"fields":{"customField":[{"key":"CUSER_INFO_TEXT","value":"PS1.7.7.3;1.4.1"},{"key":"EORI","value":""}]}}} []
[2022-03-04 17:31:00] Colissimo_1_4_1_Affranchissement.INFO: Order #115 (EMXOWQGIT) - Response {"response":{"messages":[{"id":"0","type":"INFOS","messageContent":"La requ\u00eate a \u00e9t\u00e9 trait\u00e9e avec succ\u00e8s","replacementValues":[]}],"labelXmlV2Reponse":null,"labelV2Response":{"parcelNumber":"6C15019186508","parcelNumberPartner":"0092000116C1501918650802250O","pdfUrl":null,"fields":null}}} []
[2022-03-04 17:31:01] Colissimo_1_4_1_Affranchissement.INFO: Send tracking mail for shipment 6C15019186508 [] []
[2022-03-07 18:09:04] Colissimo_1_4_1_HookNewOrder.INFO: Hook newOrder called [] []
[2022-03-07 18:09:04] Colissimo_1_4_1_HookNewOrder.INFO: Order #116 - Carrier details {"id_carrier":"110","id_reference":"95"} []
[2022-03-07 18:09:04] Colissimo_1_4_1_HookNewOrder.INFO: Order #116 - Order Carrier details [{"id_order_carrier":"116","id_order":"116","id_carrier":"110","id_order_invoice":"0","weight":"4.000000","shipping_cost_tax_excl":"90.000000","shipping_cost_tax_incl":"90.000000","tracking_number":"","date_add":"2022-03-07 18:09:03"}] []
[2022-03-07 18:09:04] Colissimo_1_4_1_HookNewOrder.INFO: Order #116 - Not a Colissimo Carrier. {"id":95} []
[2022-03-09 16:55:27] Colissimo_1_4_1_HookNewOrder.INFO: Hook newOrder called [] []
[2022-03-09 16:55:27] Colissimo_1_4_1_HookNewOrder.INFO: Order #117 - Carrier details {"id_carrier":"106","id_reference":"3"} []
[2022-03-09 16:55:27] Colissimo_1_4_1_HookNewOrder.INFO: Order #117 - Order Carrier details [{"id_order_carrier":"117","id_order":"117","id_carrier":"106","id_order_invoice":"0","weight":"0.200000","shipping_cost_tax_excl":"5.000000","shipping_cost_tax_incl":"5.000000","tracking_number":"","date_add":"2022-03-09 16:55:25"}] []
[2022-03-09 16:55:27] Colissimo_1_4_1_HookNewOrder.INFO: Order #117 - Carrier type : DOMICILE [] []
[2022-03-09 16:55:27] Colissimo_1_4_1_HookNewOrder.INFO: Order #117 - Colissimo Order created {"obj":{"id_colissimo_order":null,"id_order":117,"id_colissimo_service":5,"id_colissimo_pickup_point":0,"migration":0,"hidden":0,"id":"99","id_shop_list":[],"force_id":false}} []
[2022-03-09 16:55:38] Colissimo_1_4_1_HookNewOrder.INFO: Hook newOrder called [] []
[2022-03-09 16:55:38] Colissimo_1_4_1_HookNewOrder.INFO: Order #118 - Carrier details {"id_carrier":"106","id_reference":"3"} []
[2022-03-09 16:55:38] Colissimo_1_4_1_HookNewOrder.INFO: Order #118 - Order Carrier details [{"id_order_carrier":"118","id_order":"118","id_carrier":"106","id_order_invoice":"0","weight":"0.200000","shipping_cost_tax_excl":"5.000000","shipping_cost_tax_incl":"5.000000","tracking_number":"","date_add":"2022-03-09 16:55:38"}] []
[2022-03-09 16:55:38] Colissimo_1_4_1_HookNewOrder.INFO: Order #118 - Carrier type : DOMICILE [] []
[2022-03-09 16:55:38] Colissimo_1_4_1_HookNewOrder.INFO: Order #118 - Colissimo Order created {"obj":{"id_colissimo_order":null,"id_order":118,"id_colissimo_service":5,"id_colissimo_pickup_point":0,"migration":0,"hidden":0,"id":"100","id_shop_list":[],"force_id":false}} []
[2022-03-09 16:58:41] Colissimo_1_4_1_HookNewOrder.INFO: Hook newOrder called [] []
[2022-03-09 16:58:41] Colissimo_1_4_1_HookNewOrder.INFO: Order #119 - Carrier details {"id_carrier":"106","id_reference":"3"} []
[2022-03-09 16:58:41] Colissimo_1_4_1_HookNewOrder.INFO: Order #119 - Order Carrier details [{"id_order_carrier":"119","id_order":"119","id_carrier":"106","id_order_invoice":"0","weight":"0.200000","shipping_cost_tax_excl":"5.000000","shipping_cost_tax_incl":"5.000000","tracking_number":"","date_add":"2022-03-09 16:58:41"}] []
[2022-03-09 16:58:41] Colissimo_1_4_1_HookNewOrder.INFO: Order #119 - Carrier type : DOMICILE [] []
[2022-03-09 16:58:41] Colissimo_1_4_1_HookNewOrder.INFO: Order #119 - Colissimo Order created {"obj":{"id_colissimo_order":null,"id_order":119,"id_colissimo_service":5,"id_colissimo_pickup_point":0,"migration":0,"hidden":0,"id":"101","id_shop_list":[],"force_id":false}} []
[2022-03-09 17:01:43] Colissimo_1_4_1_HookNewOrder.INFO: Hook newOrder called [] []
[2022-03-09 17:01:43] Colissimo_1_4_1_HookNewOrder.INFO: Order #120 - Carrier details {"id_carrier":"106","id_reference":"3"} []
[2022-03-09 17:01:43] Colissimo_1_4_1_HookNewOrder.INFO: Order #120 - Order Carrier details [{"id_order_carrier":"120","id_order":"120","id_carrier":"106","id_order_invoice":"0","weight":"0.200000","shipping_cost_tax_excl":"5.000000","shipping_cost_tax_incl":"5.000000","tracking_number":"","date_add":"2022-03-09 17:01:41"}] []
[2022-03-09 17:01:43] Colissimo_1_4_1_HookNewOrder.INFO: Order #120 - Carrier type : DOMICILE [] []
[2022-03-09 17:01:43] Colissimo_1_4_1_HookNewOrder.INFO: Order #120 - Colissimo Order created {"obj":{"id_colissimo_order":null,"id_order":120,"id_colissimo_service":5,"id_colissimo_pickup_point":0,"migration":0,"hidden":0,"id":"102","id_shop_list":[],"force_id":false}} []
[2022-03-10 10:04:39] Colissimo_1_4_1_Affranchissement.INFO: Order #120 (USIGMSJVU) - Generate label [] []
[2022-03-10 10:04:39] Colissimo_1_4_1_Affranchissement.INFO: Order #120 (USIGMSJVU) - Shipping type: HOME DELIVERY [] []
[2022-03-10 10:04:39] Colissimo_1_4_1_Affranchissement.INFO: Order #120 (USIGMSJVU) - Request {"request":{"contractNumber":"*****","password":"*****","outputFormat":{"x":0,"y":0,"outputPrintingType":"PDF_A4_300dpi"},"letter":{"service":{"productCode":"DOS","depositDate":"2022-03-10","transportationAmount":500,"orderNumber":"USIGMSJVU"},"parcel":{"weight":"0.25"},"sender":{"senderParcelRef":"USIGMSJVU","address":{"companyName":"SAS French Filler","lastName":"LEVY","firstName":"LEVY","line0":"","line1":"","line2":"106 Avenue Kleber","line3":"PHARMACIE DU TROCADERO","countryCode":"FR","city":"PARIS","zipCode":"75116","phoneNumber":"+33622898454","email":"contact@frenchfiller.com"}},"addressee":{"addresseeParcelRef":"USIGMSJVU","codeBarForReference":true,"address":{"companyName":"","lastName":"Joffroy","firstName":"Apolline","line2":"43","line3":"Boulevard Du Levant","countryCode":"FR","city":"Bormes Les Mimosas","zipCode":"83230","phoneNumber":"0682573317","mobileNumber":"","email":"apolline.joffroy@wanadoo.fr"}}},"fields":{"customField":[{"key":"CUSER_INFO_TEXT","value":"PS1.7.7.3;1.4.1"},{"key":"EORI","value":""}]}}} []
[2022-03-10 10:04:39] Colissimo_1_4_1_Affranchissement.INFO: Order #120 (USIGMSJVU) - Response {"response":{"messages":[{"id":"0","type":"INFOS","messageContent":"La requ\u00eate a \u00e9t\u00e9 trait\u00e9e avec succ\u00e8s","replacementValues":[]}],"labelXmlV2Reponse":null,"labelV2Response":{"parcelNumber":"6C15043510379","parcelNumberPartner":"0083230116C1504351037802250L","pdfUrl":null,"fields":null}}} []
[2022-03-10 10:04:40] Colissimo_1_4_1_Affranchissement.INFO: Send tracking mail for shipment 6C15043510379 [] []
[2022-03-10 10:04:40] Colissimo_1_4_1_Affranchissement.INFO: Order #118 (IBFUPKXSF) - Generate label [] []
[2022-03-10 10:04:40] Colissimo_1_4_1_Affranchissement.INFO: Order #118 (IBFUPKXSF) - Shipping type: HOME DELIVERY [] []
[2022-03-10 10:04:40] Colissimo_1_4_1_Affranchissement.INFO: Order #118 (IBFUPKXSF) - Request {"request":{"contractNumber":"*****","password":"*****","outputFormat":{"x":0,"y":0,"outputPrintingType":"PDF_A4_300dpi"},"letter":{"service":{"productCode":"DOS","depositDate":"2022-03-10","transportationAmount":500,"orderNumber":"IBFUPKXSF"},"parcel":{"weight":"0.2"},"sender":{"senderParcelRef":"IBFUPKXSF","address":{"companyName":"SAS French Filler","lastName":"LEVY","firstName":"LEVY","line0":"","line1":"","line2":"106 Avenue Kleber","line3":"PHARMACIE DU TROCADERO","countryCode":"FR","city":"PARIS","zipCode":"75116","phoneNumber":"+33622898454","email":"contact@frenchfiller.com"}},"addressee":{"addresseeParcelRef":"IBFUPKXSF","codeBarForReference":true,"address":{"companyName":"","lastName":"Pekoz","firstName":"Alev","line2":"14 Rue Jacques","line3":"","countryCode":"FR","city":"Quincy-sous-s\u00e9nart","zipCode":"91480","phoneNumber":"+33 7 68 74 05 86","mobileNumber":"","email":"pekoz-alev@hotmail.fr"}}},"fields":{"customField":[{"key":"CUSER_INFO_TEXT","value":"PS1.7.7.3;1.4.1"},{"key":"EORI","value":""}]}}} []
[2022-03-10 10:04:41] Colissimo_1_4_1_Affranchissement.INFO: Order #118 (IBFUPKXSF) - Response {"response":{"messages":[{"id":"0","type":"INFOS","messageContent":"La requ\u00eate a \u00e9t\u00e9 trait\u00e9e avec succ\u00e8s","replacementValues":[]}],"labelXmlV2Reponse":null,"labelV2Response":{"parcelNumber":"6C15044389011","parcelNumberPartner":"0091480116C1504438901802250B","pdfUrl":null,"fields":null}}} []
[2022-03-10 10:04:41] Colissimo_1_4_1_Affranchissement.INFO: Send tracking mail for shipment 6C15044389011 [] []
[2022-03-15 07:44:39] Colissimo_1_4_1_HookNewOrder.INFO: Hook newOrder called [] []
[2022-03-15 07:44:39] Colissimo_1_4_1_HookNewOrder.INFO: Order #121 - Carrier details {"id_carrier":"105","id_reference":"104"} []
[2022-03-15 07:44:39] Colissimo_1_4_1_HookNewOrder.INFO: Order #121 - Order Carrier details [{"id_order_carrier":"121","id_order":"121","id_carrier":"105","id_order_invoice":"0","weight":"0.100000","shipping_cost_tax_excl":"4.000000","shipping_cost_tax_incl":"4.000000","tracking_number":"","date_add":"2022-03-15 07:44:39"}] []
[2022-03-15 07:44:39] Colissimo_1_4_1_HookNewOrder.INFO: Order #121 - Carrier type : RELAIS [] []
[2022-03-15 07:44:39] Colissimo_1_4_1_HookNewOrder.INFO: Order #121 - Colissimo Order created {"obj":{"id_colissimo_order":null,"id_order":121,"id_colissimo_service":11,"id_colissimo_pickup_point":42,"migration":0,"hidden":0,"id":"103","id_shop_list":[],"force_id":false}} []
[2022-03-15 10:43:55] Colissimo_1_4_1_Affranchissement.INFO: Order #121 (IUXAZZUIS) - Generate label [] []
[2022-03-15 10:43:55] Colissimo_1_4_1_Affranchissement.INFO: Order #121 (IUXAZZUIS) - Shipping type: PICKUP POINT DELIVERY [] []
[2022-03-15 10:43:55] Colissimo_1_4_1_Affranchissement.INFO: Order #121 (IUXAZZUIS) - Pickup point ID #901470 [] []
[2022-03-15 10:43:55] Colissimo_1_4_1_Affranchissement.INFO: Order #121 (IUXAZZUIS) - Request {"request":{"contractNumber":"*****","password":"*****","outputFormat":{"x":0,"y":0,"outputPrintingType":"PDF_A4_300dpi"},"letter":{"service":{"productCode":"A2P","depositDate":"2022-03-15","transportationAmount":400,"orderNumber":"IUXAZZUIS","commercialName":"SAS French Filler"},"parcel":{"weight":"0.1","pickupLocationId":"901470"},"sender":{"senderParcelRef":"IUXAZZUIS","address":{"companyName":"SAS French Filler","lastName":"LEVY","firstName":"LEVY","line0":"","line1":"","line2":"106 Avenue Kleber","line3":"PHARMACIE DU TROCADERO","countryCode":"FR","city":"PARIS","zipCode":"75116","phoneNumber":"+33622898454","email":"contact@frenchfiller.com"}},"addressee":{"addresseeParcelRef":"IUXAZZUIS","codeBarForReference":true,"address":{"companyName":"","lastName":"Klauss","firstName":"Margot","line2":"15 rue de Sur\u00e8ne ","line3":"","countryCode":"FR","city":"Paris","zipCode":"75008","phoneNumber":"06 80 91 09 50","mobileNumber":"+33680910950","email":"k-margot@hotmail.fr"}}},"fields":{"customField":[{"key":"CUSER_INFO_TEXT","value":"PS1.7.7.3;1.4.1"},{"key":"EORI","value":""}]}}} []
[2022-03-15 10:43:55] Colissimo_1_4_1_Affranchissement.INFO: Order #121 (IUXAZZUIS) - Response {"response":{"messages":[{"id":"0","type":"INFOS","messageContent":"La requ\u00eate a \u00e9t\u00e9 trait\u00e9e avec succ\u00e8s","replacementValues":[]}],"labelXmlV2Reponse":null,"labelV2Response":{"parcelNumber":"6M18212009094","parcelNumberPartner":null,"pdfUrl":null,"fields":null}}} []
[2022-03-15 10:43:56] Colissimo_1_4_1_Affranchissement.INFO: Send tracking mail for shipment 6M18212009094 [] []
[2022-03-15 14:57:19] Colissimo_1_4_1_Dashboard.INFO: Update tracking up to 15 days ago. [] []
[2022-03-15 14:57:19] Colissimo_1_4_1_Dashboard.INFO: Update tracking up to 15 days ago. [] []
[2022-03-15 14:57:19] Colissimo_1_4_1_Dashboard.INFO: Labels to update (5) ["80","81","83","82","84"] []
[2022-03-15 14:57:19] Colissimo_1_4_1_Dashboard.INFO: Update label #80 (1/5) [] []
[2022-03-15 14:57:19] Colissimo_1_4_1_Dashboard.INFO: Log XML request {"xml":[{"accountNumber":"****","password":"****","skybillNumber":"6M18194875458"}]} []
[2022-03-15 14:57:20] Colissimo_1_4_1_Dashboard.INFO: Update tracking. [] []
[2022-03-15 14:57:20] Colissimo_1_4_1_Dashboard.INFO: Update order status to "Delivered" [] []
[2022-03-15 14:57:20] Colissimo_1_4_1_Dashboard.INFO: Update label #81 (2/5) [] []
[2022-03-15 14:57:20] Colissimo_1_4_1_Dashboard.INFO: Log XML request {"xml":[{"accountNumber":"****","password":"****","skybillNumber":"6C15019186508"}]} []
[2022-03-15 14:57:21] Colissimo_1_4_1_Dashboard.INFO: Update tracking. [] []
[2022-03-15 14:57:21] Colissimo_1_4_1_Dashboard.INFO: Update order status to "Delivered" [] []
[2022-03-15 14:57:22] Colissimo_1_4_1_Dashboard.INFO: Update label #83 (3/5) [] []
[2022-03-15 14:57:22] Colissimo_1_4_1_Dashboard.INFO: Log XML request {"xml":[{"accountNumber":"****","password":"****","skybillNumber":"6C15044389011"}]} []
[2022-03-15 14:57:22] Colissimo_1_4_1_Dashboard.INFO: Update tracking. [] []
[2022-03-15 14:57:22] Colissimo_1_4_1_Dashboard.INFO: Update order status to "Delivered" [] []
[2022-03-15 14:57:22] Colissimo_1_4_1_Dashboard.INFO: Update label #82 (4/5) [] []
[2022-03-15 14:57:22] Colissimo_1_4_1_Dashboard.INFO: Log XML request {"xml":[{"accountNumber":"****","password":"****","skybillNumber":"6C15043510379"}]} []
[2022-03-15 14:57:22] Colissimo_1_4_1_Dashboard.INFO: Update tracking. [] []
[2022-03-15 14:57:22] Colissimo_1_4_1_Dashboard.INFO: Update order status to "Delivered" [] []
[2022-03-15 14:57:22] Colissimo_1_4_1_Dashboard.INFO: Update label #84 (5/5) [] []
[2022-03-15 14:57:22] Colissimo_1_4_1_Dashboard.INFO: Log XML request {"xml":[{"accountNumber":"****","password":"****","skybillNumber":"6M18212009094"}]} []
[2022-03-15 14:57:23] Colissimo_1_4_1_Dashboard.ERROR: Error found: (105) Numéro de colis inconnu [] []
[2022-03-15 14:57:23] Colissimo_1_4_1_Dashboard.ERROR: Etiquette N°6M18212009094<br />Numéro de colis inconnu [] []
[2022-03-18 06:18:04] Colissimo_1_4_1_HookNewOrder.INFO: Hook newOrder called [] []
[2022-03-18 06:18:04] Colissimo_1_4_1_HookNewOrder.INFO: Order #122 - Carrier details {"id_carrier":"110","id_reference":"95"} []
[2022-03-18 06:18:04] Colissimo_1_4_1_HookNewOrder.INFO: Order #122 - Order Carrier details [{"id_order_carrier":"122","id_order":"122","id_carrier":"110","id_order_invoice":"0","weight":"0.200000","shipping_cost_tax_excl":"10.900000","shipping_cost_tax_incl":"10.900000","tracking_number":"","date_add":"2022-03-18 06:18:04"}] []
[2022-03-18 06:18:04] Colissimo_1_4_1_HookNewOrder.INFO: Order #122 - Not a Colissimo Carrier. {"id":95} []
[2022-03-27 21:12:46] Colissimo_1_4_1_HookNewOrder.INFO: Hook newOrder called [] []
[2022-03-27 21:12:46] Colissimo_1_4_1_HookNewOrder.INFO: Order #123 - Carrier details {"id_carrier":"105","id_reference":"104"} []
[2022-03-27 21:12:46] Colissimo_1_4_1_HookNewOrder.INFO: Order #123 - Order Carrier details [{"id_order_carrier":"123","id_order":"123","id_carrier":"105","id_order_invoice":"0","weight":"0.000000","shipping_cost_tax_excl":"4.000000","shipping_cost_tax_incl":"4.000000","tracking_number":"","date_add":"2022-03-27 21:12:46"}] []
[2022-03-27 21:12:46] Colissimo_1_4_1_HookNewOrder.INFO: Order #123 - Carrier type : RELAIS [] []
[2022-03-27 21:12:46] Colissimo_1_4_1_HookNewOrder.INFO: Order #123 - Colissimo Order created {"obj":{"id_colissimo_order":null,"id_order":123,"id_colissimo_service":11,"id_colissimo_pickup_point":43,"migration":0,"hidden":0,"id":"104","id_shop_list":[],"force_id":false}} []
[2022-03-28 09:35:48] Colissimo_1_4_1_Affranchissement.INFO: Order #123 (YXNHCJOMB) - Generate label [] []
[2022-03-28 09:35:48] Colissimo_1_4_1_Affranchissement.INFO: Order #123 (YXNHCJOMB) - Shipping type: PICKUP POINT DELIVERY [] []
[2022-03-28 09:35:48] Colissimo_1_4_1_Affranchissement.INFO: Order #123 (YXNHCJOMB) - Pickup point ID #997338 [] []
[2022-03-28 09:35:48] Colissimo_1_4_1_Affranchissement.INFO: Order #123 (YXNHCJOMB) - Request {"request":{"contractNumber":"*****","password":"*****","outputFormat":{"x":0,"y":0,"outputPrintingType":"PDF_A4_300dpi"},"letter":{"service":{"productCode":"A2P","depositDate":"2022-03-28","transportationAmount":400,"orderNumber":"YXNHCJOMB","commercialName":"SAS French Filler"},"parcel":{"weight":"0.05","pickupLocationId":"997338"},"sender":{"senderParcelRef":"YXNHCJOMB","address":{"companyName":"SAS French Filler","lastName":"LEVY","firstName":"LEVY","line0":"","line1":"","line2":"106 Avenue Kleber","line3":"PHARMACIE DU TROCADERO","countryCode":"FR","city":"PARIS","zipCode":"75116","phoneNumber":"+33622898454","email":"contact@frenchfiller.com"}},"addressee":{"addresseeParcelRef":"YXNHCJOMB","codeBarForReference":true,"address":{"companyName":"","lastName":"Fleury-Debarge","firstName":"sandrine","line2":"28 rue des lilas","line3":"","countryCode":"FR","city":"LAGRAVE","zipCode":"81150","phoneNumber":"","mobileNumber":"+33672983417","email":"sandrine.prof@hotmail.fr"}}},"fields":{"customField":[{"key":"CUSER_INFO_TEXT","value":"PS1.7.7.3;1.4.1"},{"key":"EORI","value":""}]}}} []
[2022-03-28 09:35:48] Colissimo_1_4_1_Affranchissement.INFO: Order #123 (YXNHCJOMB) - Response {"response":{"messages":[{"id":"0","type":"INFOS","messageContent":"La requ\u00eate a \u00e9t\u00e9 trait\u00e9e avec succ\u00e8s","replacementValues":[]}],"labelXmlV2Reponse":null,"labelV2Response":{"parcelNumber":"6M18223124687","parcelNumberPartner":null,"pdfUrl":null,"fields":null}}} []
[2022-03-28 09:35:49] Colissimo_1_4_1_Affranchissement.INFO: Send tracking mail for shipment 6M18223124687 [] []
[2022-03-31 20:37:59] Colissimo_1_4_1_HookNewOrder.INFO: Hook newOrder called [] []
[2022-03-31 20:37:59] Colissimo_1_4_1_HookNewOrder.INFO: Order #124 - Carrier details {"id_carrier":"18","id_reference":"18"} []
[2022-03-31 20:37:59] Colissimo_1_4_1_HookNewOrder.INFO: Order #124 - Order Carrier details [{"id_order_carrier":"124","id_order":"124","id_carrier":"18","id_order_invoice":"0","weight":"0.300000","shipping_cost_tax_excl":"0.000000","shipping_cost_tax_incl":"0.000000","tracking_number":"","date_add":"2022-03-31 20:37:59"}] []
[2022-03-31 20:37:59] Colissimo_1_4_1_HookNewOrder.INFO: Order #124 - Not a Colissimo Carrier. {"id":18} []
