[2022-04-01 13:31:00] Colissimo_1_4_1_HookNewOrder.INFO: Hook newOrder called [] []
[2022-04-01 13:31:00] Colissimo_1_4_1_HookNewOrder.INFO: Order #125 - Carrier details {"id_carrier":"106","id_reference":"3"} []
[2022-04-01 13:31:00] Colissimo_1_4_1_HookNewOrder.INFO: Order #125 - Order Carrier details [{"id_order_carrier":"125","id_order":"125","id_carrier":"106","id_order_invoice":"0","weight":"0.200000","shipping_cost_tax_excl":"5.000000","shipping_cost_tax_incl":"5.000000","tracking_number":"","date_add":"2022-04-01 13:30:59"}] []
[2022-04-01 13:31:00] Colissimo_1_4_1_HookNewOrder.INFO: Order #125 - Carrier type : DOMICILE [] []
[2022-04-01 13:31:00] Colissimo_1_4_1_HookNewOrder.INFO: Order #125 - Colissimo Order created {"obj":{"id_colissimo_order":null,"id_order":125,"id_colissimo_service":5,"id_colissimo_pickup_point":0,"migration":0,"hidden":0,"id":"105","id_shop_list":[],"force_id":false}} []
[2022-04-01 13:56:41] Colissimo_1_4_1_Affranchissement.INFO: Order #125 (XRFVLDYHJ) - Generate label [] []
[2022-04-01 13:56:41] Colissimo_1_4_1_Affranchissement.INFO: Order #125 (XRFVLDYHJ) - Shipping type: HOME DELIVERY [] []
[2022-04-01 13:56:41] Colissimo_1_4_1_Affranchissement.INFO: Order #125 (XRFVLDYHJ) - Request {"request":{"contractNumber":"*****","password":"*****","outputFormat":{"x":0,"y":0,"outputPrintingType":"PDF_A4_300dpi"},"letter":{"service":{"productCode":"DOS","depositDate":"2022-04-01","transportationAmount":500,"orderNumber":"XRFVLDYHJ"},"parcel":{"weight":"0.2"},"sender":{"senderParcelRef":"XRFVLDYHJ","address":{"companyName":"SAS French Filler","lastName":"LEVY","firstName":"LEVY","line0":"","line1":"","line2":"106 Avenue Kleber","line3":"PHARMACIE DU TROCADERO","countryCode":"FR","city":"PARIS","zipCode":"75116","phoneNumber":"+33622898454","email":"contact@frenchfiller.com"}},"addressee":{"addresseeParcelRef":"XRFVLDYHJ","codeBarForReference":true,"address":{"companyName":"","lastName":"Pekoz","firstName":"Cecile","line2":"2 place de la goelette","line3":"Code porte A380","countryCode":"FR","city":"Chennevieres sur marne","zipCode":"94430","phoneNumber":"0658190632","mobileNumber":"","email":"cecile.pekoz@hotmail.com"}}},"fields":{"customField":[{"key":"CUSER_INFO_TEXT","value":"PS1.7.7.3;1.4.1"},{"key":"EORI","value":""}]}}} []
[2022-04-01 13:56:42] Colissimo_1_4_1_Affranchissement.INFO: Order #125 (XRFVLDYHJ) - Response {"response":{"messages":[{"id":"0","type":"INFOS","messageContent":"La requ\u00eate a \u00e9t\u00e9 trait\u00e9e avec succ\u00e8s","replacementValues":[]}],"labelXmlV2Reponse":null,"labelV2Response":{"parcelNumber":"6C15076071434","parcelNumberPartner":"0094430116C15076071438022504","pdfUrl":null,"fields":null}}} []
[2022-04-01 13:56:43] Colissimo_1_4_1_Affranchissement.INFO: Send tracking mail for shipment 6C15076071434 [] []
[2022-04-02 17:34:58] Colissimo_1_4_1_HookNewOrder.INFO: Hook newOrder called [] []
[2022-04-02 17:34:58] Colissimo_1_4_1_HookNewOrder.INFO: Order #126 - Carrier details {"id_carrier":"105","id_reference":"104"} []
[2022-04-02 17:34:58] Colissimo_1_4_1_HookNewOrder.INFO: Order #126 - Order Carrier details [{"id_order_carrier":"126","id_order":"126","id_carrier":"105","id_order_invoice":"0","weight":"0.150000","shipping_cost_tax_excl":"4.000000","shipping_cost_tax_incl":"4.000000","tracking_number":"","date_add":"2022-04-02 17:34:57"}] []
[2022-04-02 17:34:58] Colissimo_1_4_1_HookNewOrder.INFO: Order #126 - Carrier type : RELAIS [] []
[2022-04-02 17:34:58] Colissimo_1_4_1_HookNewOrder.INFO: Order #126 - Colissimo Order created {"obj":{"id_colissimo_order":null,"id_order":126,"id_colissimo_service":11,"id_colissimo_pickup_point":44,"migration":0,"hidden":0,"id":"106","id_shop_list":[],"force_id":false}} []
[2022-04-04 09:12:29] Colissimo_1_4_1_Affranchissement.INFO: Order #126 (PFVYYJUBX) - Generate label [] []
[2022-04-04 09:12:29] Colissimo_1_4_1_Affranchissement.INFO: Order #126 (PFVYYJUBX) - Shipping type: PICKUP POINT DELIVERY [] []
[2022-04-04 09:12:29] Colissimo_1_4_1_Affranchissement.INFO: Order #126 (PFVYYJUBX) - Pickup point ID #904648 [] []
[2022-04-04 09:12:29] Colissimo_1_4_1_Affranchissement.INFO: Order #126 (PFVYYJUBX) - Request {"request":{"contractNumber":"*****","password":"*****","outputFormat":{"x":0,"y":0,"outputPrintingType":"PDF_A4_300dpi"},"letter":{"service":{"productCode":"A2P","depositDate":"2022-04-04","transportationAmount":400,"orderNumber":"PFVYYJUBX","commercialName":"SAS French Filler"},"parcel":{"weight":"0.15","pickupLocationId":"904648"},"sender":{"senderParcelRef":"PFVYYJUBX","address":{"companyName":"SAS French Filler","lastName":"LEVY","firstName":"LEVY","line0":"","line1":"","line2":"106 Avenue Kleber","line3":"PHARMACIE DU TROCADERO","countryCode":"FR","city":"PARIS","zipCode":"75116","phoneNumber":"+33622898454","email":"contact@frenchfiller.com"}},"addressee":{"addresseeParcelRef":"PFVYYJUBX","codeBarForReference":true,"address":{"companyName":"snc jubamanama","lastName":"fiault","firstName":"valerie","line2":"19 place de l'eglise","line3":"","countryCode":"FR","city":"Perros-Guirec","zipCode":"22700","phoneNumber":"0601728736","mobileNumber":"+33601728736","email":"fiault2000@yahoo.fr"}}},"fields":{"customField":[{"key":"CUSER_INFO_TEXT","value":"PS1.7.7.3;1.4.1"},{"key":"EORI","value":""}]}}} []
[2022-04-04 09:12:30] Colissimo_1_4_1_Affranchissement.INFO: Order #126 (PFVYYJUBX) - Response {"response":{"messages":[{"id":"0","type":"INFOS","messageContent":"La requ\u00eate a \u00e9t\u00e9 trait\u00e9e avec succ\u00e8s","replacementValues":[]}],"labelXmlV2Reponse":null,"labelV2Response":{"parcelNumber":"6M18233068001","parcelNumberPartner":null,"pdfUrl":null,"fields":null}}} []
[2022-04-04 09:12:30] Colissimo_1_4_1_Affranchissement.INFO: Send tracking mail for shipment 6M18233068001 [] []
[2022-04-04 10:19:58] Colissimo_1_4_1_HookNewOrder.INFO: Hook newOrder called [] []
[2022-04-04 10:19:58] Colissimo_1_4_1_HookNewOrder.INFO: Order #127 - Carrier details {"id_carrier":"110","id_reference":"95"} []
[2022-04-04 10:19:58] Colissimo_1_4_1_HookNewOrder.INFO: Order #127 - Order Carrier details [{"id_order_carrier":"127","id_order":"127","id_carrier":"110","id_order_invoice":"0","weight":"0.150000","shipping_cost_tax_excl":"10.900000","shipping_cost_tax_incl":"10.900000","tracking_number":"","date_add":"2022-04-04 10:19:58"}] []
[2022-04-04 10:19:58] Colissimo_1_4_1_HookNewOrder.INFO: Order #127 - Not a Colissimo Carrier. {"id":95} []
