[2022-02-01 11:13:18] Colissimo_1_4_1_HookNewOrder.INFO: Hook newOrder called [] []
[2022-02-01 11:13:18] Colissimo_1_4_1_HookNewOrder.INFO: Order #104 - Carrier details {"id_carrier":"105","id_reference":"104"} []
[2022-02-01 11:13:18] Colissimo_1_4_1_HookNewOrder.INFO: Order #104 - Order Carrier details [{"id_order_carrier":"104","id_order":"104","id_carrier":"105","id_order_invoice":"0","weight":"0.100000","shipping_cost_tax_excl":"4.000000","shipping_cost_tax_incl":"4.000000","tracking_number":"","date_add":"2022-02-01 11:13:18"}] []
[2022-02-01 11:13:18] Colissimo_1_4_1_HookNewOrder.INFO: Order #104 - Carrier type : RELAIS [] []
[2022-02-01 11:13:18] Colissimo_1_4_1_HookNewOrder.INFO: Order #104 - Colissimo Order created {"obj":{"id_colissimo_order":null,"id_order":104,"id_colissimo_service":11,"id_colissimo_pickup_point":38,"migration":0,"hidden":0,"id":"88","id_shop_list":[],"force_id":false}} []
[2022-02-02 19:29:39] Colissimo_1_4_1_HookNewOrder.INFO: Hook newOrder called [] []
[2022-02-02 19:29:39] Colissimo_1_4_1_HookNewOrder.INFO: Order #105 - Carrier details {"id_carrier":"106","id_reference":"3"} []
[2022-02-02 19:29:39] Colissimo_1_4_1_HookNewOrder.INFO: Order #105 - Order Carrier details [{"id_order_carrier":"105","id_order":"105","id_carrier":"106","id_order_invoice":"0","weight":"0.250000","shipping_cost_tax_excl":"5.000000","shipping_cost_tax_incl":"5.000000","tracking_number":"","date_add":"2022-02-02 19:29:38"}] []
[2022-02-02 19:29:39] Colissimo_1_4_1_HookNewOrder.INFO: Order #105 - Carrier type : DOMICILE [] []
[2022-02-02 19:29:39] Colissimo_1_4_1_HookNewOrder.INFO: Order #105 - Colissimo Order created {"obj":{"id_colissimo_order":null,"id_order":105,"id_colissimo_service":5,"id_colissimo_pickup_point":0,"migration":0,"hidden":0,"id":"89","id_shop_list":[],"force_id":false}} []
[2022-02-03 12:47:16] Colissimo_1_4_1_Affranchissement.INFO: Order #105 (NIQKUETMG) - Generate label [] []
[2022-02-03 12:47:16] Colissimo_1_4_1_Affranchissement.INFO: Order #105 (NIQKUETMG) - Shipping type: HOME DELIVERY [] []
[2022-02-03 12:47:16] Colissimo_1_4_1_Affranchissement.INFO: Order #105 (NIQKUETMG) - Request {"request":{"contractNumber":"*****","password":"*****","outputFormat":{"x":0,"y":0,"outputPrintingType":"PDF_A4_300dpi"},"letter":{"service":{"productCode":"DOS","depositDate":"2022-02-03","transportationAmount":500,"orderNumber":"NIQKUETMG"},"parcel":{"weight":"0.3"},"sender":{"senderParcelRef":"NIQKUETMG","address":{"companyName":"SAS French Filler","lastName":"LEVY","firstName":"LEVY","line0":"","line1":"","line2":"106 Avenue Kleber","line3":"PHARMACIE DU TROCADERO","countryCode":"FR","city":"PARIS","zipCode":"75116","phoneNumber":"+33622898454","email":"contact@frenchfiller.com"}},"addressee":{"addresseeParcelRef":"NIQKUETMG","codeBarForReference":true,"address":{"companyName":"","lastName":"Lamy","firstName":"Cecile","line2":"59 Grand Rue","line3":"","countryCode":"FR","city":"Oderen","zipCode":"68830","phoneNumber":"06 46 65 55 06","mobileNumber":"","email":"cecilesacha@gmail.com"}}},"fields":{"customField":[{"key":"CUSER_INFO_TEXT","value":"PS1.7.7.3;1.4.1"},{"key":"EORI","value":""}]}}} []
[2022-02-03 12:47:17] Colissimo_1_4_1_Affranchissement.INFO: Order #105 (NIQKUETMG) - Response {"response":{"messages":[{"id":"0","type":"INFOS","messageContent":"La requ\u00eate a \u00e9t\u00e9 trait\u00e9e avec succ\u00e8s","replacementValues":[]}],"labelXmlV2Reponse":null,"labelV2Response":{"parcelNumber":"6C15018257322","parcelNumberPartner":"0068830116C15018257328022500","pdfUrl":null,"fields":null}}} []
[2022-02-03 12:47:19] Colissimo_1_4_1_Affranchissement.INFO: Send tracking mail for shipment 6C15018257322 [] []
[2022-02-06 18:25:08] Colissimo_1_4_1_HookNewOrder.INFO: Hook newOrder called [] []
[2022-02-06 18:25:08] Colissimo_1_4_1_HookNewOrder.INFO: Order #106 - Carrier details {"id_carrier":"106","id_reference":"3"} []
[2022-02-06 18:25:08] Colissimo_1_4_1_HookNewOrder.INFO: Order #106 - Order Carrier details [{"id_order_carrier":"106","id_order":"106","id_carrier":"106","id_order_invoice":"0","weight":"0.300000","shipping_cost_tax_excl":"5.000000","shipping_cost_tax_incl":"5.000000","tracking_number":"","date_add":"2022-02-06 18:25:08"}] []
[2022-02-06 18:25:08] Colissimo_1_4_1_HookNewOrder.INFO: Order #106 - Carrier type : DOMICILE [] []
[2022-02-06 18:25:08] Colissimo_1_4_1_HookNewOrder.INFO: Order #106 - Colissimo Order created {"obj":{"id_colissimo_order":null,"id_order":106,"id_colissimo_service":5,"id_colissimo_pickup_point":0,"migration":0,"hidden":0,"id":"90","id_shop_list":[],"force_id":false}} []
[2022-02-07 11:02:16] Colissimo_1_4_1_Affranchissement.INFO: Order #106 (ZPSIHTPCK) - Generate label [] []
[2022-02-07 11:02:16] Colissimo_1_4_1_Affranchissement.INFO: Order #106 (ZPSIHTPCK) - Shipping type: HOME DELIVERY [] []
[2022-02-07 11:02:16] Colissimo_1_4_1_Affranchissement.INFO: Order #106 (ZPSIHTPCK) - Request {"request":{"contractNumber":"*****","password":"*****","outputFormat":{"x":0,"y":0,"outputPrintingType":"PDF_A4_300dpi"},"letter":{"service":{"productCode":"DOS","depositDate":"2022-02-07","transportationAmount":500,"orderNumber":"ZPSIHTPCK"},"parcel":{"weight":"0.4"},"sender":{"senderParcelRef":"ZPSIHTPCK","address":{"companyName":"SAS French Filler","lastName":"LEVY","firstName":"LEVY","line0":"","line1":"","line2":"106 Avenue Kleber","line3":"PHARMACIE DU TROCADERO","countryCode":"FR","city":"PARIS","zipCode":"75116","phoneNumber":"+33622898454","email":"contact@frenchfiller.com"}},"addressee":{"addresseeParcelRef":"ZPSIHTPCK","codeBarForReference":true,"address":{"companyName":"","lastName":"Fhima ","firstName":"Audrey ","line2":"12 rue Greffulhe ","line3":"","countryCode":"FR","city":"Levallois perret ","zipCode":"92300","phoneNumber":"0651526730","mobileNumber":"","email":"alloulaudrey@hotmail.com"}}},"fields":{"customField":[{"key":"CUSER_INFO_TEXT","value":"PS1.7.7.3;1.4.1"},{"key":"EORI","value":""}]}}} []
[2022-02-07 11:02:17] Colissimo_1_4_1_Affranchissement.INFO: Order #106 (ZPSIHTPCK) - Response {"response":{"messages":[{"id":"0","type":"INFOS","messageContent":"La requ\u00eate a \u00e9t\u00e9 trait\u00e9e avec succ\u00e8s","replacementValues":[]}],"labelXmlV2Reponse":null,"labelV2Response":{"parcelNumber":"6C15012189391","parcelNumberPartner":"0092300116C1501218939802250B","pdfUrl":null,"fields":null}}} []
[2022-02-07 11:02:18] Colissimo_1_4_1_Affranchissement.INFO: Send tracking mail for shipment 6C15012189391 [] []
[2022-02-09 15:43:50] Colissimo_1_4_1_HookNewOrder.INFO: Hook newOrder called [] []
[2022-02-09 15:43:50] Colissimo_1_4_1_HookNewOrder.INFO: Order #107 - Carrier details {"id_carrier":"106","id_reference":"3"} []
[2022-02-09 15:43:50] Colissimo_1_4_1_HookNewOrder.INFO: Order #107 - Order Carrier details [{"id_order_carrier":"107","id_order":"107","id_carrier":"106","id_order_invoice":"0","weight":"0.650000","shipping_cost_tax_excl":"5.000000","shipping_cost_tax_incl":"5.000000","tracking_number":"","date_add":"2022-02-09 15:43:50"}] []
[2022-02-09 15:43:50] Colissimo_1_4_1_HookNewOrder.INFO: Order #107 - Carrier type : DOMICILE [] []
[2022-02-09 15:43:51] Colissimo_1_4_1_HookNewOrder.INFO: Order #107 - Colissimo Order created {"obj":{"id_colissimo_order":null,"id_order":107,"id_colissimo_service":5,"id_colissimo_pickup_point":0,"migration":0,"hidden":0,"id":"91","id_shop_list":[],"force_id":false}} []
[2022-02-09 15:48:18] Colissimo_1_4_1_Affranchissement.INFO: Order #107 (QPXWTCVBW) - Generate label [] []
[2022-02-09 15:48:18] Colissimo_1_4_1_Affranchissement.INFO: Order #107 (QPXWTCVBW) - Shipping type: HOME DELIVERY [] []
[2022-02-09 15:48:18] Colissimo_1_4_1_Affranchissement.INFO: Order #107 (QPXWTCVBW) - Request {"request":{"contractNumber":"*****","password":"*****","outputFormat":{"x":0,"y":0,"outputPrintingType":"PDF_A4_300dpi"},"letter":{"service":{"productCode":"DOS","depositDate":"2022-02-09","transportationAmount":500,"orderNumber":"QPXWTCVBW"},"parcel":{"weight":"0.65"},"sender":{"senderParcelRef":"QPXWTCVBW","address":{"companyName":"SAS French Filler","lastName":"LEVY","firstName":"LEVY","line0":"","line1":"","line2":"106 Avenue Kleber","line3":"PHARMACIE DU TROCADERO","countryCode":"FR","city":"PARIS","zipCode":"75116","phoneNumber":"+33622898454","email":"contact@frenchfiller.com"}},"addressee":{"addresseeParcelRef":"QPXWTCVBW","codeBarForReference":true,"address":{"companyName":"","lastName":"Prat","firstName":"Vincent","line2":"12 bis rue du sanglier","line3":"","countryCode":"FR","city":"Th\u00e9oule-sur-Mer","zipCode":"06590","phoneNumber":"0682268234","mobileNumber":"","email":"Pratvincent@yahoo.fr"}}},"fields":{"customField":[{"key":"CUSER_INFO_TEXT","value":"PS1.7.7.3;1.4.1"},{"key":"EORI","value":""}]}}} []
[2022-02-09 15:48:18] Colissimo_1_4_1_Affranchissement.INFO: Order #107 (QPXWTCVBW) - Response {"response":{"messages":[{"id":"0","type":"INFOS","messageContent":"La requ\u00eate a \u00e9t\u00e9 trait\u00e9e avec succ\u00e8s","replacementValues":[]}],"labelXmlV2Reponse":null,"labelV2Response":{"parcelNumber":"6C15014636442","parcelNumberPartner":"0006590116C1501463644802250D","pdfUrl":null,"fields":null}}} []
[2022-02-09 15:48:19] Colissimo_1_4_1_Affranchissement.INFO: Send tracking mail for shipment 6C15014636442 [] []
[2022-02-09 20:02:24] Colissimo_1_4_1_HookNewOrder.INFO: Hook newOrder called [] []
[2022-02-09 20:02:24] Colissimo_1_4_1_HookNewOrder.INFO: Order #108 - Carrier details {"id_carrier":"105","id_reference":"104"} []
[2022-02-09 20:02:24] Colissimo_1_4_1_HookNewOrder.INFO: Order #108 - Order Carrier details [{"id_order_carrier":"108","id_order":"108","id_carrier":"105","id_order_invoice":"0","weight":"1.100000","shipping_cost_tax_excl":"4.000000","shipping_cost_tax_incl":"4.000000","tracking_number":"","date_add":"2022-02-09 20:02:24"}] []
[2022-02-09 20:02:24] Colissimo_1_4_1_HookNewOrder.INFO: Order #108 - Carrier type : RELAIS [] []
[2022-02-09 20:02:24] Colissimo_1_4_1_HookNewOrder.INFO: Order #108 - Colissimo Order created {"obj":{"id_colissimo_order":null,"id_order":108,"id_colissimo_service":11,"id_colissimo_pickup_point":39,"migration":0,"hidden":0,"id":"92","id_shop_list":[],"force_id":false}} []
[2022-02-10 12:01:30] Colissimo_1_4_1_HookNewOrder.INFO: Hook newOrder called [] []
[2022-02-10 12:01:30] Colissimo_1_4_1_HookNewOrder.INFO: Order #109 - Carrier details {"id_carrier":"106","id_reference":"3"} []
[2022-02-10 12:01:30] Colissimo_1_4_1_HookNewOrder.INFO: Order #109 - Order Carrier details [{"id_order_carrier":"109","id_order":"109","id_carrier":"106","id_order_invoice":"0","weight":"0.600000","shipping_cost_tax_excl":"5.000000","shipping_cost_tax_incl":"5.000000","tracking_number":"","date_add":"2022-02-10 12:01:30"}] []
[2022-02-10 12:01:30] Colissimo_1_4_1_HookNewOrder.INFO: Order #109 - Carrier type : DOMICILE [] []
[2022-02-10 12:01:30] Colissimo_1_4_1_HookNewOrder.INFO: Order #109 - Colissimo Order created {"obj":{"id_colissimo_order":null,"id_order":109,"id_colissimo_service":5,"id_colissimo_pickup_point":0,"migration":0,"hidden":0,"id":"93","id_shop_list":[],"force_id":false}} []
[2022-02-10 13:58:41] Colissimo_1_4_1_Affranchissement.INFO: Order #109 (PVHIVDROZ) - Generate label [] []
[2022-02-10 13:58:41] Colissimo_1_4_1_Affranchissement.INFO: Order #109 (PVHIVDROZ) - Shipping type: HOME DELIVERY [] []
[2022-02-10 13:58:41] Colissimo_1_4_1_Affranchissement.INFO: Order #109 (PVHIVDROZ) - Request {"request":{"contractNumber":"*****","password":"*****","outputFormat":{"x":0,"y":0,"outputPrintingType":"PDF_A4_300dpi"},"letter":{"service":{"productCode":"DOS","depositDate":"2022-02-10","transportationAmount":500,"orderNumber":"PVHIVDROZ"},"parcel":{"weight":"0.6"},"sender":{"senderParcelRef":"PVHIVDROZ","address":{"companyName":"SAS French Filler","lastName":"LEVY","firstName":"LEVY","line0":"","line1":"","line2":"106 Avenue Kleber","line3":"PHARMACIE DU TROCADERO","countryCode":"FR","city":"PARIS","zipCode":"75116","phoneNumber":"+33622898454","email":"contact@frenchfiller.com"}},"addressee":{"addresseeParcelRef":"PVHIVDROZ","codeBarForReference":true,"address":{"companyName":"","lastName":"Rodgers","firstName":"Brigitte","line2":"7 Rue du ch\u00e2teau d eau","line3":"La pommeraie","countryCode":"FR","city":"Mousseaux-Neuville ","zipCode":"27220","phoneNumber":"0681133890","mobileNumber":"","email":"brigitte.rodgers.agathe@gmail.com"}}},"fields":{"customField":[{"key":"CUSER_INFO_TEXT","value":"PS1.7.7.3;1.4.1"},{"key":"EORI","value":""}]}}} []
[2022-02-10 13:58:42] Colissimo_1_4_1_Affranchissement.INFO: Order #109 (PVHIVDROZ) - Response {"response":{"messages":[{"id":"0","type":"INFOS","messageContent":"La requ\u00eate a \u00e9t\u00e9 trait\u00e9e avec succ\u00e8s","replacementValues":[]}],"labelXmlV2Reponse":null,"labelV2Response":{"parcelNumber":"6C15021266557","parcelNumberPartner":"0027220116C1502126655802250B","pdfUrl":null,"fields":null}}} []
[2022-02-10 13:58:42] Colissimo_1_4_1_Affranchissement.INFO: Send tracking mail for shipment 6C15021266557 [] []
[2022-02-15 05:50:56] Colissimo_1_4_1_HookNewOrder.INFO: Hook newOrder called [] []
[2022-02-15 05:50:56] Colissimo_1_4_1_HookNewOrder.INFO: Order #110 - Carrier details {"id_carrier":"106","id_reference":"3"} []
[2022-02-15 05:50:56] Colissimo_1_4_1_HookNewOrder.INFO: Order #110 - Order Carrier details [{"id_order_carrier":"110","id_order":"110","id_carrier":"106","id_order_invoice":"0","weight":"0.600000","shipping_cost_tax_excl":"5.000000","shipping_cost_tax_incl":"5.000000","tracking_number":"","date_add":"2022-02-15 05:50:55"}] []
[2022-02-15 05:50:56] Colissimo_1_4_1_HookNewOrder.INFO: Order #110 - Carrier type : DOMICILE [] []
[2022-02-15 05:50:56] Colissimo_1_4_1_HookNewOrder.INFO: Order #110 - Colissimo Order created {"obj":{"id_colissimo_order":null,"id_order":110,"id_colissimo_service":5,"id_colissimo_pickup_point":0,"migration":0,"hidden":0,"id":"94","id_shop_list":[],"force_id":false}} []
[2022-02-15 10:19:32] Colissimo_1_4_1_Affranchissement.INFO: Order #110 (FPBECHQQI) - Generate label [] []
[2022-02-15 10:19:32] Colissimo_1_4_1_Affranchissement.INFO: Order #110 (FPBECHQQI) - Shipping type: HOME DELIVERY [] []
[2022-02-15 10:19:32] Colissimo_1_4_1_Affranchissement.INFO: Order #110 (FPBECHQQI) - Request {"request":{"contractNumber":"*****","password":"*****","outputFormat":{"x":0,"y":0,"outputPrintingType":"PDF_A4_300dpi"},"letter":{"service":{"productCode":"DOS","depositDate":"2022-02-15","transportationAmount":500,"orderNumber":"FPBECHQQI"},"parcel":{"weight":"0.75"},"sender":{"senderParcelRef":"FPBECHQQI","address":{"companyName":"SAS French Filler","lastName":"LEVY","firstName":"LEVY","line0":"","line1":"","line2":"106 Avenue Kleber","line3":"PHARMACIE DU TROCADERO","countryCode":"FR","city":"PARIS","zipCode":"75116","phoneNumber":"+33622898454","email":"contact@frenchfiller.com"}},"addressee":{"addresseeParcelRef":"FPBECHQQI","codeBarForReference":true,"address":{"companyName":"","lastName":"TESSLER","firstName":"SARAH WAKS","line2":"10 Rue Ernest Deloison","line3":"","countryCode":"FR","city":"Neuilly-sur-Seine","zipCode":"92200","phoneNumber":"","mobileNumber":"","email":"sarahtess@hotmail.fr"}}},"fields":{"customField":[{"key":"CUSER_INFO_TEXT","value":"PS1.7.7.3;1.4.1"},{"key":"EORI","value":""}]}}} []
[2022-02-15 10:19:33] Colissimo_1_4_1_Affranchissement.INFO: Order #110 (FPBECHQQI) - Response {"response":{"messages":[{"id":"0","type":"INFOS","messageContent":"La requ\u00eate a \u00e9t\u00e9 trait\u00e9e avec succ\u00e8s","replacementValues":[]}],"labelXmlV2Reponse":null,"labelV2Response":{"parcelNumber":"6C15021369517","parcelNumberPartner":"0092200116C1502136951802250A","pdfUrl":null,"fields":null}}} []
[2022-02-15 10:19:34] Colissimo_1_4_1_Affranchissement.INFO: Send tracking mail for shipment 6C15021369517 [] []
[2022-02-23 00:14:55] Colissimo_1_4_1_Dashboard.INFO: Update tracking up to 15 days ago. [] []
[2022-02-23 00:14:56] Colissimo_1_4_1_Dashboard.INFO: Update tracking up to 15 days ago. [] []
[2022-02-23 00:14:56] Colissimo_1_4_1_Dashboard.INFO: Labels to update (3) ["75","76","77"] []
[2022-02-23 00:14:56] Colissimo_1_4_1_Dashboard.INFO: Update label #75 (1/3) [] []
[2022-02-23 00:14:57] Colissimo_1_4_1_Dashboard.INFO: Log XML request {"xml":[{"accountNumber":"****","password":"****","skybillNumber":"6C15014636442"}]} []
[2022-02-23 00:14:57] Colissimo_1_4_1_Dashboard.INFO: Update tracking. [] []
[2022-02-23 00:14:57] Colissimo_1_4_1_Dashboard.INFO: Update order status to "Delivered" [] []
[2022-02-23 00:14:59] Colissimo_1_4_1_Dashboard.INFO: Update label #76 (2/3) [] []
[2022-02-23 00:14:59] Colissimo_1_4_1_Dashboard.INFO: Log XML request {"xml":[{"accountNumber":"****","password":"****","skybillNumber":"6C15021266557"}]} []
[2022-02-23 00:14:59] Colissimo_1_4_1_Dashboard.INFO: Update tracking. [] []
[2022-02-23 00:14:59] Colissimo_1_4_1_Dashboard.INFO: Update order status to "Delivered" [] []
[2022-02-23 00:14:59] Colissimo_1_4_1_Dashboard.INFO: Update label #77 (3/3) [] []
[2022-02-23 00:14:59] Colissimo_1_4_1_Dashboard.INFO: Log XML request {"xml":[{"accountNumber":"****","password":"****","skybillNumber":"6C15021369517"}]} []
[2022-02-23 00:14:59] Colissimo_1_4_1_Dashboard.INFO: Update tracking. [] []
[2022-02-23 00:14:59] Colissimo_1_4_1_Dashboard.INFO: Update order status to "Delivered" [] []
[2022-02-23 17:21:07] Colissimo_1_4_1_HookNewOrder.INFO: Hook newOrder called [] []
[2022-02-23 17:21:07] Colissimo_1_4_1_HookNewOrder.INFO: Order #111 - Carrier details {"id_carrier":"106","id_reference":"3"} []
[2022-02-23 17:21:07] Colissimo_1_4_1_HookNewOrder.INFO: Order #111 - Order Carrier details [{"id_order_carrier":"111","id_order":"111","id_carrier":"106","id_order_invoice":"0","weight":"0.400000","shipping_cost_tax_excl":"5.000000","shipping_cost_tax_incl":"5.000000","tracking_number":"","date_add":"2022-02-23 17:21:07"}] []
[2022-02-23 17:21:07] Colissimo_1_4_1_HookNewOrder.INFO: Order #111 - Carrier type : DOMICILE [] []
[2022-02-23 17:21:07] Colissimo_1_4_1_HookNewOrder.INFO: Order #111 - Colissimo Order created {"obj":{"id_colissimo_order":null,"id_order":111,"id_colissimo_service":5,"id_colissimo_pickup_point":0,"migration":0,"hidden":0,"id":"95","id_shop_list":[],"force_id":false}} []
[2022-02-24 16:49:29] Colissimo_1_4_1_Affranchissement.INFO: Order #111 (BLQKNEWSV) - Generate label [] []
[2022-02-24 16:49:29] Colissimo_1_4_1_Affranchissement.INFO: Order #111 (BLQKNEWSV) - Shipping type: HOME DELIVERY [] []
[2022-02-24 16:49:29] Colissimo_1_4_1_Affranchissement.INFO: Order #111 (BLQKNEWSV) - Request {"request":{"contractNumber":"*****","password":"*****","outputFormat":{"x":0,"y":0,"outputPrintingType":"PDF_A4_300dpi"},"letter":{"service":{"productCode":"DOS","depositDate":"2022-02-24","transportationAmount":500,"orderNumber":"BLQKNEWSV"},"parcel":{"weight":"0.4"},"sender":{"senderParcelRef":"BLQKNEWSV","address":{"companyName":"SAS French Filler","lastName":"LEVY","firstName":"LEVY","line0":"","line1":"","line2":"106 Avenue Kleber","line3":"PHARMACIE DU TROCADERO","countryCode":"FR","city":"PARIS","zipCode":"75116","phoneNumber":"+33622898454","email":"contact@frenchfiller.com"}},"addressee":{"addresseeParcelRef":"BLQKNEWSV","codeBarForReference":true,"address":{"companyName":"","lastName":"Mizrahi","firstName":"Vanessa","line2":"97 rue thiers","line3":"Maison","countryCode":"FR","city":"Boulogne ","zipCode":"92100","phoneNumber":"0522846293","mobileNumber":"","email":"vavouyaniv@hotmail.com"}}},"fields":{"customField":[{"key":"CUSER_INFO_TEXT","value":"PS1.7.7.3;1.4.1"},{"key":"EORI","value":""}]}}} []
[2022-02-24 16:49:32] Colissimo_1_4_1_Affranchissement.ERROR: Exception throw while generating label. "Empty Response." []
[2022-02-24 16:49:59] Colissimo_1_4_1_Affranchissement.INFO: Order #111 (BLQKNEWSV) - Generate label [] []
[2022-02-24 16:49:59] Colissimo_1_4_1_Affranchissement.INFO: Order #111 (BLQKNEWSV) - Shipping type: HOME DELIVERY [] []
[2022-02-24 16:49:59] Colissimo_1_4_1_Affranchissement.INFO: Order #111 (BLQKNEWSV) - Request {"request":{"contractNumber":"*****","password":"*****","outputFormat":{"x":0,"y":0,"outputPrintingType":"PDF_A4_300dpi"},"letter":{"service":{"productCode":"DOS","depositDate":"2022-02-24","transportationAmount":500,"orderNumber":"BLQKNEWSV"},"parcel":{"weight":"0.4"},"sender":{"senderParcelRef":"BLQKNEWSV","address":{"companyName":"SAS French Filler","lastName":"LEVY","firstName":"LEVY","line0":"","line1":"","line2":"106 Avenue Kleber","line3":"PHARMACIE DU TROCADERO","countryCode":"FR","city":"PARIS","zipCode":"75116","phoneNumber":"+33622898454","email":"contact@frenchfiller.com"}},"addressee":{"addresseeParcelRef":"BLQKNEWSV","codeBarForReference":true,"address":{"companyName":"","lastName":"Mizrahi","firstName":"Vanessa","line2":"97 rue thiers","line3":"Maison","countryCode":"FR","city":"Boulogne ","zipCode":"92100","phoneNumber":"0522846293","mobileNumber":"","email":"vavouyaniv@hotmail.com"}}},"fields":{"customField":[{"key":"CUSER_INFO_TEXT","value":"PS1.7.7.3;1.4.1"},{"key":"EORI","value":""}]}}} []
[2022-02-24 16:50:29] Colissimo_1_4_1_Affranchissement.ERROR: Exception throw while generating label. "Empty Response." []
[2022-02-24 16:52:46] Colissimo_1_4_1_Affranchissement.INFO: Order #111 (BLQKNEWSV) - Generate label [] []
[2022-02-24 16:52:46] Colissimo_1_4_1_Affranchissement.INFO: Order #111 (BLQKNEWSV) - Shipping type: HOME DELIVERY [] []
[2022-02-24 16:52:46] Colissimo_1_4_1_Affranchissement.INFO: Order #111 (BLQKNEWSV) - Request {"request":{"contractNumber":"*****","password":"*****","outputFormat":{"x":0,"y":0,"outputPrintingType":"PDF_A4_300dpi"},"letter":{"service":{"productCode":"DOS","depositDate":"2022-02-24","transportationAmount":500,"orderNumber":"BLQKNEWSV"},"parcel":{"weight":"0.4"},"sender":{"senderParcelRef":"BLQKNEWSV","address":{"companyName":"SAS French Filler","lastName":"LEVY","firstName":"LEVY","line0":"","line1":"","line2":"106 Avenue Kleber","line3":"PHARMACIE DU TROCADERO","countryCode":"FR","city":"PARIS","zipCode":"75116","phoneNumber":"+33622898454","email":"contact@frenchfiller.com"}},"addressee":{"addresseeParcelRef":"BLQKNEWSV","codeBarForReference":true,"address":{"companyName":"","lastName":"Mizrahi","firstName":"Vanessa","line2":"97 rue thiers","line3":"","countryCode":"FR","city":"Boulogne","zipCode":"92100","phoneNumber":"0522846293","mobileNumber":"","email":"vavouyaniv@hotmail.com"}}},"fields":{"customField":[{"key":"CUSER_INFO_TEXT","value":"PS1.7.7.3;1.4.1"},{"key":"EORI","value":""}]}}} []
[2022-02-24 16:52:47] Colissimo_1_4_1_Affranchissement.INFO: Order #111 (BLQKNEWSV) - Response {"response":{"messages":[{"id":"0","type":"INFOS","messageContent":"La requ\u00eate a \u00e9t\u00e9 trait\u00e9e avec succ\u00e8s","replacementValues":[]}],"labelXmlV2Reponse":null,"labelV2Response":{"parcelNumber":"6C15035970198","parcelNumberPartner":"0092100116C1503597019802250L","pdfUrl":null,"fields":null}}} []
[2022-02-24 16:52:47] Colissimo_1_4_1_Affranchissement.INFO: Send tracking mail for shipment 6C15035970198 [] []
[2022-02-25 19:00:30] Colissimo_1_4_1_HookNewOrder.INFO: Hook newOrder called [] []
[2022-02-25 19:00:30] Colissimo_1_4_1_HookNewOrder.INFO: Order #112 - Carrier details {"id_carrier":"105","id_reference":"104"} []
[2022-02-25 19:00:30] Colissimo_1_4_1_HookNewOrder.INFO: Order #112 - Order Carrier details [{"id_order_carrier":"112","id_order":"112","id_carrier":"105","id_order_invoice":"0","weight":"0.150000","shipping_cost_tax_excl":"4.000000","shipping_cost_tax_incl":"4.000000","tracking_number":"","date_add":"2022-02-25 19:00:30"}] []
[2022-02-25 19:00:30] Colissimo_1_4_1_HookNewOrder.INFO: Order #112 - Carrier type : RELAIS [] []
[2022-02-25 19:00:30] Colissimo_1_4_1_HookNewOrder.INFO: Order #112 - Colissimo Order created {"obj":{"id_colissimo_order":null,"id_order":112,"id_colissimo_service":11,"id_colissimo_pickup_point":40,"migration":0,"hidden":0,"id":"96","id_shop_list":[],"force_id":false}} []
[2022-02-28 09:33:14] Colissimo_1_4_1_Affranchissement.INFO: Order #112 (RBEMWMAXG) - Generate label [] []
[2022-02-28 09:33:14] Colissimo_1_4_1_Affranchissement.INFO: Order #112 (RBEMWMAXG) - Shipping type: PICKUP POINT DELIVERY [] []
[2022-02-28 09:33:14] Colissimo_1_4_1_Affranchissement.INFO: Order #112 (RBEMWMAXG) - Pickup point ID #485207 [] []
[2022-02-28 09:33:14] Colissimo_1_4_1_Affranchissement.INFO: Order #112 (RBEMWMAXG) - Request {"request":{"contractNumber":"*****","password":"*****","outputFormat":{"x":0,"y":0,"outputPrintingType":"PDF_A4_300dpi"},"letter":{"service":{"productCode":"A2P","depositDate":"2022-02-28","transportationAmount":400,"orderNumber":"RBEMWMAXG","commercialName":"SAS French Filler"},"parcel":{"weight":"0.15","pickupLocationId":"485207"},"sender":{"senderParcelRef":"RBEMWMAXG","address":{"companyName":"SAS French Filler","lastName":"LEVY","firstName":"LEVY","line0":"","line1":"","line2":"106 Avenue Kleber","line3":"PHARMACIE DU TROCADERO","countryCode":"FR","city":"PARIS","zipCode":"75116","phoneNumber":"+33622898454","email":"contact@frenchfiller.com"}},"addressee":{"addresseeParcelRef":"RBEMWMAXG","codeBarForReference":true,"address":{"companyName":"","lastName":"LOCTEAU","firstName":"SYLVIE","line2":"8 rue LAMARTINE","line3":"","countryCode":"FR","city":"LA ROCHELLE","zipCode":"17000","phoneNumber":"","mobileNumber":"+33678610245","email":"sylvielocteau@gmail.com"}}},"fields":{"customField":[{"key":"CUSER_INFO_TEXT","value":"PS1.7.7.3;1.4.1"},{"key":"EORI","value":""}]}}} []
[2022-02-28 09:33:15] Colissimo_1_4_1_Affranchissement.INFO: Order #112 (RBEMWMAXG) - Response {"response":{"messages":[{"id":"0","type":"INFOS","messageContent":"La requ\u00eate a \u00e9t\u00e9 trait\u00e9e avec succ\u00e8s","replacementValues":[]}],"labelXmlV2Reponse":null,"labelV2Response":{"parcelNumber":"6M18195878144","parcelNumberPartner":null,"pdfUrl":null,"fields":null}}} []
[2022-02-28 09:33:17] Colissimo_1_4_1_Affranchissement.INFO: Send tracking mail for shipment 6M18195878144 [] []
[2022-02-28 18:02:43] Colissimo_1_4_1_HookNewOrder.INFO: Hook newOrder called [] []
[2022-02-28 18:02:43] Colissimo_1_4_1_HookNewOrder.INFO: Order #113 - Carrier details {"id_carrier":"18","id_reference":"18"} []
[2022-02-28 18:02:43] Colissimo_1_4_1_HookNewOrder.INFO: Order #113 - Order Carrier details [{"id_order_carrier":"113","id_order":"113","id_carrier":"18","id_order_invoice":"0","weight":"0.700000","shipping_cost_tax_excl":"0.000000","shipping_cost_tax_incl":"0.000000","tracking_number":"","date_add":"2022-02-28 18:02:42"}] []
[2022-02-28 18:02:43] Colissimo_1_4_1_HookNewOrder.INFO: Order #113 - Not a Colissimo Carrier. {"id":18} []
